[3.387s] Invoking command in '/home/chen/Desktop/dev_ws/src/video_stream_client': PYTHONPATH=/home/chen/Desktop/dev_ws/build/video_stream_client/prefix_override:/home/chen/Desktop/dev_ws/install/video_stream_client/lib/python3.10/site-packages:${PYTHONPATH} /usr/bin/python3 -W ignore:setup.py install is deprecated setup.py egg_info --egg-base ../../build/video_stream_client build --build-base /home/chen/Desktop/dev_ws/build/video_stream_client/build install --record /home/chen/Desktop/dev_ws/build/video_stream_client/install.log --single-version-externally-managed install_data
[4.780s] running egg_info
[4.787s] writing ../../build/video_stream_client/video_stream_client.egg-info/PKG-INFO
[4.787s] writing dependency_links to ../../build/video_stream_client/video_stream_client.egg-info/dependency_links.txt
[4.788s] writing entry points to ../../build/video_stream_client/video_stream_client.egg-info/entry_points.txt
[4.788s] writing requirements to ../../build/video_stream_client/video_stream_client.egg-info/requires.txt
[4.788s] writing top-level names to ../../build/video_stream_client/video_stream_client.egg-info/top_level.txt
[4.791s] reading manifest file '../../build/video_stream_client/video_stream_client.egg-info/SOURCES.txt'
[4.800s] writing manifest file '../../build/video_stream_client/video_stream_client.egg-info/SOURCES.txt'
[4.802s] running build
[4.819s] running build_py
[4.825s] copying video_stream_client/image_publisher.py -> /home/chen/Desktop/dev_ws/build/video_stream_client/build/lib/video_stream_client
[4.827s] running install
[4.828s] running install_lib
[4.834s] copying /home/chen/Desktop/dev_ws/build/video_stream_client/build/lib/video_stream_client/image_publisher.py -> /home/chen/Desktop/dev_ws/install/video_stream_client/lib/python3.10/site-packages/video_stream_client
[4.841s] byte-compiling /home/chen/Desktop/dev_ws/install/video_stream_client/lib/python3.10/site-packages/video_stream_client/image_publisher.py to image_publisher.cpython-310.pyc
[4.844s] running install_data
[4.845s] running install_egg_info
[4.849s] removing '/home/chen/Desktop/dev_ws/install/video_stream_client/lib/python3.10/site-packages/video_stream_client-0.0.0-py3.10.egg-info' (and everything under it)
[4.866s] Copying ../../build/video_stream_client/video_stream_client.egg-info to /home/chen/Desktop/dev_ws/install/video_stream_client/lib/python3.10/site-packages/video_stream_client-0.0.0-py3.10.egg-info
[4.868s] running install_scripts
[4.966s] Installing excavator_controller script to /home/chen/Desktop/dev_ws/install/video_stream_client/lib/video_stream_client
[4.973s] Installing image_to_topic script to /home/chen/Desktop/dev_ws/install/video_stream_client/lib/video_stream_client
[4.980s] Installing video_stream_client script to /home/chen/Desktop/dev_ws/install/video_stream_client/lib/video_stream_client
[4.987s] Installing video_to_topic script to /home/chen/Desktop/dev_ws/install/video_stream_client/lib/video_stream_client
[4.993s] writing list of installed files to '/home/chen/Desktop/dev_ws/build/video_stream_client/install.log'
[5.102s] Invoked command in '/home/chen/Desktop/dev_ws/src/video_stream_client' returned '0': PYTHONPATH=/home/chen/Desktop/dev_ws/build/video_stream_client/prefix_override:/home/chen/Desktop/dev_ws/install/video_stream_client/lib/python3.10/site-packages:${PYTHONPATH} /usr/bin/python3 -W ignore:setup.py install is deprecated setup.py egg_info --egg-base ../../build/video_stream_client build --build-base /home/chen/Desktop/dev_ws/build/video_stream_client/build install --record /home/chen/Desktop/dev_ws/build/video_stream_client/install.log --single-version-externally-managed install_data
