[3.813s] Invoking command in '/home/chen/Desktop/dev_ws/src/video_stream_client': PYTHONPATH=/home/chen/Desktop/dev_ws/build/video_stream_client/prefix_override:/home/chen/Desktop/dev_ws/install/video_stream_client/lib/python3.10/site-packages:${PYTHONPATH} /usr/bin/python3 -W ignore:setup.py install is deprecated setup.py egg_info --egg-base ../../build/video_stream_client build --build-base /home/chen/Desktop/dev_ws/build/video_stream_client/build install --record /home/chen/Desktop/dev_ws/build/video_stream_client/install.log --single-version-externally-managed install_data
[5.191s] running egg_info
[5.193s] writing ../../build/video_stream_client/video_stream_client.egg-info/PKG-INFO
[5.195s] writing dependency_links to ../../build/video_stream_client/video_stream_client.egg-info/dependency_links.txt
[5.195s] writing entry points to ../../build/video_stream_client/video_stream_client.egg-info/entry_points.txt
[5.201s] writing requirements to ../../build/video_stream_client/video_stream_client.egg-info/requires.txt
[5.201s] writing top-level names to ../../build/video_stream_client/video_stream_client.egg-info/top_level.txt
[5.208s] reading manifest file '../../build/video_stream_client/video_stream_client.egg-info/SOURCES.txt'
[5.216s] writing manifest file '../../build/video_stream_client/video_stream_client.egg-info/SOURCES.txt'
[5.218s] running build
[5.218s] running build_py
[5.222s] copying video_stream_client/video_to_topic.py -> /home/chen/Desktop/dev_ws/build/video_stream_client/build/lib/video_stream_client
[5.222s] running install
[5.222s] running install_lib
[5.228s] copying /home/chen/Desktop/dev_ws/build/video_stream_client/build/lib/video_stream_client/video_to_topic.py -> /home/chen/Desktop/dev_ws/install/video_stream_client/lib/python3.10/site-packages/video_stream_client
[5.231s] byte-compiling /home/chen/Desktop/dev_ws/install/video_stream_client/lib/python3.10/site-packages/video_stream_client/video_to_topic.py to video_to_topic.cpython-310.pyc
[5.237s] running install_data
[5.237s] running install_egg_info
[5.243s] removing '/home/chen/Desktop/dev_ws/install/video_stream_client/lib/python3.10/site-packages/video_stream_client-0.0.0-py3.10.egg-info' (and everything under it)
[5.250s] Copying ../../build/video_stream_client/video_stream_client.egg-info to /home/chen/Desktop/dev_ws/install/video_stream_client/lib/python3.10/site-packages/video_stream_client-0.0.0-py3.10.egg-info
[5.255s] running install_scripts
[5.312s] Installing excavator_controller script to /home/chen/Desktop/dev_ws/install/video_stream_client/lib/video_stream_client
[5.318s] Installing image_to_topic script to /home/chen/Desktop/dev_ws/install/video_stream_client/lib/video_stream_client
[5.319s] Installing video_stream_client script to /home/chen/Desktop/dev_ws/install/video_stream_client/lib/video_stream_client
[5.319s] Installing video_to_topic script to /home/chen/Desktop/dev_ws/install/video_stream_client/lib/video_stream_client
[5.323s] writing list of installed files to '/home/chen/Desktop/dev_ws/build/video_stream_client/install.log'
[5.382s] Invoked command in '/home/chen/Desktop/dev_ws/src/video_stream_client' returned '0': PYTHONPATH=/home/chen/Desktop/dev_ws/build/video_stream_client/prefix_override:/home/chen/Desktop/dev_ws/install/video_stream_client/lib/python3.10/site-packages:${PYTHONPATH} /usr/bin/python3 -W ignore:setup.py install is deprecated setup.py egg_info --egg-base ../../build/video_stream_client build --build-base /home/chen/Desktop/dev_ws/build/video_stream_client/build install --record /home/chen/Desktop/dev_ws/build/video_stream_client/install.log --single-version-externally-managed install_data
