[3.590s] Invoking command in '/home/chen/Desktop/dev_ws/src/video_stream_client': PYTHONPATH=/home/chen/Desktop/dev_ws/build/video_stream_client/prefix_override:/home/chen/Desktop/dev_ws/install/video_stream_client/lib/python3.10/site-packages:${PYTHONPATH} /usr/bin/python3 -W ignore:setup.py install is deprecated setup.py egg_info --egg-base ../../build/video_stream_client build --build-base /home/chen/Desktop/dev_ws/build/video_stream_client/build install --record /home/chen/Desktop/dev_ws/build/video_stream_client/install.log --single-version-externally-managed install_data
[4.828s] running egg_info
[4.834s] writing ../../build/video_stream_client/video_stream_client.egg-info/PKG-INFO
[4.837s] writing dependency_links to ../../build/video_stream_client/video_stream_client.egg-info/dependency_links.txt
[4.843s] writing entry points to ../../build/video_stream_client/video_stream_client.egg-info/entry_points.txt
[4.855s] writing requirements to ../../build/video_stream_client/video_stream_client.egg-info/requires.txt
[4.860s] writing top-level names to ../../build/video_stream_client/video_stream_client.egg-info/top_level.txt
[4.877s] reading manifest file '../../build/video_stream_client/video_stream_client.egg-info/SOURCES.txt'
[4.900s] writing manifest file '../../build/video_stream_client/video_stream_client.egg-info/SOURCES.txt'
[4.901s] running build
[4.902s] running build_py
[4.910s] copying video_stream_client/video_to_topic.py -> /home/chen/Desktop/dev_ws/build/video_stream_client/build/lib/video_stream_client
[4.913s] running install
[4.913s] running install_lib
[4.928s] copying /home/chen/Desktop/dev_ws/build/video_stream_client/build/lib/video_stream_client/video_to_topic.py -> /home/chen/Desktop/dev_ws/install/video_stream_client/lib/python3.10/site-packages/video_stream_client
[4.932s] byte-compiling /home/chen/Desktop/dev_ws/install/video_stream_client/lib/python3.10/site-packages/video_stream_client/video_to_topic.py to video_to_topic.cpython-310.pyc
[4.934s] running install_data
[4.935s] running install_egg_info
[4.941s] removing '/home/chen/Desktop/dev_ws/install/video_stream_client/lib/python3.10/site-packages/video_stream_client-0.0.0-py3.10.egg-info' (and everything under it)
[4.954s] Copying ../../build/video_stream_client/video_stream_client.egg-info to /home/chen/Desktop/dev_ws/install/video_stream_client/lib/python3.10/site-packages/video_stream_client-0.0.0-py3.10.egg-info
[4.964s] running install_scripts
[5.061s] Installing excavator_controller script to /home/chen/Desktop/dev_ws/install/video_stream_client/lib/video_stream_client
[5.068s] Installing image_to_topic script to /home/chen/Desktop/dev_ws/install/video_stream_client/lib/video_stream_client
[5.068s] Installing video_stream_client script to /home/chen/Desktop/dev_ws/install/video_stream_client/lib/video_stream_client
[5.069s] Installing video_to_topic script to /home/chen/Desktop/dev_ws/install/video_stream_client/lib/video_stream_client
[5.069s] writing list of installed files to '/home/chen/Desktop/dev_ws/build/video_stream_client/install.log'
[5.142s] Invoked command in '/home/chen/Desktop/dev_ws/src/video_stream_client' returned '0': PYTHONPATH=/home/chen/Desktop/dev_ws/build/video_stream_client/prefix_override:/home/chen/Desktop/dev_ws/install/video_stream_client/lib/python3.10/site-packages:${PYTHONPATH} /usr/bin/python3 -W ignore:setup.py install is deprecated setup.py egg_info --egg-base ../../build/video_stream_client build --build-base /home/chen/Desktop/dev_ws/build/video_stream_client/build install --record /home/chen/Desktop/dev_ws/build/video_stream_client/install.log --single-version-externally-managed install_data
