[2.752s] Invoking command in '/home/chen/Desktop/dev_ws/build/video_stream_package': PYTHONPATH=/home/chen/Desktop/dev_ws/build/video_stream_package/prefix_override:/home/chen/Desktop/dev_ws/install/video_stream_package/lib/python3.10/site-packages:${PYTHONPATH} /usr/bin/python3 -W ignore:setup.py install is deprecated setup.py develop --editable --build-directory /home/chen/Desktop/dev_ws/build/video_stream_package/build --no-deps symlink_data --force
[3.588s] running develop
[3.590s] /usr/lib/python3/dist-packages/setuptools/command/easy_install.py:158: EasyInstallDeprecationWarning: easy_install command is deprecated. Use build and pip and other standards-based tools.
[3.591s]   warnings.warn(
[4.079s] running egg_info
[4.079s] writing video_stream_package.egg-info/PKG-INFO
[4.090s] writing dependency_links to video_stream_package.egg-info/dependency_links.txt
[4.090s] writing entry points to video_stream_package.egg-info/entry_points.txt
[4.090s] writing requirements to video_stream_package.egg-info/requires.txt
[4.091s] writing top-level names to video_stream_package.egg-info/top_level.txt
[4.099s] reading manifest file 'video_stream_package.egg-info/SOURCES.txt'
[4.106s] writing manifest file 'video_stream_package.egg-info/SOURCES.txt'
[4.111s] running build_ext
[4.111s] Creating /home/chen/Desktop/dev_ws/install/video_stream_package/lib/python3.10/site-packages/video-stream-package.egg-link (link to .)
[4.120s] Installing video_stream_node script to /home/chen/Desktop/dev_ws/install/video_stream_package/lib/video_stream_package
[4.122s] 
[4.122s] Installed /home/chen/Desktop/dev_ws/build/video_stream_package
[4.123s] running symlink_data
[4.131s] symbolically linking /home/chen/Desktop/dev_ws/build/video_stream_package/resource/video_stream_package -> /home/chen/Desktop/dev_ws/install/video_stream_package/share/ament_index/resource_index/packages
[4.131s] symbolically linking /home/chen/Desktop/dev_ws/build/video_stream_package/package.xml -> /home/chen/Desktop/dev_ws/install/video_stream_package/share/video_stream_package
[4.203s] Invoked command in '/home/chen/Desktop/dev_ws/build/video_stream_package' returned '0': PYTHONPATH=/home/chen/Desktop/dev_ws/build/video_stream_package/prefix_override:/home/chen/Desktop/dev_ws/install/video_stream_package/lib/python3.10/site-packages:${PYTHONPATH} /usr/bin/python3 -W ignore:setup.py install is deprecated setup.py develop --editable --build-directory /home/chen/Desktop/dev_ws/build/video_stream_package/build --no-deps symlink_data --force
