[3.540s] Invoking command in '/home/chen/Desktop/dev_ws/src/my_robot_controller': PYTHONPATH=/home/chen/Desktop/dev_ws/build/my_robot_controller/prefix_override:/home/chen/Desktop/dev_ws/install/my_robot_controller/lib/python3.10/site-packages:${PYTHONPATH} /usr/bin/python3 -W ignore:setup.py install is deprecated setup.py egg_info --egg-base ../../build/my_robot_controller build --build-base /home/chen/Desktop/dev_ws/build/my_robot_controller/build install --record /home/chen/Desktop/dev_ws/build/my_robot_controller/install.log --single-version-externally-managed install_data
[4.421s] running egg_info
[4.423s] creating ../../build/my_robot_controller/my_robot_controller.egg-info
[4.425s] writing ../../build/my_robot_controller/my_robot_controller.egg-info/PKG-INFO
[4.427s] writing dependency_links to ../../build/my_robot_controller/my_robot_controller.egg-info/dependency_links.txt
[4.429s] writing entry points to ../../build/my_robot_controller/my_robot_controller.egg-info/entry_points.txt
[4.432s] writing requirements to ../../build/my_robot_controller/my_robot_controller.egg-info/requires.txt
[4.444s] writing top-level names to ../../build/my_robot_controller/my_robot_controller.egg-info/top_level.txt
[4.445s] writing manifest file '../../build/my_robot_controller/my_robot_controller.egg-info/SOURCES.txt'
[4.465s] reading manifest file '../../build/my_robot_controller/my_robot_controller.egg-info/SOURCES.txt'
[4.470s] writing manifest file '../../build/my_robot_controller/my_robot_controller.egg-info/SOURCES.txt'
[4.484s] running build
[4.484s] running build_py
[4.489s] creating /home/chen/Desktop/dev_ws/build/my_robot_controller/build
[4.489s] creating /home/chen/Desktop/dev_ws/build/my_robot_controller/build/lib
[4.513s] creating /home/chen/Desktop/dev_ws/build/my_robot_controller/build/lib/my_robot_controller
[4.525s] copying my_robot_controller/__init__.py -> /home/chen/Desktop/dev_ws/build/my_robot_controller/build/lib/my_robot_controller
[4.528s] running install
[4.528s] running install_lib
[4.529s] creating /home/chen/Desktop/dev_ws/install/my_robot_controller/lib/python3.10/site-packages/my_robot_controller
[4.529s] copying /home/chen/Desktop/dev_ws/build/my_robot_controller/build/lib/my_robot_controller/__init__.py -> /home/chen/Desktop/dev_ws/install/my_robot_controller/lib/python3.10/site-packages/my_robot_controller
[4.529s] byte-compiling /home/chen/Desktop/dev_ws/install/my_robot_controller/lib/python3.10/site-packages/my_robot_controller/__init__.py to __init__.cpython-310.pyc
[4.530s] running install_data
[4.530s] creating /home/chen/Desktop/dev_ws/install/my_robot_controller/share/ament_index
[4.530s] creating /home/chen/Desktop/dev_ws/install/my_robot_controller/share/ament_index/resource_index
[4.531s] creating /home/chen/Desktop/dev_ws/install/my_robot_controller/share/ament_index/resource_index/packages
[4.531s] copying resource/my_robot_controller -> /home/chen/Desktop/dev_ws/install/my_robot_controller/share/ament_index/resource_index/packages
[4.550s] copying package.xml -> /home/chen/Desktop/dev_ws/install/my_robot_controller/share/my_robot_controller
[4.559s] running install_egg_info
[4.560s] Copying ../../build/my_robot_controller/my_robot_controller.egg-info to /home/chen/Desktop/dev_ws/install/my_robot_controller/lib/python3.10/site-packages/my_robot_controller-0.0.0-py3.10.egg-info
[4.561s] running install_scripts
[4.692s] writing list of installed files to '/home/chen/Desktop/dev_ws/build/my_robot_controller/install.log'
[4.978s] Invoked command in '/home/chen/Desktop/dev_ws/src/my_robot_controller' returned '0': PYTHONPATH=/home/chen/Desktop/dev_ws/build/my_robot_controller/prefix_override:/home/chen/Desktop/dev_ws/install/my_robot_controller/lib/python3.10/site-packages:${PYTHONPATH} /usr/bin/python3 -W ignore:setup.py install is deprecated setup.py egg_info --egg-base ../../build/my_robot_controller build --build-base /home/chen/Desktop/dev_ws/build/my_robot_controller/build install --record /home/chen/Desktop/dev_ws/build/my_robot_controller/install.log --single-version-externally-managed install_data
