[0.384s] DEBUG:colcon:Command line arguments: ['/usr/bin/colcon', 'build']
[0.385s] DEBUG:colcon:Parsed command line arguments: Namespace(log_base=None, log_level=None, verb_name='build', build_base='build', install_base='install', merge_install=False, symlink_install=False, test_result_base=None, continue_on_error=False, executor='parallel', parallel_workers=2, event_handlers=None, ignore_user_meta=False, metas=['./colcon.meta'], base_paths=['.'], packages_ignore=None, packages_ignore_regex=None, paths=None, packages_up_to=None, packages_up_to_regex=None, packages_above=None, packages_above_and_dependencies=None, packages_above_depth=None, packages_select_by_dep=None, packages_skip_by_dep=None, packages_skip_up_to=None, packages_select_build_failed=False, packages_skip_build_finished=False, packages_select_test_failures=False, packages_skip_test_passed=False, packages_select=None, packages_skip=None, packages_select_regex=None, packages_skip_regex=None, packages_start=None, packages_end=None, allow_overriding=[], cmake_args=None, cmake_target=None, cmake_target_skip_unavailable=False, cmake_clean_cache=False, cmake_clean_first=False, cmake_force_configure=False, ament_cmake_args=None, catkin_cmake_args=None, catkin_skip_building_tests=False, verb_parser=<colcon_defaults.argument_parser.defaults.DefaultArgumentsDecorator object at 0x76dc37c102e0>, verb_extension=<colcon_core.verb.build.BuildVerb object at 0x76dc37ddfd90>, main=<bound method BuildVerb.main of <colcon_core.verb.build.BuildVerb object at 0x76dc37ddfd90>>)
[0.909s] Level 1:colcon.colcon_core.package_discovery:discover_packages(colcon_meta) check parameters
[0.909s] Level 1:colcon.colcon_core.package_discovery:discover_packages(recursive) check parameters
[0.909s] Level 1:colcon.colcon_core.package_discovery:discover_packages(ignore) check parameters
[0.909s] Level 1:colcon.colcon_core.package_discovery:discover_packages(path) check parameters
[0.909s] Level 1:colcon.colcon_core.package_discovery:discover_packages(colcon_meta) discover
[0.909s] Level 1:colcon.colcon_core.package_discovery:discover_packages(recursive) discover
[0.909s] INFO:colcon.colcon_core.package_discovery:Crawling recursively for packages in '/home/chen/Desktop/dev_ws'
[0.910s] Level 1:colcon.colcon_core.package_identification:_identify(.) by extensions ['ignore', 'ignore_ament_install']
[0.910s] Level 1:colcon.colcon_core.package_identification:_identify(.) by extension 'ignore'
[0.910s] Level 1:colcon.colcon_core.package_identification:_identify(.) by extension 'ignore_ament_install'
[0.910s] Level 1:colcon.colcon_core.package_identification:_identify(.) by extensions ['colcon_pkg']
[0.910s] Level 1:colcon.colcon_core.package_identification:_identify(.) by extension 'colcon_pkg'
[0.910s] Level 1:colcon.colcon_core.package_identification:_identify(.) by extensions ['colcon_meta']
[0.910s] Level 1:colcon.colcon_core.package_identification:_identify(.) by extension 'colcon_meta'
[0.910s] Level 1:colcon.colcon_core.package_identification:_identify(.) by extensions ['ros']
[0.911s] Level 1:colcon.colcon_core.package_identification:_identify(.) by extension 'ros'
[0.944s] Level 1:colcon.colcon_core.package_identification:_identify(.) by extensions ['cmake', 'python']
[0.949s] Level 1:colcon.colcon_core.package_identification:_identify(.) by extension 'cmake'
[0.950s] Level 1:colcon.colcon_core.package_identification:_identify(.) by extension 'python'
[0.955s] Level 1:colcon.colcon_core.package_identification:_identify(.) by extensions ['python_setup_py']
[0.956s] Level 1:colcon.colcon_core.package_identification:_identify(.) by extension 'python_setup_py'
[0.959s] Level 1:colcon.colcon_core.package_identification:_identify(build) by extensions ['ignore', 'ignore_ament_install']
[0.960s] Level 1:colcon.colcon_core.package_identification:_identify(build) by extension 'ignore'
[0.960s] Level 1:colcon.colcon_core.package_identification:_identify(build) ignored
[0.961s] Level 1:colcon.colcon_core.package_identification:_identify(install) by extensions ['ignore', 'ignore_ament_install']
[0.966s] Level 1:colcon.colcon_core.package_identification:_identify(install) by extension 'ignore'
[0.966s] Level 1:colcon.colcon_core.package_identification:_identify(install) ignored
[0.966s] Level 1:colcon.colcon_core.package_identification:_identify(log) by extensions ['ignore', 'ignore_ament_install']
[0.967s] Level 1:colcon.colcon_core.package_identification:_identify(log) by extension 'ignore'
[0.967s] Level 1:colcon.colcon_core.package_identification:_identify(log) ignored
[0.967s] Level 1:colcon.colcon_core.package_identification:_identify(src) by extensions ['ignore', 'ignore_ament_install']
[0.967s] Level 1:colcon.colcon_core.package_identification:_identify(src) by extension 'ignore'
[0.967s] Level 1:colcon.colcon_core.package_identification:_identify(src) by extension 'ignore_ament_install'
[0.968s] Level 1:colcon.colcon_core.package_identification:_identify(src) by extensions ['colcon_pkg']
[0.968s] Level 1:colcon.colcon_core.package_identification:_identify(src) by extension 'colcon_pkg'
[0.968s] Level 1:colcon.colcon_core.package_identification:_identify(src) by extensions ['colcon_meta']
[0.968s] Level 1:colcon.colcon_core.package_identification:_identify(src) by extension 'colcon_meta'
[0.968s] Level 1:colcon.colcon_core.package_identification:_identify(src) by extensions ['ros']
[0.968s] Level 1:colcon.colcon_core.package_identification:_identify(src) by extension 'ros'
[0.969s] Level 1:colcon.colcon_core.package_identification:_identify(src) by extensions ['cmake', 'python']
[0.969s] Level 1:colcon.colcon_core.package_identification:_identify(src) by extension 'cmake'
[0.969s] Level 1:colcon.colcon_core.package_identification:_identify(src) by extension 'python'
[0.969s] Level 1:colcon.colcon_core.package_identification:_identify(src) by extensions ['python_setup_py']
[0.969s] Level 1:colcon.colcon_core.package_identification:_identify(src) by extension 'python_setup_py'
[0.969s] Level 1:colcon.colcon_core.package_identification:_identify(src/ffmpeg_image_transport) by extensions ['ignore', 'ignore_ament_install']
[0.969s] Level 1:colcon.colcon_core.package_identification:_identify(src/ffmpeg_image_transport) by extension 'ignore'
[0.970s] Level 1:colcon.colcon_core.package_identification:_identify(src/ffmpeg_image_transport) by extension 'ignore_ament_install'
[0.970s] Level 1:colcon.colcon_core.package_identification:_identify(src/ffmpeg_image_transport) by extensions ['colcon_pkg']
[0.970s] Level 1:colcon.colcon_core.package_identification:_identify(src/ffmpeg_image_transport) by extension 'colcon_pkg'
[0.970s] Level 1:colcon.colcon_core.package_identification:_identify(src/ffmpeg_image_transport) by extensions ['colcon_meta']
[0.970s] Level 1:colcon.colcon_core.package_identification:_identify(src/ffmpeg_image_transport) by extension 'colcon_meta'
[0.970s] Level 1:colcon.colcon_core.package_identification:_identify(src/ffmpeg_image_transport) by extensions ['ros']
[0.970s] Level 1:colcon.colcon_core.package_identification:_identify(src/ffmpeg_image_transport) by extension 'ros'
[0.982s] DEBUG:colcon.colcon_core.package_identification:Package 'src/ffmpeg_image_transport' with type 'ros.ament_cmake' and name 'ffmpeg_image_transport'
[0.983s] Level 1:colcon.colcon_core.package_identification:_identify(src/my_robot_controller) by extensions ['ignore', 'ignore_ament_install']
[0.983s] Level 1:colcon.colcon_core.package_identification:_identify(src/my_robot_controller) by extension 'ignore'
[0.984s] Level 1:colcon.colcon_core.package_identification:_identify(src/my_robot_controller) by extension 'ignore_ament_install'
[0.984s] Level 1:colcon.colcon_core.package_identification:_identify(src/my_robot_controller) by extensions ['colcon_pkg']
[0.984s] Level 1:colcon.colcon_core.package_identification:_identify(src/my_robot_controller) by extension 'colcon_pkg'
[0.989s] Level 1:colcon.colcon_core.package_identification:_identify(src/my_robot_controller) by extensions ['colcon_meta']
[0.989s] Level 1:colcon.colcon_core.package_identification:_identify(src/my_robot_controller) by extension 'colcon_meta'
[0.989s] Level 1:colcon.colcon_core.package_identification:_identify(src/my_robot_controller) by extensions ['ros']
[0.990s] Level 1:colcon.colcon_core.package_identification:_identify(src/my_robot_controller) by extension 'ros'
[0.992s] DEBUG:colcon.colcon_core.package_identification:Package 'src/my_robot_controller' with type 'ros.ament_python' and name 'my_robot_controller'
[0.993s] Level 1:colcon.colcon_core.package_discovery:discover_packages(recursive) using defaults
[0.994s] Level 1:colcon.colcon_core.package_discovery:discover_packages(ignore) discover
[0.994s] Level 1:colcon.colcon_core.package_discovery:discover_packages(ignore) using defaults
[0.994s] Level 1:colcon.colcon_core.package_discovery:discover_packages(path) discover
[0.995s] Level 1:colcon.colcon_core.package_discovery:discover_packages(path) using defaults
[1.067s] Level 1:colcon.colcon_core.package_discovery:discover_packages(prefix_path) check parameters
[1.067s] Level 1:colcon.colcon_core.package_discovery:discover_packages(prefix_path) discover
[1.075s] WARNING:colcon.colcon_ros.prefix_path.ament:The path '/opt/ros/humble' in the environment variable AMENT_PREFIX_PATH doesn't exist
[1.085s] DEBUG:colcon.colcon_installed_package_information.package_discovery:Found 4 installed packages in /home/chen/Desktop/dev_ws/install
[1.094s] Level 1:colcon.colcon_core.package_discovery:discover_packages(prefix_path) using defaults
[1.114s] Level 5:colcon.colcon_core.verb:set package 'ffmpeg_image_transport' build argument 'cmake_args' from command line to 'None'
[1.115s] Level 5:colcon.colcon_core.verb:set package 'ffmpeg_image_transport' build argument 'cmake_target' from command line to 'None'
[1.115s] Level 5:colcon.colcon_core.verb:set package 'ffmpeg_image_transport' build argument 'cmake_target_skip_unavailable' from command line to 'False'
[1.115s] Level 5:colcon.colcon_core.verb:set package 'ffmpeg_image_transport' build argument 'cmake_clean_cache' from command line to 'False'
[1.115s] Level 5:colcon.colcon_core.verb:set package 'ffmpeg_image_transport' build argument 'cmake_clean_first' from command line to 'False'
[1.115s] Level 5:colcon.colcon_core.verb:set package 'ffmpeg_image_transport' build argument 'cmake_force_configure' from command line to 'False'
[1.115s] Level 5:colcon.colcon_core.verb:set package 'ffmpeg_image_transport' build argument 'ament_cmake_args' from command line to 'None'
[1.116s] Level 5:colcon.colcon_core.verb:set package 'ffmpeg_image_transport' build argument 'catkin_cmake_args' from command line to 'None'
[1.116s] Level 5:colcon.colcon_core.verb:set package 'ffmpeg_image_transport' build argument 'catkin_skip_building_tests' from command line to 'False'
[1.116s] DEBUG:colcon.colcon_core.verb:Building package 'ffmpeg_image_transport' with the following arguments: {'ament_cmake_args': None, 'build_base': '/home/chen/Desktop/dev_ws/build/ffmpeg_image_transport', 'catkin_cmake_args': None, 'catkin_skip_building_tests': False, 'cmake_args': None, 'cmake_clean_cache': False, 'cmake_clean_first': False, 'cmake_force_configure': False, 'cmake_target': None, 'cmake_target_skip_unavailable': False, 'install_base': '/home/chen/Desktop/dev_ws/install/ffmpeg_image_transport', 'merge_install': False, 'path': '/home/chen/Desktop/dev_ws/src/ffmpeg_image_transport', 'symlink_install': False, 'test_result_base': None}
[1.117s] Level 5:colcon.colcon_core.verb:set package 'my_robot_controller' build argument 'cmake_args' from command line to 'None'
[1.117s] Level 5:colcon.colcon_core.verb:set package 'my_robot_controller' build argument 'cmake_target' from command line to 'None'
[1.117s] Level 5:colcon.colcon_core.verb:set package 'my_robot_controller' build argument 'cmake_target_skip_unavailable' from command line to 'False'
[1.117s] Level 5:colcon.colcon_core.verb:set package 'my_robot_controller' build argument 'cmake_clean_cache' from command line to 'False'
[1.117s] Level 5:colcon.colcon_core.verb:set package 'my_robot_controller' build argument 'cmake_clean_first' from command line to 'False'
[1.117s] Level 5:colcon.colcon_core.verb:set package 'my_robot_controller' build argument 'cmake_force_configure' from command line to 'False'
[1.117s] Level 5:colcon.colcon_core.verb:set package 'my_robot_controller' build argument 'ament_cmake_args' from command line to 'None'
[1.117s] Level 5:colcon.colcon_core.verb:set package 'my_robot_controller' build argument 'catkin_cmake_args' from command line to 'None'
[1.117s] Level 5:colcon.colcon_core.verb:set package 'my_robot_controller' build argument 'catkin_skip_building_tests' from command line to 'False'
[1.118s] DEBUG:colcon.colcon_core.verb:Building package 'my_robot_controller' with the following arguments: {'ament_cmake_args': None, 'build_base': '/home/chen/Desktop/dev_ws/build/my_robot_controller', 'catkin_cmake_args': None, 'catkin_skip_building_tests': False, 'cmake_args': None, 'cmake_clean_cache': False, 'cmake_clean_first': False, 'cmake_force_configure': False, 'cmake_target': None, 'cmake_target_skip_unavailable': False, 'install_base': '/home/chen/Desktop/dev_ws/install/my_robot_controller', 'merge_install': False, 'path': '/home/chen/Desktop/dev_ws/src/my_robot_controller', 'symlink_install': False, 'test_result_base': None}
[1.118s] INFO:colcon.colcon_core.executor:Executing jobs using 'parallel' executor
[1.124s] DEBUG:colcon.colcon_parallel_executor.executor.parallel:run_until_complete
[1.124s] INFO:colcon.colcon_ros.task.ament_cmake.build:Building ROS package in '/home/chen/Desktop/dev_ws/src/ffmpeg_image_transport' with build type 'ament_cmake'
[1.124s] INFO:colcon.colcon_cmake.task.cmake.build:Building CMake package in '/home/chen/Desktop/dev_ws/src/ffmpeg_image_transport'
[1.150s] INFO:colcon.colcon_core.plugin_system:Skipping extension 'colcon_core.shell.bat': Not used on non-Windows systems
[1.150s] INFO:colcon.colcon_core.shell:Skip shell extension 'powershell' for command environment: Not usable outside of PowerShell
[1.150s] DEBUG:colcon.colcon_core.shell:Skip shell extension 'dsv' for command environment
[1.207s] INFO:colcon.colcon_ros.task.ament_python.build:Building ROS package in '/home/chen/Desktop/dev_ws/src/my_robot_controller' with build type 'ament_python'
[1.207s] Level 1:colcon.colcon_core.shell:create_environment_hook('my_robot_controller', 'ament_prefix_path')
[1.208s] INFO:colcon.colcon_core.shell:Creating environment hook '/home/chen/Desktop/dev_ws/install/my_robot_controller/share/my_robot_controller/hook/ament_prefix_path.ps1'
[1.209s] INFO:colcon.colcon_core.shell:Creating environment descriptor '/home/chen/Desktop/dev_ws/install/my_robot_controller/share/my_robot_controller/hook/ament_prefix_path.dsv'
[1.215s] INFO:colcon.colcon_core.shell:Creating environment hook '/home/chen/Desktop/dev_ws/install/my_robot_controller/share/my_robot_controller/hook/ament_prefix_path.sh'
[1.217s] INFO:colcon.colcon_core.shell:Skip shell extension 'powershell' for command environment: Not usable outside of PowerShell
[1.217s] DEBUG:colcon.colcon_core.shell:Skip shell extension 'dsv' for command environment
[1.280s] DEBUG:colcon.colcon_core.event_handler.log_command:Invoking command in '/home/chen/Desktop/dev_ws/build/ffmpeg_image_transport': CMAKE_PREFIX_PATH=${CMAKE_PREFIX_PATH}:/home/chen/Desktop/dev_ws/install/video_stream_package:/home/chen/Desktop/dev_ws/install/my_robot_controller:/opt/ros/humble /usr/bin/cmake /home/chen/Desktop/dev_ws/src/ffmpeg_image_transport -DCMAKE_INSTALL_PREFIX=/home/chen/Desktop/dev_ws/install/ffmpeg_image_transport
[2.366s] INFO:colcon.colcon_core.task.python.build:Building Python package in '/home/chen/Desktop/dev_ws/src/my_robot_controller'
[2.366s] INFO:colcon.colcon_core.shell:Skip shell extension 'powershell' for command environment: Not usable outside of PowerShell
[2.366s] DEBUG:colcon.colcon_core.shell:Skip shell extension 'dsv' for command environment
[2.391s] DEBUG:colcon.colcon_core.event_handler.log_command:Invoked command in '/home/chen/Desktop/dev_ws/build/ffmpeg_image_transport' returned '1': CMAKE_PREFIX_PATH=${CMAKE_PREFIX_PATH}:/home/chen/Desktop/dev_ws/install/video_stream_package:/home/chen/Desktop/dev_ws/install/my_robot_controller:/opt/ros/humble /usr/bin/cmake /home/chen/Desktop/dev_ws/src/ffmpeg_image_transport -DCMAKE_INSTALL_PREFIX=/home/chen/Desktop/dev_ws/install/ffmpeg_image_transport
[2.661s] Level 1:colcon.colcon_core.environment:create_environment_scripts_only(ffmpeg_image_transport)
[2.668s] Level 1:colcon.colcon_core.environment:checking '/home/chen/Desktop/dev_ws/install/ffmpeg_image_transport' for CMake module files
[2.671s] Level 1:colcon.colcon_core.environment:checking '/home/chen/Desktop/dev_ws/install/ffmpeg_image_transport' for CMake config files
[2.686s] Level 1:colcon.colcon_core.shell:create_environment_hook('ffmpeg_image_transport', 'cmake_prefix_path')
[2.688s] INFO:colcon.colcon_core.shell:Creating environment hook '/home/chen/Desktop/dev_ws/install/ffmpeg_image_transport/share/ffmpeg_image_transport/hook/cmake_prefix_path.ps1'
[2.701s] INFO:colcon.colcon_core.shell:Creating environment descriptor '/home/chen/Desktop/dev_ws/install/ffmpeg_image_transport/share/ffmpeg_image_transport/hook/cmake_prefix_path.dsv'
[2.705s] INFO:colcon.colcon_core.shell:Creating environment hook '/home/chen/Desktop/dev_ws/install/ffmpeg_image_transport/share/ffmpeg_image_transport/hook/cmake_prefix_path.sh'
[2.733s] Level 1:colcon.colcon_core.environment:checking '/home/chen/Desktop/dev_ws/install/ffmpeg_image_transport/lib'
[2.733s] Level 1:colcon.colcon_core.shell:create_environment_hook('ffmpeg_image_transport', 'ld_library_path_lib')
[2.734s] INFO:colcon.colcon_core.shell:Creating environment hook '/home/chen/Desktop/dev_ws/install/ffmpeg_image_transport/share/ffmpeg_image_transport/hook/ld_library_path_lib.ps1'
[2.755s] INFO:colcon.colcon_core.shell:Creating environment descriptor '/home/chen/Desktop/dev_ws/install/ffmpeg_image_transport/share/ffmpeg_image_transport/hook/ld_library_path_lib.dsv'
[2.757s] INFO:colcon.colcon_core.shell:Creating environment hook '/home/chen/Desktop/dev_ws/install/ffmpeg_image_transport/share/ffmpeg_image_transport/hook/ld_library_path_lib.sh'
[2.767s] Level 1:colcon.colcon_core.environment:checking '/home/chen/Desktop/dev_ws/install/ffmpeg_image_transport/bin'
[2.767s] Level 1:colcon.colcon_core.shell:create_environment_hook('ffmpeg_image_transport', 'path')
[2.768s] INFO:colcon.colcon_core.shell:Creating environment hook '/home/chen/Desktop/dev_ws/install/ffmpeg_image_transport/share/ffmpeg_image_transport/hook/path.ps1'
[2.784s] INFO:colcon.colcon_core.shell:Creating environment descriptor '/home/chen/Desktop/dev_ws/install/ffmpeg_image_transport/share/ffmpeg_image_transport/hook/path.dsv'
[2.785s] INFO:colcon.colcon_core.shell:Creating environment hook '/home/chen/Desktop/dev_ws/install/ffmpeg_image_transport/share/ffmpeg_image_transport/hook/path.sh'
[2.786s] Level 1:colcon.colcon_core.environment:checking '/home/chen/Desktop/dev_ws/install/ffmpeg_image_transport/lib/pkgconfig/ffmpeg_image_transport.pc'
[2.787s] Level 1:colcon.colcon_core.environment:checking '/home/chen/Desktop/dev_ws/install/ffmpeg_image_transport/lib/python3.10/site-packages'
[2.799s] Level 1:colcon.colcon_core.environment:checking '/home/chen/Desktop/dev_ws/install/ffmpeg_image_transport/bin'
[2.800s] Level 1:colcon.colcon_core.shell:create_environment_hook('ffmpeg_image_transport', 'pythonscriptspath')
[2.800s] INFO:colcon.colcon_core.shell:Creating environment hook '/home/chen/Desktop/dev_ws/install/ffmpeg_image_transport/share/ffmpeg_image_transport/hook/pythonscriptspath.ps1'
[2.802s] INFO:colcon.colcon_core.shell:Creating environment descriptor '/home/chen/Desktop/dev_ws/install/ffmpeg_image_transport/share/ffmpeg_image_transport/hook/pythonscriptspath.dsv'
[2.807s] INFO:colcon.colcon_core.shell:Creating environment hook '/home/chen/Desktop/dev_ws/install/ffmpeg_image_transport/share/ffmpeg_image_transport/hook/pythonscriptspath.sh'
[2.810s] INFO:colcon.colcon_core.shell:Creating package script '/home/chen/Desktop/dev_ws/install/ffmpeg_image_transport/share/ffmpeg_image_transport/package.ps1'
[2.827s] INFO:colcon.colcon_core.shell:Creating package descriptor '/home/chen/Desktop/dev_ws/install/ffmpeg_image_transport/share/ffmpeg_image_transport/package.dsv'
[2.829s] INFO:colcon.colcon_core.shell:Creating package script '/home/chen/Desktop/dev_ws/install/ffmpeg_image_transport/share/ffmpeg_image_transport/package.sh'
[2.830s] INFO:colcon.colcon_core.shell:Creating package script '/home/chen/Desktop/dev_ws/install/ffmpeg_image_transport/share/ffmpeg_image_transport/package.bash'
[2.832s] INFO:colcon.colcon_core.shell:Creating package script '/home/chen/Desktop/dev_ws/install/ffmpeg_image_transport/share/ffmpeg_image_transport/package.zsh'
[2.833s] Level 1:colcon.colcon_core.environment:create_file_with_runtime_dependencies(/home/chen/Desktop/dev_ws/install/ffmpeg_image_transport/share/colcon-core/packages/ffmpeg_image_transport)
[4.204s] DEBUG:colcon.colcon_parallel_executor.executor.parallel:closing loop
[4.204s] DEBUG:colcon.colcon_parallel_executor.executor.parallel:loop closed
[4.204s] DEBUG:colcon.colcon_parallel_executor.executor.parallel:run_until_complete finished with '1'
[4.205s] DEBUG:colcon.colcon_core.event_reactor:joining thread
[4.265s] INFO:colcon.colcon_core.plugin_system:Skipping extension 'colcon_notification.desktop_notification.terminal_notifier': Not used on non-Darwin systems
[4.270s] INFO:colcon.colcon_core.plugin_system:Skipping extension 'colcon_notification.desktop_notification.win32': Not used on non-Windows systems
[4.270s] INFO:colcon.colcon_notification.desktop_notification:Sending desktop notification using 'notify2'
[4.350s] DEBUG:colcon.colcon_core.event_reactor:joined thread
[4.350s] INFO:colcon.colcon_core.shell:Creating prefix script '/home/chen/Desktop/dev_ws/install/local_setup.ps1'
[4.352s] INFO:colcon.colcon_core.shell:Creating prefix util module '/home/chen/Desktop/dev_ws/install/_local_setup_util_ps1.py'
[4.363s] INFO:colcon.colcon_core.shell:Creating prefix chain script '/home/chen/Desktop/dev_ws/install/setup.ps1'
[4.373s] INFO:colcon.colcon_core.shell:Creating prefix script '/home/chen/Desktop/dev_ws/install/local_setup.sh'
[4.389s] INFO:colcon.colcon_core.shell:Creating prefix util module '/home/chen/Desktop/dev_ws/install/_local_setup_util_sh.py'
[4.393s] INFO:colcon.colcon_core.shell:Creating prefix chain script '/home/chen/Desktop/dev_ws/install/setup.sh'
[4.402s] INFO:colcon.colcon_core.shell:Creating prefix script '/home/chen/Desktop/dev_ws/install/local_setup.bash'
[4.406s] INFO:colcon.colcon_core.shell:Creating prefix chain script '/home/chen/Desktop/dev_ws/install/setup.bash'
[4.423s] INFO:colcon.colcon_core.shell:Creating prefix script '/home/chen/Desktop/dev_ws/install/local_setup.zsh'
[4.425s] INFO:colcon.colcon_core.shell:Creating prefix chain script '/home/chen/Desktop/dev_ws/install/setup.zsh'
