[0.359s] DEBUG:colcon:Command line arguments: ['/usr/bin/colcon', 'build']
[0.360s] DEBUG:colcon:Parsed command line arguments: Namespace(log_base=None, log_level=None, verb_name='build', build_base='build', install_base='install', merge_install=False, symlink_install=False, test_result_base=None, continue_on_error=False, executor='parallel', parallel_workers=2, event_handlers=None, ignore_user_meta=False, metas=['./colcon.meta'], base_paths=['.'], packages_ignore=None, packages_ignore_regex=None, paths=None, packages_up_to=None, packages_up_to_regex=None, packages_above=None, packages_above_and_dependencies=None, packages_above_depth=None, packages_select_by_dep=None, packages_skip_by_dep=None, packages_skip_up_to=None, packages_select_build_failed=False, packages_skip_build_finished=False, packages_select_test_failures=False, packages_skip_test_passed=False, packages_select=None, packages_skip=None, packages_select_regex=None, packages_skip_regex=None, packages_start=None, packages_end=None, allow_overriding=[], cmake_args=None, cmake_target=None, cmake_target_skip_unavailable=False, cmake_clean_cache=False, cmake_clean_first=False, cmake_force_configure=False, ament_cmake_args=None, catkin_cmake_args=None, catkin_skip_building_tests=False, verb_parser=<colcon_defaults.argument_parser.defaults.DefaultArgumentsDecorator object at 0x7b0123513af0>, verb_extension=<colcon_core.verb.build.BuildVerb object at 0x7b01235135e0>, main=<bound method BuildVerb.main of <colcon_core.verb.build.BuildVerb object at 0x7b01235135e0>>)
[0.971s] Level 1:colcon.colcon_core.package_discovery:discover_packages(colcon_meta) check parameters
[0.972s] Level 1:colcon.colcon_core.package_discovery:discover_packages(recursive) check parameters
[0.973s] Level 1:colcon.colcon_core.package_discovery:discover_packages(ignore) check parameters
[0.974s] Level 1:colcon.colcon_core.package_discovery:discover_packages(path) check parameters
[0.974s] Level 1:colcon.colcon_core.package_discovery:discover_packages(colcon_meta) discover
[0.975s] Level 1:colcon.colcon_core.package_discovery:discover_packages(recursive) discover
[0.975s] INFO:colcon.colcon_core.package_discovery:Crawling recursively for packages in '/home/chen/Desktop/dev_ws'
[0.976s] Level 1:colcon.colcon_core.package_identification:_identify(.) by extensions ['ignore', 'ignore_ament_install']
[0.977s] Level 1:colcon.colcon_core.package_identification:_identify(.) by extension 'ignore'
[0.977s] Level 1:colcon.colcon_core.package_identification:_identify(.) by extension 'ignore_ament_install'
[0.978s] Level 1:colcon.colcon_core.package_identification:_identify(.) by extensions ['colcon_pkg']
[0.978s] Level 1:colcon.colcon_core.package_identification:_identify(.) by extension 'colcon_pkg'
[0.979s] Level 1:colcon.colcon_core.package_identification:_identify(.) by extensions ['colcon_meta']
[0.979s] Level 1:colcon.colcon_core.package_identification:_identify(.) by extension 'colcon_meta'
[0.979s] Level 1:colcon.colcon_core.package_identification:_identify(.) by extensions ['ros']
[0.980s] Level 1:colcon.colcon_core.package_identification:_identify(.) by extension 'ros'
[1.009s] Level 1:colcon.colcon_core.package_identification:_identify(.) by extensions ['cmake', 'python']
[1.010s] Level 1:colcon.colcon_core.package_identification:_identify(.) by extension 'cmake'
[1.010s] Level 1:colcon.colcon_core.package_identification:_identify(.) by extension 'python'
[1.011s] Level 1:colcon.colcon_core.package_identification:_identify(.) by extensions ['python_setup_py']
[1.011s] Level 1:colcon.colcon_core.package_identification:_identify(.) by extension 'python_setup_py'
[1.012s] Level 1:colcon.colcon_core.package_identification:_identify(build) by extensions ['ignore', 'ignore_ament_install']
[1.013s] Level 1:colcon.colcon_core.package_identification:_identify(build) by extension 'ignore'
[1.013s] Level 1:colcon.colcon_core.package_identification:_identify(build) ignored
[1.014s] Level 1:colcon.colcon_core.package_identification:_identify(install) by extensions ['ignore', 'ignore_ament_install']
[1.014s] Level 1:colcon.colcon_core.package_identification:_identify(install) by extension 'ignore'
[1.015s] Level 1:colcon.colcon_core.package_identification:_identify(install) ignored
[1.016s] Level 1:colcon.colcon_core.package_identification:_identify(log) by extensions ['ignore', 'ignore_ament_install']
[1.016s] Level 1:colcon.colcon_core.package_identification:_identify(log) by extension 'ignore'
[1.016s] Level 1:colcon.colcon_core.package_identification:_identify(log) ignored
[1.017s] Level 1:colcon.colcon_core.package_identification:_identify(src) by extensions ['ignore', 'ignore_ament_install']
[1.018s] Level 1:colcon.colcon_core.package_identification:_identify(src) by extension 'ignore'
[1.018s] Level 1:colcon.colcon_core.package_identification:_identify(src) by extension 'ignore_ament_install'
[1.019s] Level 1:colcon.colcon_core.package_identification:_identify(src) by extensions ['colcon_pkg']
[1.019s] Level 1:colcon.colcon_core.package_identification:_identify(src) by extension 'colcon_pkg'
[1.020s] Level 1:colcon.colcon_core.package_identification:_identify(src) by extensions ['colcon_meta']
[1.020s] Level 1:colcon.colcon_core.package_identification:_identify(src) by extension 'colcon_meta'
[1.021s] Level 1:colcon.colcon_core.package_identification:_identify(src) by extensions ['ros']
[1.021s] Level 1:colcon.colcon_core.package_identification:_identify(src) by extension 'ros'
[1.022s] Level 1:colcon.colcon_core.package_identification:_identify(src) by extensions ['cmake', 'python']
[1.022s] Level 1:colcon.colcon_core.package_identification:_identify(src) by extension 'cmake'
[1.023s] Level 1:colcon.colcon_core.package_identification:_identify(src) by extension 'python'
[1.023s] Level 1:colcon.colcon_core.package_identification:_identify(src) by extensions ['python_setup_py']
[1.024s] Level 1:colcon.colcon_core.package_identification:_identify(src) by extension 'python_setup_py'
[1.025s] Level 1:colcon.colcon_core.package_identification:_identify(src/my_robot_controller) by extensions ['ignore', 'ignore_ament_install']
[1.025s] Level 1:colcon.colcon_core.package_identification:_identify(src/my_robot_controller) by extension 'ignore'
[1.025s] Level 1:colcon.colcon_core.package_identification:_identify(src/my_robot_controller) by extension 'ignore_ament_install'
[1.026s] Level 1:colcon.colcon_core.package_identification:_identify(src/my_robot_controller) by extensions ['colcon_pkg']
[1.027s] Level 1:colcon.colcon_core.package_identification:_identify(src/my_robot_controller) by extension 'colcon_pkg'
[1.027s] Level 1:colcon.colcon_core.package_identification:_identify(src/my_robot_controller) by extensions ['colcon_meta']
[1.027s] Level 1:colcon.colcon_core.package_identification:_identify(src/my_robot_controller) by extension 'colcon_meta'
[1.028s] Level 1:colcon.colcon_core.package_identification:_identify(src/my_robot_controller) by extensions ['ros']
[1.028s] Level 1:colcon.colcon_core.package_identification:_identify(src/my_robot_controller) by extension 'ros'
[1.033s] DEBUG:colcon.colcon_core.package_identification:Package 'src/my_robot_controller' with type 'ros.ament_python' and name 'my_robot_controller'
[1.034s] Level 1:colcon.colcon_core.package_identification:_identify(src/video_stream_client) by extensions ['ignore', 'ignore_ament_install']
[1.035s] Level 1:colcon.colcon_core.package_identification:_identify(src/video_stream_client) by extension 'ignore'
[1.035s] Level 1:colcon.colcon_core.package_identification:_identify(src/video_stream_client) by extension 'ignore_ament_install'
[1.036s] Level 1:colcon.colcon_core.package_identification:_identify(src/video_stream_client) by extensions ['colcon_pkg']
[1.036s] Level 1:colcon.colcon_core.package_identification:_identify(src/video_stream_client) by extension 'colcon_pkg'
[1.037s] Level 1:colcon.colcon_core.package_identification:_identify(src/video_stream_client) by extensions ['colcon_meta']
[1.037s] Level 1:colcon.colcon_core.package_identification:_identify(src/video_stream_client) by extension 'colcon_meta'
[1.038s] Level 1:colcon.colcon_core.package_identification:_identify(src/video_stream_client) by extensions ['ros']
[1.038s] Level 1:colcon.colcon_core.package_identification:_identify(src/video_stream_client) by extension 'ros'
[1.040s] DEBUG:colcon.colcon_core.package_identification:Package 'src/video_stream_client' with type 'ros.ament_python' and name 'video_stream_client'
[1.040s] Level 1:colcon.colcon_core.package_discovery:discover_packages(recursive) using defaults
[1.041s] Level 1:colcon.colcon_core.package_discovery:discover_packages(ignore) discover
[1.041s] Level 1:colcon.colcon_core.package_discovery:discover_packages(ignore) using defaults
[1.042s] Level 1:colcon.colcon_core.package_discovery:discover_packages(path) discover
[1.042s] Level 1:colcon.colcon_core.package_discovery:discover_packages(path) using defaults
[1.097s] Level 1:colcon.colcon_core.package_discovery:discover_packages(prefix_path) check parameters
[1.097s] Level 1:colcon.colcon_core.package_discovery:discover_packages(prefix_path) discover
[1.104s] DEBUG:colcon.colcon_installed_package_information.package_discovery:Found 4 installed packages in /home/chen/Desktop/dev_ws/install
[1.113s] DEBUG:colcon.colcon_installed_package_information.package_discovery:Found 270 installed packages in /opt/ros/humble
[1.117s] Level 1:colcon.colcon_core.package_discovery:discover_packages(prefix_path) using defaults
[1.223s] Level 5:colcon.colcon_core.verb:set package 'my_robot_controller' build argument 'cmake_args' from command line to 'None'
[1.224s] Level 5:colcon.colcon_core.verb:set package 'my_robot_controller' build argument 'cmake_target' from command line to 'None'
[1.224s] Level 5:colcon.colcon_core.verb:set package 'my_robot_controller' build argument 'cmake_target_skip_unavailable' from command line to 'False'
[1.225s] Level 5:colcon.colcon_core.verb:set package 'my_robot_controller' build argument 'cmake_clean_cache' from command line to 'False'
[1.225s] Level 5:colcon.colcon_core.verb:set package 'my_robot_controller' build argument 'cmake_clean_first' from command line to 'False'
[1.225s] Level 5:colcon.colcon_core.verb:set package 'my_robot_controller' build argument 'cmake_force_configure' from command line to 'False'
[1.226s] Level 5:colcon.colcon_core.verb:set package 'my_robot_controller' build argument 'ament_cmake_args' from command line to 'None'
[1.226s] Level 5:colcon.colcon_core.verb:set package 'my_robot_controller' build argument 'catkin_cmake_args' from command line to 'None'
[1.227s] Level 5:colcon.colcon_core.verb:set package 'my_robot_controller' build argument 'catkin_skip_building_tests' from command line to 'False'
[1.227s] DEBUG:colcon.colcon_core.verb:Building package 'my_robot_controller' with the following arguments: {'ament_cmake_args': None, 'build_base': '/home/chen/Desktop/dev_ws/build/my_robot_controller', 'catkin_cmake_args': None, 'catkin_skip_building_tests': False, 'cmake_args': None, 'cmake_clean_cache': False, 'cmake_clean_first': False, 'cmake_force_configure': False, 'cmake_target': None, 'cmake_target_skip_unavailable': False, 'install_base': '/home/chen/Desktop/dev_ws/install/my_robot_controller', 'merge_install': False, 'path': '/home/chen/Desktop/dev_ws/src/my_robot_controller', 'symlink_install': False, 'test_result_base': None}
[1.228s] Level 5:colcon.colcon_core.verb:set package 'video_stream_client' build argument 'cmake_args' from command line to 'None'
[1.229s] Level 5:colcon.colcon_core.verb:set package 'video_stream_client' build argument 'cmake_target' from command line to 'None'
[1.229s] Level 5:colcon.colcon_core.verb:set package 'video_stream_client' build argument 'cmake_target_skip_unavailable' from command line to 'False'
[1.229s] Level 5:colcon.colcon_core.verb:set package 'video_stream_client' build argument 'cmake_clean_cache' from command line to 'False'
[1.230s] Level 5:colcon.colcon_core.verb:set package 'video_stream_client' build argument 'cmake_clean_first' from command line to 'False'
[1.230s] Level 5:colcon.colcon_core.verb:set package 'video_stream_client' build argument 'cmake_force_configure' from command line to 'False'
[1.231s] Level 5:colcon.colcon_core.verb:set package 'video_stream_client' build argument 'ament_cmake_args' from command line to 'None'
[1.231s] Level 5:colcon.colcon_core.verb:set package 'video_stream_client' build argument 'catkin_cmake_args' from command line to 'None'
[1.232s] Level 5:colcon.colcon_core.verb:set package 'video_stream_client' build argument 'catkin_skip_building_tests' from command line to 'False'
[1.232s] DEBUG:colcon.colcon_core.verb:Building package 'video_stream_client' with the following arguments: {'ament_cmake_args': None, 'build_base': '/home/chen/Desktop/dev_ws/build/video_stream_client', 'catkin_cmake_args': None, 'catkin_skip_building_tests': False, 'cmake_args': None, 'cmake_clean_cache': False, 'cmake_clean_first': False, 'cmake_force_configure': False, 'cmake_target': None, 'cmake_target_skip_unavailable': False, 'install_base': '/home/chen/Desktop/dev_ws/install/video_stream_client', 'merge_install': False, 'path': '/home/chen/Desktop/dev_ws/src/video_stream_client', 'symlink_install': False, 'test_result_base': None}
[1.233s] INFO:colcon.colcon_core.executor:Executing jobs using 'parallel' executor
[1.237s] DEBUG:colcon.colcon_parallel_executor.executor.parallel:run_until_complete
[1.238s] INFO:colcon.colcon_ros.task.ament_python.build:Building ROS package in '/home/chen/Desktop/dev_ws/src/my_robot_controller' with build type 'ament_python'
[1.239s] Level 1:colcon.colcon_core.shell:create_environment_hook('my_robot_controller', 'ament_prefix_path')
[1.245s] INFO:colcon.colcon_core.plugin_system:Skipping extension 'colcon_core.shell.bat': Not used on non-Windows systems
[1.246s] INFO:colcon.colcon_core.shell:Creating environment hook '/home/chen/Desktop/dev_ws/install/my_robot_controller/share/my_robot_controller/hook/ament_prefix_path.ps1'
[1.251s] INFO:colcon.colcon_core.shell:Creating environment descriptor '/home/chen/Desktop/dev_ws/install/my_robot_controller/share/my_robot_controller/hook/ament_prefix_path.dsv'
[1.256s] INFO:colcon.colcon_core.shell:Creating environment hook '/home/chen/Desktop/dev_ws/install/my_robot_controller/share/my_robot_controller/hook/ament_prefix_path.sh'
[1.263s] INFO:colcon.colcon_core.shell:Skip shell extension 'powershell' for command environment: Not usable outside of PowerShell
[1.263s] DEBUG:colcon.colcon_core.shell:Skip shell extension 'dsv' for command environment
[1.298s] INFO:colcon.colcon_ros.task.ament_python.build:Building ROS package in '/home/chen/Desktop/dev_ws/src/video_stream_client' with build type 'ament_python'
[1.298s] Level 1:colcon.colcon_core.shell:create_environment_hook('video_stream_client', 'ament_prefix_path')
[1.299s] INFO:colcon.colcon_core.shell:Creating environment hook '/home/chen/Desktop/dev_ws/install/video_stream_client/share/video_stream_client/hook/ament_prefix_path.ps1'
[1.300s] INFO:colcon.colcon_core.shell:Creating environment descriptor '/home/chen/Desktop/dev_ws/install/video_stream_client/share/video_stream_client/hook/ament_prefix_path.dsv'
[1.301s] INFO:colcon.colcon_core.shell:Creating environment hook '/home/chen/Desktop/dev_ws/install/video_stream_client/share/video_stream_client/hook/ament_prefix_path.sh'
[1.304s] INFO:colcon.colcon_core.shell:Skip shell extension 'powershell' for command environment: Not usable outside of PowerShell
[1.306s] DEBUG:colcon.colcon_core.shell:Skip shell extension 'dsv' for command environment
[2.329s] INFO:colcon.colcon_core.task.python.build:Building Python package in '/home/chen/Desktop/dev_ws/src/my_robot_controller'
[2.330s] INFO:colcon.colcon_core.shell:Skip shell extension 'powershell' for command environment: Not usable outside of PowerShell
[2.330s] DEBUG:colcon.colcon_core.shell:Skip shell extension 'dsv' for command environment
[3.189s] INFO:colcon.colcon_core.task.python.build:Building Python package in '/home/chen/Desktop/dev_ws/src/video_stream_client'
[3.190s] INFO:colcon.colcon_core.shell:Skip shell extension 'powershell' for command environment: Not usable outside of PowerShell
[3.190s] DEBUG:colcon.colcon_core.shell:Skip shell extension 'dsv' for command environment
[4.581s] DEBUG:colcon.colcon_core.event_handler.log_command:Invoking command in '/home/chen/Desktop/dev_ws/build/my_robot_controller': PYTHONPATH=/home/chen/Desktop/dev_ws/build/my_robot_controller/prefix_override:/home/chen/Desktop/dev_ws/install/my_robot_controller/lib/python3.10/site-packages:${PYTHONPATH} /usr/bin/python3 -W ignore:setup.py install is deprecated setup.py develop --uninstall --editable --build-directory /home/chen/Desktop/dev_ws/build/my_robot_controller/build
[4.610s] DEBUG:colcon.colcon_core.event_handler.log_command:Invoking command in '/home/chen/Desktop/dev_ws/src/video_stream_client': PYTHONPATH=/home/chen/Desktop/dev_ws/build/video_stream_client/prefix_override:/home/chen/Desktop/dev_ws/install/video_stream_client/lib/python3.10/site-packages:${PYTHONPATH} /usr/bin/python3 -W ignore:setup.py install is deprecated setup.py egg_info --egg-base ../../build/video_stream_client build --build-base /home/chen/Desktop/dev_ws/build/video_stream_client/build install --record /home/chen/Desktop/dev_ws/build/video_stream_client/install.log --single-version-externally-managed install_data
[6.192s] DEBUG:colcon.colcon_core.event_handler.log_command:Invoked command in '/home/chen/Desktop/dev_ws/src/video_stream_client' returned '0': PYTHONPATH=/home/chen/Desktop/dev_ws/build/video_stream_client/prefix_override:/home/chen/Desktop/dev_ws/install/video_stream_client/lib/python3.10/site-packages:${PYTHONPATH} /usr/bin/python3 -W ignore:setup.py install is deprecated setup.py egg_info --egg-base ../../build/video_stream_client build --build-base /home/chen/Desktop/dev_ws/build/video_stream_client/build install --record /home/chen/Desktop/dev_ws/build/video_stream_client/install.log --single-version-externally-managed install_data
[6.200s] Level 1:colcon.colcon_core.environment:checking '/home/chen/Desktop/dev_ws/install/video_stream_client' for CMake module files
[6.201s] Level 1:colcon.colcon_core.environment:checking '/home/chen/Desktop/dev_ws/install/video_stream_client' for CMake config files
[6.212s] Level 1:colcon.colcon_core.environment:checking '/home/chen/Desktop/dev_ws/install/video_stream_client/lib'
[6.213s] Level 1:colcon.colcon_core.environment:checking '/home/chen/Desktop/dev_ws/install/video_stream_client/bin'
[6.213s] Level 1:colcon.colcon_core.environment:checking '/home/chen/Desktop/dev_ws/install/video_stream_client/lib/pkgconfig/video_stream_client.pc'
[6.213s] Level 1:colcon.colcon_core.environment:checking '/home/chen/Desktop/dev_ws/install/video_stream_client/lib/python3.10/site-packages'
[6.215s] Level 1:colcon.colcon_core.shell:create_environment_hook('video_stream_client', 'pythonpath')
[6.216s] INFO:colcon.colcon_core.shell:Creating environment hook '/home/chen/Desktop/dev_ws/install/video_stream_client/share/video_stream_client/hook/pythonpath.ps1'
[6.232s] INFO:colcon.colcon_core.shell:Creating environment descriptor '/home/chen/Desktop/dev_ws/install/video_stream_client/share/video_stream_client/hook/pythonpath.dsv'
[6.233s] INFO:colcon.colcon_core.shell:Creating environment hook '/home/chen/Desktop/dev_ws/install/video_stream_client/share/video_stream_client/hook/pythonpath.sh'
[6.235s] Level 1:colcon.colcon_core.environment:checking '/home/chen/Desktop/dev_ws/install/video_stream_client/bin'
[6.235s] Level 1:colcon.colcon_core.environment:create_environment_scripts_only(video_stream_client)
[6.236s] INFO:colcon.colcon_core.shell:Creating package script '/home/chen/Desktop/dev_ws/install/video_stream_client/share/video_stream_client/package.ps1'
[6.238s] INFO:colcon.colcon_core.shell:Creating package descriptor '/home/chen/Desktop/dev_ws/install/video_stream_client/share/video_stream_client/package.dsv'
[6.240s] INFO:colcon.colcon_core.shell:Creating package script '/home/chen/Desktop/dev_ws/install/video_stream_client/share/video_stream_client/package.sh'
[6.241s] INFO:colcon.colcon_core.shell:Creating package script '/home/chen/Desktop/dev_ws/install/video_stream_client/share/video_stream_client/package.bash'
[6.254s] INFO:colcon.colcon_core.shell:Creating package script '/home/chen/Desktop/dev_ws/install/video_stream_client/share/video_stream_client/package.zsh'
[6.256s] Level 1:colcon.colcon_core.environment:create_file_with_runtime_dependencies(/home/chen/Desktop/dev_ws/install/video_stream_client/share/colcon-core/packages/video_stream_client)
[6.721s] DEBUG:colcon.colcon_core.event_handler.log_command:Invoked command in '/home/chen/Desktop/dev_ws/build/my_robot_controller' returned '0': PYTHONPATH=/home/chen/Desktop/dev_ws/build/my_robot_controller/prefix_override:/home/chen/Desktop/dev_ws/install/my_robot_controller/lib/python3.10/site-packages:${PYTHONPATH} /usr/bin/python3 -W ignore:setup.py install is deprecated setup.py develop --uninstall --editable --build-directory /home/chen/Desktop/dev_ws/build/my_robot_controller/build
[6.725s] DEBUG:colcon.colcon_core.event_handler.log_command:Invoking command in '/home/chen/Desktop/dev_ws/src/my_robot_controller': PYTHONPATH=/home/chen/Desktop/dev_ws/build/my_robot_controller/prefix_override:/home/chen/Desktop/dev_ws/install/my_robot_controller/lib/python3.10/site-packages:${PYTHONPATH} /usr/bin/python3 -W ignore:setup.py install is deprecated setup.py egg_info --egg-base ../../build/my_robot_controller build --build-base /home/chen/Desktop/dev_ws/build/my_robot_controller/build install --record /home/chen/Desktop/dev_ws/build/my_robot_controller/install.log --single-version-externally-managed install_data --force
[7.849s] Level 1:colcon.colcon_core.environment:checking '/home/chen/Desktop/dev_ws/install/my_robot_controller' for CMake module files
[7.851s] Level 1:colcon.colcon_core.environment:checking '/home/chen/Desktop/dev_ws/install/my_robot_controller' for CMake config files
[7.854s] Level 1:colcon.colcon_core.environment:checking '/home/chen/Desktop/dev_ws/install/my_robot_controller/lib'
[7.854s] Level 1:colcon.colcon_core.environment:checking '/home/chen/Desktop/dev_ws/install/my_robot_controller/bin'
[7.869s] DEBUG:colcon.colcon_core.event_handler.log_command:Invoked command in '/home/chen/Desktop/dev_ws/src/my_robot_controller' returned '0': PYTHONPATH=/home/chen/Desktop/dev_ws/build/my_robot_controller/prefix_override:/home/chen/Desktop/dev_ws/install/my_robot_controller/lib/python3.10/site-packages:${PYTHONPATH} /usr/bin/python3 -W ignore:setup.py install is deprecated setup.py egg_info --egg-base ../../build/my_robot_controller build --build-base /home/chen/Desktop/dev_ws/build/my_robot_controller/build install --record /home/chen/Desktop/dev_ws/build/my_robot_controller/install.log --single-version-externally-managed install_data --force
[7.869s] Level 1:colcon.colcon_core.environment:checking '/home/chen/Desktop/dev_ws/install/my_robot_controller/lib/pkgconfig/my_robot_controller.pc'
[7.870s] Level 1:colcon.colcon_core.environment:checking '/home/chen/Desktop/dev_ws/install/my_robot_controller/lib/python3.10/site-packages'
[7.870s] Level 1:colcon.colcon_core.shell:create_environment_hook('my_robot_controller', 'pythonpath')
[7.873s] INFO:colcon.colcon_core.shell:Creating environment hook '/home/chen/Desktop/dev_ws/install/my_robot_controller/share/my_robot_controller/hook/pythonpath.ps1'
[7.875s] INFO:colcon.colcon_core.shell:Creating environment descriptor '/home/chen/Desktop/dev_ws/install/my_robot_controller/share/my_robot_controller/hook/pythonpath.dsv'
[7.877s] INFO:colcon.colcon_core.shell:Creating environment hook '/home/chen/Desktop/dev_ws/install/my_robot_controller/share/my_robot_controller/hook/pythonpath.sh'
[7.879s] Level 1:colcon.colcon_core.environment:checking '/home/chen/Desktop/dev_ws/install/my_robot_controller/bin'
[7.879s] Level 1:colcon.colcon_core.environment:create_environment_scripts_only(my_robot_controller)
[7.879s] INFO:colcon.colcon_core.shell:Creating package script '/home/chen/Desktop/dev_ws/install/my_robot_controller/share/my_robot_controller/package.ps1'
[7.881s] INFO:colcon.colcon_core.shell:Creating package descriptor '/home/chen/Desktop/dev_ws/install/my_robot_controller/share/my_robot_controller/package.dsv'
[7.891s] INFO:colcon.colcon_core.shell:Creating package script '/home/chen/Desktop/dev_ws/install/my_robot_controller/share/my_robot_controller/package.sh'
[7.893s] INFO:colcon.colcon_core.shell:Creating package script '/home/chen/Desktop/dev_ws/install/my_robot_controller/share/my_robot_controller/package.bash'
[7.894s] INFO:colcon.colcon_core.shell:Creating package script '/home/chen/Desktop/dev_ws/install/my_robot_controller/share/my_robot_controller/package.zsh'
[7.895s] Level 1:colcon.colcon_core.environment:create_file_with_runtime_dependencies(/home/chen/Desktop/dev_ws/install/my_robot_controller/share/colcon-core/packages/my_robot_controller)
[7.900s] DEBUG:colcon.colcon_parallel_executor.executor.parallel:closing loop
[7.900s] DEBUG:colcon.colcon_parallel_executor.executor.parallel:loop closed
[7.900s] DEBUG:colcon.colcon_parallel_executor.executor.parallel:run_until_complete finished with '0'
[7.902s] DEBUG:colcon.colcon_core.event_reactor:joining thread
[7.927s] INFO:colcon.colcon_core.plugin_system:Skipping extension 'colcon_notification.desktop_notification.terminal_notifier': Not used on non-Darwin systems
[7.927s] INFO:colcon.colcon_core.plugin_system:Skipping extension 'colcon_notification.desktop_notification.win32': Not used on non-Windows systems
[7.928s] INFO:colcon.colcon_notification.desktop_notification:Sending desktop notification using 'notify2'
[8.001s] DEBUG:colcon.colcon_core.event_reactor:joined thread
[8.001s] INFO:colcon.colcon_core.shell:Creating prefix script '/home/chen/Desktop/dev_ws/install/local_setup.ps1'
[8.008s] INFO:colcon.colcon_core.shell:Creating prefix util module '/home/chen/Desktop/dev_ws/install/_local_setup_util_ps1.py'
[8.012s] INFO:colcon.colcon_core.shell:Creating prefix chain script '/home/chen/Desktop/dev_ws/install/setup.ps1'
[8.019s] INFO:colcon.colcon_core.shell:Creating prefix script '/home/chen/Desktop/dev_ws/install/local_setup.sh'
[8.025s] INFO:colcon.colcon_core.shell:Creating prefix util module '/home/chen/Desktop/dev_ws/install/_local_setup_util_sh.py'
[8.029s] INFO:colcon.colcon_core.shell:Creating prefix chain script '/home/chen/Desktop/dev_ws/install/setup.sh'
[8.042s] INFO:colcon.colcon_core.shell:Creating prefix script '/home/chen/Desktop/dev_ws/install/local_setup.bash'
[8.044s] INFO:colcon.colcon_core.shell:Creating prefix chain script '/home/chen/Desktop/dev_ws/install/setup.bash'
[8.051s] INFO:colcon.colcon_core.shell:Creating prefix script '/home/chen/Desktop/dev_ws/install/local_setup.zsh'
[8.059s] INFO:colcon.colcon_core.shell:Creating prefix chain script '/home/chen/Desktop/dev_ws/install/setup.zsh'
