[0.264s] DEBUG:colcon:Command line arguments: ['/usr/bin/colcon', 'build']
[0.264s] DEBUG:colcon:Parsed command line arguments: Namespace(log_base=None, log_level=None, verb_name='build', build_base='build', install_base='install', merge_install=False, symlink_install=False, test_result_base=None, continue_on_error=False, executor='parallel', parallel_workers=2, event_handlers=None, ignore_user_meta=False, metas=['./colcon.meta'], base_paths=['.'], packages_ignore=None, packages_ignore_regex=None, paths=None, packages_up_to=None, packages_up_to_regex=None, packages_above=None, packages_above_and_dependencies=None, packages_above_depth=None, packages_select_by_dep=None, packages_skip_by_dep=None, packages_skip_up_to=None, packages_select_build_failed=False, packages_skip_build_finished=False, packages_select_test_failures=False, packages_skip_test_passed=False, packages_select=None, packages_skip=None, packages_select_regex=None, packages_skip_regex=None, packages_start=None, packages_end=None, allow_overriding=[], cmake_args=None, cmake_target=None, cmake_target_skip_unavailable=False, cmake_clean_cache=False, cmake_clean_first=False, cmake_force_configure=False, ament_cmake_args=None, catkin_cmake_args=None, catkin_skip_building_tests=False, verb_parser=<colcon_defaults.argument_parser.defaults.DefaultArgumentsDecorator object at 0x77b115d4b8b0>, verb_extension=<colcon_core.verb.build.BuildVerb object at 0x77b115d4b3a0>, main=<bound method BuildVerb.main of <colcon_core.verb.build.BuildVerb object at 0x77b115d4b3a0>>)
[0.779s] Level 1:colcon.colcon_core.package_discovery:discover_packages(colcon_meta) check parameters
[0.779s] Level 1:colcon.colcon_core.package_discovery:discover_packages(recursive) check parameters
[0.779s] Level 1:colcon.colcon_core.package_discovery:discover_packages(ignore) check parameters
[0.779s] Level 1:colcon.colcon_core.package_discovery:discover_packages(path) check parameters
[0.779s] Level 1:colcon.colcon_core.package_discovery:discover_packages(colcon_meta) discover
[0.781s] Level 1:colcon.colcon_core.package_discovery:discover_packages(recursive) discover
[0.781s] INFO:colcon.colcon_core.package_discovery:Crawling recursively for packages in '/home/chen/Desktop/dev_ws'
[0.781s] Level 1:colcon.colcon_core.package_identification:_identify(.) by extensions ['ignore', 'ignore_ament_install']
[0.781s] Level 1:colcon.colcon_core.package_identification:_identify(.) by extension 'ignore'
[0.782s] Level 1:colcon.colcon_core.package_identification:_identify(.) by extension 'ignore_ament_install'
[0.782s] Level 1:colcon.colcon_core.package_identification:_identify(.) by extensions ['colcon_pkg']
[0.782s] Level 1:colcon.colcon_core.package_identification:_identify(.) by extension 'colcon_pkg'
[0.782s] Level 1:colcon.colcon_core.package_identification:_identify(.) by extensions ['colcon_meta']
[0.782s] Level 1:colcon.colcon_core.package_identification:_identify(.) by extension 'colcon_meta'
[0.782s] Level 1:colcon.colcon_core.package_identification:_identify(.) by extensions ['ros']
[0.783s] Level 1:colcon.colcon_core.package_identification:_identify(.) by extension 'ros'
[0.805s] Level 1:colcon.colcon_core.package_identification:_identify(.) by extensions ['cmake', 'python']
[0.806s] Level 1:colcon.colcon_core.package_identification:_identify(.) by extension 'cmake'
[0.806s] Level 1:colcon.colcon_core.package_identification:_identify(.) by extension 'python'
[0.806s] Level 1:colcon.colcon_core.package_identification:_identify(.) by extensions ['python_setup_py']
[0.806s] Level 1:colcon.colcon_core.package_identification:_identify(.) by extension 'python_setup_py'
[0.806s] Level 1:colcon.colcon_core.package_identification:_identify(build) by extensions ['ignore', 'ignore_ament_install']
[0.806s] Level 1:colcon.colcon_core.package_identification:_identify(build) by extension 'ignore'
[0.806s] Level 1:colcon.colcon_core.package_identification:_identify(build) ignored
[0.807s] Level 1:colcon.colcon_core.package_identification:_identify(install) by extensions ['ignore', 'ignore_ament_install']
[0.807s] Level 1:colcon.colcon_core.package_identification:_identify(install) by extension 'ignore'
[0.807s] Level 1:colcon.colcon_core.package_identification:_identify(install) ignored
[0.808s] Level 1:colcon.colcon_core.package_identification:_identify(log) by extensions ['ignore', 'ignore_ament_install']
[0.808s] Level 1:colcon.colcon_core.package_identification:_identify(log) by extension 'ignore'
[0.808s] Level 1:colcon.colcon_core.package_identification:_identify(log) ignored
[0.808s] Level 1:colcon.colcon_core.package_identification:_identify(src) by extensions ['ignore', 'ignore_ament_install']
[0.808s] Level 1:colcon.colcon_core.package_identification:_identify(src) by extension 'ignore'
[0.808s] Level 1:colcon.colcon_core.package_identification:_identify(src) by extension 'ignore_ament_install'
[0.808s] Level 1:colcon.colcon_core.package_identification:_identify(src) by extensions ['colcon_pkg']
[0.809s] Level 1:colcon.colcon_core.package_identification:_identify(src) by extension 'colcon_pkg'
[0.809s] Level 1:colcon.colcon_core.package_identification:_identify(src) by extensions ['colcon_meta']
[0.809s] Level 1:colcon.colcon_core.package_identification:_identify(src) by extension 'colcon_meta'
[0.809s] Level 1:colcon.colcon_core.package_identification:_identify(src) by extensions ['ros']
[0.809s] Level 1:colcon.colcon_core.package_identification:_identify(src) by extension 'ros'
[0.809s] Level 1:colcon.colcon_core.package_identification:_identify(src) by extensions ['cmake', 'python']
[0.809s] Level 1:colcon.colcon_core.package_identification:_identify(src) by extension 'cmake'
[0.810s] Level 1:colcon.colcon_core.package_identification:_identify(src) by extension 'python'
[0.810s] Level 1:colcon.colcon_core.package_identification:_identify(src) by extensions ['python_setup_py']
[0.810s] Level 1:colcon.colcon_core.package_identification:_identify(src) by extension 'python_setup_py'
[0.810s] Level 1:colcon.colcon_core.package_identification:_identify(src/articubot_one) by extensions ['ignore', 'ignore_ament_install']
[0.810s] Level 1:colcon.colcon_core.package_identification:_identify(src/articubot_one) by extension 'ignore'
[0.810s] Level 1:colcon.colcon_core.package_identification:_identify(src/articubot_one) by extension 'ignore_ament_install'
[0.810s] Level 1:colcon.colcon_core.package_identification:_identify(src/articubot_one) by extensions ['colcon_pkg']
[0.811s] Level 1:colcon.colcon_core.package_identification:_identify(src/articubot_one) by extension 'colcon_pkg'
[0.811s] Level 1:colcon.colcon_core.package_identification:_identify(src/articubot_one) by extensions ['colcon_meta']
[0.811s] Level 1:colcon.colcon_core.package_identification:_identify(src/articubot_one) by extension 'colcon_meta'
[0.811s] Level 1:colcon.colcon_core.package_identification:_identify(src/articubot_one) by extensions ['ros']
[0.811s] Level 1:colcon.colcon_core.package_identification:_identify(src/articubot_one) by extension 'ros'
[0.815s] DEBUG:colcon.colcon_core.package_identification:Package 'src/articubot_one' with type 'ros.ament_cmake' and name 'articubot_one'
[0.815s] Level 1:colcon.colcon_core.package_identification:_identify(src/my_robot_controller) by extensions ['ignore', 'ignore_ament_install']
[0.815s] Level 1:colcon.colcon_core.package_identification:_identify(src/my_robot_controller) by extension 'ignore'
[0.816s] Level 1:colcon.colcon_core.package_identification:_identify(src/my_robot_controller) by extension 'ignore_ament_install'
[0.816s] Level 1:colcon.colcon_core.package_identification:_identify(src/my_robot_controller) by extensions ['colcon_pkg']
[0.816s] Level 1:colcon.colcon_core.package_identification:_identify(src/my_robot_controller) by extension 'colcon_pkg'
[0.816s] Level 1:colcon.colcon_core.package_identification:_identify(src/my_robot_controller) by extensions ['colcon_meta']
[0.816s] Level 1:colcon.colcon_core.package_identification:_identify(src/my_robot_controller) by extension 'colcon_meta'
[0.816s] Level 1:colcon.colcon_core.package_identification:_identify(src/my_robot_controller) by extensions ['ros']
[0.816s] Level 1:colcon.colcon_core.package_identification:_identify(src/my_robot_controller) by extension 'ros'
[0.817s] DEBUG:colcon.colcon_core.package_identification:Package 'src/my_robot_controller' with type 'ros.ament_python' and name 'my_robot_controller'
[0.818s] Level 1:colcon.colcon_core.package_identification:_identify(src/video_stream_package) by extensions ['ignore', 'ignore_ament_install']
[0.818s] Level 1:colcon.colcon_core.package_identification:_identify(src/video_stream_package) by extension 'ignore'
[0.818s] Level 1:colcon.colcon_core.package_identification:_identify(src/video_stream_package) by extension 'ignore_ament_install'
[0.818s] Level 1:colcon.colcon_core.package_identification:_identify(src/video_stream_package) by extensions ['colcon_pkg']
[0.818s] Level 1:colcon.colcon_core.package_identification:_identify(src/video_stream_package) by extension 'colcon_pkg'
[0.818s] Level 1:colcon.colcon_core.package_identification:_identify(src/video_stream_package) by extensions ['colcon_meta']
[0.818s] Level 1:colcon.colcon_core.package_identification:_identify(src/video_stream_package) by extension 'colcon_meta'
[0.819s] Level 1:colcon.colcon_core.package_identification:_identify(src/video_stream_package) by extensions ['ros']
[0.819s] Level 1:colcon.colcon_core.package_identification:_identify(src/video_stream_package) by extension 'ros'
[0.820s] DEBUG:colcon.colcon_core.package_identification:Package 'src/video_stream_package' with type 'ros.ament_python' and name 'video_stream_package'
[0.820s] Level 1:colcon.colcon_core.package_discovery:discover_packages(recursive) using defaults
[0.820s] Level 1:colcon.colcon_core.package_discovery:discover_packages(ignore) discover
[0.820s] Level 1:colcon.colcon_core.package_discovery:discover_packages(ignore) using defaults
[0.821s] Level 1:colcon.colcon_core.package_discovery:discover_packages(path) discover
[0.821s] Level 1:colcon.colcon_core.package_discovery:discover_packages(path) using defaults
[0.860s] Level 1:colcon.colcon_core.package_discovery:discover_packages(prefix_path) check parameters
[0.860s] Level 1:colcon.colcon_core.package_discovery:discover_packages(prefix_path) discover
[0.869s] DEBUG:colcon.colcon_installed_package_information.package_discovery:Found 271 installed packages in /opt/ros/humble
[0.871s] Level 1:colcon.colcon_core.package_discovery:discover_packages(prefix_path) using defaults
[0.978s] Level 5:colcon.colcon_core.verb:set package 'articubot_one' build argument 'cmake_args' from command line to 'None'
[0.978s] Level 5:colcon.colcon_core.verb:set package 'articubot_one' build argument 'cmake_target' from command line to 'None'
[0.978s] Level 5:colcon.colcon_core.verb:set package 'articubot_one' build argument 'cmake_target_skip_unavailable' from command line to 'False'
[0.978s] Level 5:colcon.colcon_core.verb:set package 'articubot_one' build argument 'cmake_clean_cache' from command line to 'False'
[0.978s] Level 5:colcon.colcon_core.verb:set package 'articubot_one' build argument 'cmake_clean_first' from command line to 'False'
[0.978s] Level 5:colcon.colcon_core.verb:set package 'articubot_one' build argument 'cmake_force_configure' from command line to 'False'
[0.978s] Level 5:colcon.colcon_core.verb:set package 'articubot_one' build argument 'ament_cmake_args' from command line to 'None'
[0.978s] Level 5:colcon.colcon_core.verb:set package 'articubot_one' build argument 'catkin_cmake_args' from command line to 'None'
[0.978s] Level 5:colcon.colcon_core.verb:set package 'articubot_one' build argument 'catkin_skip_building_tests' from command line to 'False'
[0.979s] DEBUG:colcon.colcon_core.verb:Building package 'articubot_one' with the following arguments: {'ament_cmake_args': None, 'build_base': '/home/chen/Desktop/dev_ws/build/articubot_one', 'catkin_cmake_args': None, 'catkin_skip_building_tests': False, 'cmake_args': None, 'cmake_clean_cache': False, 'cmake_clean_first': False, 'cmake_force_configure': False, 'cmake_target': None, 'cmake_target_skip_unavailable': False, 'install_base': '/home/chen/Desktop/dev_ws/install/articubot_one', 'merge_install': False, 'path': '/home/chen/Desktop/dev_ws/src/articubot_one', 'symlink_install': False, 'test_result_base': None}
[0.979s] Level 5:colcon.colcon_core.verb:set package 'my_robot_controller' build argument 'cmake_args' from command line to 'None'
[0.979s] Level 5:colcon.colcon_core.verb:set package 'my_robot_controller' build argument 'cmake_target' from command line to 'None'
[0.979s] Level 5:colcon.colcon_core.verb:set package 'my_robot_controller' build argument 'cmake_target_skip_unavailable' from command line to 'False'
[0.979s] Level 5:colcon.colcon_core.verb:set package 'my_robot_controller' build argument 'cmake_clean_cache' from command line to 'False'
[0.980s] Level 5:colcon.colcon_core.verb:set package 'my_robot_controller' build argument 'cmake_clean_first' from command line to 'False'
[0.980s] Level 5:colcon.colcon_core.verb:set package 'my_robot_controller' build argument 'cmake_force_configure' from command line to 'False'
[0.980s] Level 5:colcon.colcon_core.verb:set package 'my_robot_controller' build argument 'ament_cmake_args' from command line to 'None'
[0.980s] Level 5:colcon.colcon_core.verb:set package 'my_robot_controller' build argument 'catkin_cmake_args' from command line to 'None'
[0.980s] Level 5:colcon.colcon_core.verb:set package 'my_robot_controller' build argument 'catkin_skip_building_tests' from command line to 'False'
[0.980s] DEBUG:colcon.colcon_core.verb:Building package 'my_robot_controller' with the following arguments: {'ament_cmake_args': None, 'build_base': '/home/chen/Desktop/dev_ws/build/my_robot_controller', 'catkin_cmake_args': None, 'catkin_skip_building_tests': False, 'cmake_args': None, 'cmake_clean_cache': False, 'cmake_clean_first': False, 'cmake_force_configure': False, 'cmake_target': None, 'cmake_target_skip_unavailable': False, 'install_base': '/home/chen/Desktop/dev_ws/install/my_robot_controller', 'merge_install': False, 'path': '/home/chen/Desktop/dev_ws/src/my_robot_controller', 'symlink_install': False, 'test_result_base': None}
[0.980s] Level 5:colcon.colcon_core.verb:set package 'video_stream_package' build argument 'cmake_args' from command line to 'None'
[0.981s] Level 5:colcon.colcon_core.verb:set package 'video_stream_package' build argument 'cmake_target' from command line to 'None'
[0.981s] Level 5:colcon.colcon_core.verb:set package 'video_stream_package' build argument 'cmake_target_skip_unavailable' from command line to 'False'
[0.981s] Level 5:colcon.colcon_core.verb:set package 'video_stream_package' build argument 'cmake_clean_cache' from command line to 'False'
[0.981s] Level 5:colcon.colcon_core.verb:set package 'video_stream_package' build argument 'cmake_clean_first' from command line to 'False'
[0.981s] Level 5:colcon.colcon_core.verb:set package 'video_stream_package' build argument 'cmake_force_configure' from command line to 'False'
[0.981s] Level 5:colcon.colcon_core.verb:set package 'video_stream_package' build argument 'ament_cmake_args' from command line to 'None'
[0.981s] Level 5:colcon.colcon_core.verb:set package 'video_stream_package' build argument 'catkin_cmake_args' from command line to 'None'
[0.981s] Level 5:colcon.colcon_core.verb:set package 'video_stream_package' build argument 'catkin_skip_building_tests' from command line to 'False'
[0.981s] DEBUG:colcon.colcon_core.verb:Building package 'video_stream_package' with the following arguments: {'ament_cmake_args': None, 'build_base': '/home/chen/Desktop/dev_ws/build/video_stream_package', 'catkin_cmake_args': None, 'catkin_skip_building_tests': False, 'cmake_args': None, 'cmake_clean_cache': False, 'cmake_clean_first': False, 'cmake_force_configure': False, 'cmake_target': None, 'cmake_target_skip_unavailable': False, 'install_base': '/home/chen/Desktop/dev_ws/install/video_stream_package', 'merge_install': False, 'path': '/home/chen/Desktop/dev_ws/src/video_stream_package', 'symlink_install': False, 'test_result_base': None}
[0.981s] INFO:colcon.colcon_core.executor:Executing jobs using 'parallel' executor
[0.984s] DEBUG:colcon.colcon_parallel_executor.executor.parallel:run_until_complete
[0.986s] INFO:colcon.colcon_ros.task.ament_cmake.build:Building ROS package in '/home/chen/Desktop/dev_ws/src/articubot_one' with build type 'ament_cmake'
[0.986s] INFO:colcon.colcon_cmake.task.cmake.build:Building CMake package in '/home/chen/Desktop/dev_ws/src/articubot_one'
[0.993s] INFO:colcon.colcon_core.plugin_system:Skipping extension 'colcon_core.shell.bat': Not used on non-Windows systems
[0.993s] INFO:colcon.colcon_core.shell:Skip shell extension 'powershell' for command environment: Not usable outside of PowerShell
[0.993s] DEBUG:colcon.colcon_core.shell:Skip shell extension 'dsv' for command environment
[1.011s] INFO:colcon.colcon_ros.task.ament_python.build:Building ROS package in '/home/chen/Desktop/dev_ws/src/my_robot_controller' with build type 'ament_python'
[1.017s] Level 1:colcon.colcon_core.shell:create_environment_hook('my_robot_controller', 'ament_prefix_path')
[1.018s] INFO:colcon.colcon_core.shell:Creating environment hook '/home/chen/Desktop/dev_ws/install/my_robot_controller/share/my_robot_controller/hook/ament_prefix_path.ps1'
[1.019s] INFO:colcon.colcon_core.shell:Creating environment descriptor '/home/chen/Desktop/dev_ws/install/my_robot_controller/share/my_robot_controller/hook/ament_prefix_path.dsv'
[1.020s] INFO:colcon.colcon_core.shell:Creating environment hook '/home/chen/Desktop/dev_ws/install/my_robot_controller/share/my_robot_controller/hook/ament_prefix_path.sh'
[1.022s] INFO:colcon.colcon_core.shell:Skip shell extension 'powershell' for command environment: Not usable outside of PowerShell
[1.022s] DEBUG:colcon.colcon_core.shell:Skip shell extension 'dsv' for command environment
[1.120s] DEBUG:colcon.colcon_core.event_handler.log_command:Invoking command in '/home/chen/Desktop/dev_ws/build/articubot_one': CMAKE_PREFIX_PATH=/opt/ros/humble /usr/bin/cmake /home/chen/Desktop/dev_ws/src/articubot_one -DCMAKE_INSTALL_PREFIX=/home/chen/Desktop/dev_ws/install/articubot_one
[2.364s] INFO:colcon.colcon_core.task.python.build:Building Python package in '/home/chen/Desktop/dev_ws/src/my_robot_controller'
[2.365s] INFO:colcon.colcon_core.shell:Skip shell extension 'powershell' for command environment: Not usable outside of PowerShell
[2.366s] DEBUG:colcon.colcon_core.shell:Skip shell extension 'dsv' for command environment
[2.935s] DEBUG:colcon.colcon_core.event_handler.log_command:Invoked command in '/home/chen/Desktop/dev_ws/build/articubot_one' returned '0': CMAKE_PREFIX_PATH=/opt/ros/humble /usr/bin/cmake /home/chen/Desktop/dev_ws/src/articubot_one -DCMAKE_INSTALL_PREFIX=/home/chen/Desktop/dev_ws/install/articubot_one
[2.936s] DEBUG:colcon.colcon_core.event_handler.log_command:Invoking command in '/home/chen/Desktop/dev_ws/build/articubot_one': CMAKE_PREFIX_PATH=/opt/ros/humble /usr/bin/cmake --build /home/chen/Desktop/dev_ws/build/articubot_one -- -j2 -l2
[3.329s] DEBUG:colcon.colcon_core.event_handler.log_command:Invoked command in '/home/chen/Desktop/dev_ws/build/articubot_one' returned '0': CMAKE_PREFIX_PATH=/opt/ros/humble /usr/bin/cmake --build /home/chen/Desktop/dev_ws/build/articubot_one -- -j2 -l2
[3.725s] DEBUG:colcon.colcon_core.event_handler.log_command:Invoking command in '/home/chen/Desktop/dev_ws/build/articubot_one': CMAKE_PREFIX_PATH=/opt/ros/humble /usr/bin/cmake --install /home/chen/Desktop/dev_ws/build/articubot_one
[4.213s] Level 1:colcon.colcon_core.environment:create_environment_scripts_only(articubot_one)
[4.218s] DEBUG:colcon.colcon_core.event_handler.log_command:Invoked command in '/home/chen/Desktop/dev_ws/build/articubot_one' returned '0': CMAKE_PREFIX_PATH=/opt/ros/humble /usr/bin/cmake --install /home/chen/Desktop/dev_ws/build/articubot_one
[4.252s] Level 1:colcon.colcon_core.environment:checking '/home/chen/Desktop/dev_ws/install/articubot_one' for CMake module files
[4.272s] Level 1:colcon.colcon_core.environment:checking '/home/chen/Desktop/dev_ws/install/articubot_one' for CMake config files
[4.285s] Level 1:colcon.colcon_core.shell:create_environment_hook('articubot_one', 'cmake_prefix_path')
[4.286s] INFO:colcon.colcon_core.shell:Creating environment hook '/home/chen/Desktop/dev_ws/install/articubot_one/share/articubot_one/hook/cmake_prefix_path.ps1'
[4.294s] INFO:colcon.colcon_core.shell:Creating environment descriptor '/home/chen/Desktop/dev_ws/install/articubot_one/share/articubot_one/hook/cmake_prefix_path.dsv'
[4.299s] INFO:colcon.colcon_core.shell:Creating environment hook '/home/chen/Desktop/dev_ws/install/articubot_one/share/articubot_one/hook/cmake_prefix_path.sh'
[4.312s] Level 1:colcon.colcon_core.environment:checking '/home/chen/Desktop/dev_ws/install/articubot_one/bin'
[4.313s] Level 1:colcon.colcon_core.environment:checking '/home/chen/Desktop/dev_ws/install/articubot_one/lib/pkgconfig/articubot_one.pc'
[4.314s] Level 1:colcon.colcon_core.environment:checking '/home/chen/Desktop/dev_ws/install/articubot_one/lib/python3.10/site-packages'
[4.315s] Level 1:colcon.colcon_core.environment:checking '/home/chen/Desktop/dev_ws/install/articubot_one/bin'
[4.316s] INFO:colcon.colcon_core.shell:Creating package script '/home/chen/Desktop/dev_ws/install/articubot_one/share/articubot_one/package.ps1'
[4.320s] INFO:colcon.colcon_core.shell:Creating package descriptor '/home/chen/Desktop/dev_ws/install/articubot_one/share/articubot_one/package.dsv'
[4.331s] INFO:colcon.colcon_core.shell:Creating package script '/home/chen/Desktop/dev_ws/install/articubot_one/share/articubot_one/package.sh'
[4.347s] INFO:colcon.colcon_core.shell:Creating package script '/home/chen/Desktop/dev_ws/install/articubot_one/share/articubot_one/package.bash'
[4.353s] INFO:colcon.colcon_core.shell:Creating package script '/home/chen/Desktop/dev_ws/install/articubot_one/share/articubot_one/package.zsh'
[4.358s] Level 1:colcon.colcon_core.environment:create_file_with_runtime_dependencies(/home/chen/Desktop/dev_ws/install/articubot_one/share/colcon-core/packages/articubot_one)
[4.576s] DEBUG:colcon.colcon_core.event_handler.log_command:Invoking command in '/home/chen/Desktop/dev_ws/src/my_robot_controller': PYTHONPATH=/home/chen/Desktop/dev_ws/build/my_robot_controller/prefix_override:/home/chen/Desktop/dev_ws/install/my_robot_controller/lib/python3.10/site-packages:${PYTHONPATH} /usr/bin/python3 -W ignore:setup.py install is deprecated setup.py egg_info --egg-base ../../build/my_robot_controller build --build-base /home/chen/Desktop/dev_ws/build/my_robot_controller/build install --record /home/chen/Desktop/dev_ws/build/my_robot_controller/install.log --single-version-externally-managed install_data
[4.674s] Level 1:colcon.colcon_core.environment:create_environment_scripts_only(articubot_one)
[4.675s] Level 1:colcon.colcon_core.environment:checking '/home/chen/Desktop/dev_ws/install/articubot_one' for CMake module files
[4.677s] Level 1:colcon.colcon_core.environment:checking '/home/chen/Desktop/dev_ws/install/articubot_one' for CMake config files
[4.683s] Level 1:colcon.colcon_core.shell:create_environment_hook('articubot_one', 'cmake_prefix_path')
[4.683s] INFO:colcon.colcon_core.shell:Creating environment hook '/home/chen/Desktop/dev_ws/install/articubot_one/share/articubot_one/hook/cmake_prefix_path.ps1'
[4.694s] INFO:colcon.colcon_core.shell:Creating environment descriptor '/home/chen/Desktop/dev_ws/install/articubot_one/share/articubot_one/hook/cmake_prefix_path.dsv'
[4.695s] INFO:colcon.colcon_core.shell:Creating environment hook '/home/chen/Desktop/dev_ws/install/articubot_one/share/articubot_one/hook/cmake_prefix_path.sh'
[4.697s] Level 1:colcon.colcon_core.environment:checking '/home/chen/Desktop/dev_ws/install/articubot_one/bin'
[4.699s] Level 1:colcon.colcon_core.environment:checking '/home/chen/Desktop/dev_ws/install/articubot_one/lib/pkgconfig/articubot_one.pc'
[4.701s] Level 1:colcon.colcon_core.environment:checking '/home/chen/Desktop/dev_ws/install/articubot_one/lib/python3.10/site-packages'
[4.710s] Level 1:colcon.colcon_core.environment:checking '/home/chen/Desktop/dev_ws/install/articubot_one/bin'
[4.711s] INFO:colcon.colcon_core.shell:Creating package script '/home/chen/Desktop/dev_ws/install/articubot_one/share/articubot_one/package.ps1'
[4.718s] INFO:colcon.colcon_core.shell:Creating package descriptor '/home/chen/Desktop/dev_ws/install/articubot_one/share/articubot_one/package.dsv'
[4.728s] INFO:colcon.colcon_core.shell:Creating package script '/home/chen/Desktop/dev_ws/install/articubot_one/share/articubot_one/package.sh'
[4.731s] INFO:colcon.colcon_core.shell:Creating package script '/home/chen/Desktop/dev_ws/install/articubot_one/share/articubot_one/package.bash'
[4.738s] INFO:colcon.colcon_core.shell:Creating package script '/home/chen/Desktop/dev_ws/install/articubot_one/share/articubot_one/package.zsh'
[4.741s] Level 1:colcon.colcon_core.environment:create_file_with_runtime_dependencies(/home/chen/Desktop/dev_ws/install/articubot_one/share/colcon-core/packages/articubot_one)
[4.744s] INFO:colcon.colcon_ros.task.ament_python.build:Building ROS package in '/home/chen/Desktop/dev_ws/src/video_stream_package' with build type 'ament_python'
[4.746s] Level 1:colcon.colcon_core.shell:create_environment_hook('video_stream_package', 'ament_prefix_path')
[4.749s] INFO:colcon.colcon_core.shell:Creating environment hook '/home/chen/Desktop/dev_ws/install/video_stream_package/share/video_stream_package/hook/ament_prefix_path.ps1'
[4.754s] INFO:colcon.colcon_core.shell:Creating environment descriptor '/home/chen/Desktop/dev_ws/install/video_stream_package/share/video_stream_package/hook/ament_prefix_path.dsv'
[4.764s] INFO:colcon.colcon_core.shell:Creating environment hook '/home/chen/Desktop/dev_ws/install/video_stream_package/share/video_stream_package/hook/ament_prefix_path.sh'
[4.770s] INFO:colcon.colcon_core.shell:Skip shell extension 'powershell' for command environment: Not usable outside of PowerShell
[4.770s] DEBUG:colcon.colcon_core.shell:Skip shell extension 'dsv' for command environment
[5.985s] INFO:colcon.colcon_core.task.python.build:Building Python package in '/home/chen/Desktop/dev_ws/src/video_stream_package'
[5.986s] INFO:colcon.colcon_core.shell:Skip shell extension 'powershell' for command environment: Not usable outside of PowerShell
[5.986s] DEBUG:colcon.colcon_core.shell:Skip shell extension 'dsv' for command environment
[6.009s] Level 1:colcon.colcon_core.environment:checking '/home/chen/Desktop/dev_ws/install/my_robot_controller' for CMake module files
[6.011s] Level 1:colcon.colcon_core.environment:checking '/home/chen/Desktop/dev_ws/install/my_robot_controller' for CMake config files
[6.016s] DEBUG:colcon.colcon_core.event_handler.log_command:Invoked command in '/home/chen/Desktop/dev_ws/src/my_robot_controller' returned '0': PYTHONPATH=/home/chen/Desktop/dev_ws/build/my_robot_controller/prefix_override:/home/chen/Desktop/dev_ws/install/my_robot_controller/lib/python3.10/site-packages:${PYTHONPATH} /usr/bin/python3 -W ignore:setup.py install is deprecated setup.py egg_info --egg-base ../../build/my_robot_controller build --build-base /home/chen/Desktop/dev_ws/build/my_robot_controller/build install --record /home/chen/Desktop/dev_ws/build/my_robot_controller/install.log --single-version-externally-managed install_data
[6.017s] Level 1:colcon.colcon_core.environment:checking '/home/chen/Desktop/dev_ws/install/my_robot_controller/lib'
[6.018s] Level 1:colcon.colcon_core.environment:checking '/home/chen/Desktop/dev_ws/install/my_robot_controller/bin'
[6.021s] Level 1:colcon.colcon_core.environment:checking '/home/chen/Desktop/dev_ws/install/my_robot_controller/lib/pkgconfig/my_robot_controller.pc'
[6.022s] Level 1:colcon.colcon_core.environment:checking '/home/chen/Desktop/dev_ws/install/my_robot_controller/lib/python3.10/site-packages'
[6.022s] Level 1:colcon.colcon_core.shell:create_environment_hook('my_robot_controller', 'pythonpath')
[6.023s] INFO:colcon.colcon_core.shell:Creating environment hook '/home/chen/Desktop/dev_ws/install/my_robot_controller/share/my_robot_controller/hook/pythonpath.ps1'
[6.024s] INFO:colcon.colcon_core.shell:Creating environment descriptor '/home/chen/Desktop/dev_ws/install/my_robot_controller/share/my_robot_controller/hook/pythonpath.dsv'
[6.025s] INFO:colcon.colcon_core.shell:Creating environment hook '/home/chen/Desktop/dev_ws/install/my_robot_controller/share/my_robot_controller/hook/pythonpath.sh'
[6.027s] Level 1:colcon.colcon_core.environment:checking '/home/chen/Desktop/dev_ws/install/my_robot_controller/bin'
[6.027s] Level 1:colcon.colcon_core.environment:create_environment_scripts_only(my_robot_controller)
[6.027s] INFO:colcon.colcon_core.shell:Creating package script '/home/chen/Desktop/dev_ws/install/my_robot_controller/share/my_robot_controller/package.ps1'
[6.028s] INFO:colcon.colcon_core.shell:Creating package descriptor '/home/chen/Desktop/dev_ws/install/my_robot_controller/share/my_robot_controller/package.dsv'
[6.029s] INFO:colcon.colcon_core.shell:Creating package script '/home/chen/Desktop/dev_ws/install/my_robot_controller/share/my_robot_controller/package.sh'
[6.031s] INFO:colcon.colcon_core.shell:Creating package script '/home/chen/Desktop/dev_ws/install/my_robot_controller/share/my_robot_controller/package.bash'
[6.032s] INFO:colcon.colcon_core.shell:Creating package script '/home/chen/Desktop/dev_ws/install/my_robot_controller/share/my_robot_controller/package.zsh'
[6.033s] Level 1:colcon.colcon_core.environment:create_file_with_runtime_dependencies(/home/chen/Desktop/dev_ws/install/my_robot_controller/share/colcon-core/packages/my_robot_controller)
[7.016s] DEBUG:colcon.colcon_core.event_handler.log_command:Invoking command in '/home/chen/Desktop/dev_ws/src/video_stream_package': PYTHONPATH=/home/chen/Desktop/dev_ws/build/video_stream_package/prefix_override:/home/chen/Desktop/dev_ws/install/video_stream_package/lib/python3.10/site-packages:${PYTHONPATH} /usr/bin/python3 -W ignore:setup.py install is deprecated setup.py egg_info --egg-base ../../build/video_stream_package build --build-base /home/chen/Desktop/dev_ws/build/video_stream_package/build install --record /home/chen/Desktop/dev_ws/build/video_stream_package/install.log --single-version-externally-managed install_data
[7.883s] Level 1:colcon.colcon_core.environment:checking '/home/chen/Desktop/dev_ws/install/video_stream_package' for CMake module files
[7.886s] Level 1:colcon.colcon_core.environment:checking '/home/chen/Desktop/dev_ws/install/video_stream_package' for CMake config files
[7.891s] DEBUG:colcon.colcon_core.event_handler.log_command:Invoked command in '/home/chen/Desktop/dev_ws/src/video_stream_package' returned '0': PYTHONPATH=/home/chen/Desktop/dev_ws/build/video_stream_package/prefix_override:/home/chen/Desktop/dev_ws/install/video_stream_package/lib/python3.10/site-packages:${PYTHONPATH} /usr/bin/python3 -W ignore:setup.py install is deprecated setup.py egg_info --egg-base ../../build/video_stream_package build --build-base /home/chen/Desktop/dev_ws/build/video_stream_package/build install --record /home/chen/Desktop/dev_ws/build/video_stream_package/install.log --single-version-externally-managed install_data
[7.898s] Level 1:colcon.colcon_core.environment:checking '/home/chen/Desktop/dev_ws/install/video_stream_package/lib'
[7.898s] Level 1:colcon.colcon_core.environment:checking '/home/chen/Desktop/dev_ws/install/video_stream_package/bin'
[7.898s] Level 1:colcon.colcon_core.environment:checking '/home/chen/Desktop/dev_ws/install/video_stream_package/lib/pkgconfig/video_stream_package.pc'
[7.899s] Level 1:colcon.colcon_core.environment:checking '/home/chen/Desktop/dev_ws/install/video_stream_package/lib/python3.10/site-packages'
[7.899s] Level 1:colcon.colcon_core.shell:create_environment_hook('video_stream_package', 'pythonpath')
[7.899s] INFO:colcon.colcon_core.shell:Creating environment hook '/home/chen/Desktop/dev_ws/install/video_stream_package/share/video_stream_package/hook/pythonpath.ps1'
[7.900s] INFO:colcon.colcon_core.shell:Creating environment descriptor '/home/chen/Desktop/dev_ws/install/video_stream_package/share/video_stream_package/hook/pythonpath.dsv'
[7.906s] INFO:colcon.colcon_core.shell:Creating environment hook '/home/chen/Desktop/dev_ws/install/video_stream_package/share/video_stream_package/hook/pythonpath.sh'
[7.911s] Level 1:colcon.colcon_core.environment:checking '/home/chen/Desktop/dev_ws/install/video_stream_package/bin'
[7.912s] Level 1:colcon.colcon_core.environment:create_environment_scripts_only(video_stream_package)
[7.913s] INFO:colcon.colcon_core.shell:Creating package script '/home/chen/Desktop/dev_ws/install/video_stream_package/share/video_stream_package/package.ps1'
[7.915s] INFO:colcon.colcon_core.shell:Creating package descriptor '/home/chen/Desktop/dev_ws/install/video_stream_package/share/video_stream_package/package.dsv'
[7.917s] INFO:colcon.colcon_core.shell:Creating package script '/home/chen/Desktop/dev_ws/install/video_stream_package/share/video_stream_package/package.sh'
[7.919s] INFO:colcon.colcon_core.shell:Creating package script '/home/chen/Desktop/dev_ws/install/video_stream_package/share/video_stream_package/package.bash'
[7.921s] INFO:colcon.colcon_core.shell:Creating package script '/home/chen/Desktop/dev_ws/install/video_stream_package/share/video_stream_package/package.zsh'
[7.922s] Level 1:colcon.colcon_core.environment:create_file_with_runtime_dependencies(/home/chen/Desktop/dev_ws/install/video_stream_package/share/colcon-core/packages/video_stream_package)
[7.925s] DEBUG:colcon.colcon_parallel_executor.executor.parallel:closing loop
[7.925s] DEBUG:colcon.colcon_parallel_executor.executor.parallel:loop closed
[7.927s] DEBUG:colcon.colcon_parallel_executor.executor.parallel:run_until_complete finished with '0'
[7.927s] DEBUG:colcon.colcon_core.event_reactor:joining thread
[7.946s] INFO:colcon.colcon_core.plugin_system:Skipping extension 'colcon_notification.desktop_notification.terminal_notifier': Not used on non-Darwin systems
[7.946s] INFO:colcon.colcon_core.plugin_system:Skipping extension 'colcon_notification.desktop_notification.win32': Not used on non-Windows systems
[7.947s] INFO:colcon.colcon_notification.desktop_notification:Sending desktop notification using 'notify2'
[7.993s] DEBUG:colcon.colcon_core.event_reactor:joined thread
[7.993s] INFO:colcon.colcon_core.shell:Creating prefix script '/home/chen/Desktop/dev_ws/install/local_setup.ps1'
[7.997s] INFO:colcon.colcon_core.shell:Creating prefix util module '/home/chen/Desktop/dev_ws/install/_local_setup_util_ps1.py'
[8.004s] INFO:colcon.colcon_core.shell:Creating prefix chain script '/home/chen/Desktop/dev_ws/install/setup.ps1'
[8.007s] INFO:colcon.colcon_core.shell:Creating prefix script '/home/chen/Desktop/dev_ws/install/local_setup.sh'
[8.014s] INFO:colcon.colcon_core.shell:Creating prefix util module '/home/chen/Desktop/dev_ws/install/_local_setup_util_sh.py'
[8.019s] INFO:colcon.colcon_core.shell:Creating prefix chain script '/home/chen/Desktop/dev_ws/install/setup.sh'
[8.023s] INFO:colcon.colcon_core.shell:Creating prefix script '/home/chen/Desktop/dev_ws/install/local_setup.bash'
[8.029s] INFO:colcon.colcon_core.shell:Creating prefix chain script '/home/chen/Desktop/dev_ws/install/setup.bash'
[8.033s] INFO:colcon.colcon_core.shell:Creating prefix script '/home/chen/Desktop/dev_ws/install/local_setup.zsh'
[8.036s] INFO:colcon.colcon_core.shell:Creating prefix chain script '/home/chen/Desktop/dev_ws/install/setup.zsh'
