[3.909s] DEBUG:colcon:Command line arguments: ['/usr/bin/colcon', 'list', '-p', '--base-paths', '/home/chen/Desktop/dev_ws']
[3.910s] DEBUG:colcon:Parsed command line arguments: Namespace(log_base=None, log_level=None, verb_name='list', build_base='build', ignore_user_meta=False, metas=['./colcon.meta'], base_paths=['/home/chen/Desktop/dev_ws'], packages_ignore=None, packages_ignore_regex=None, paths=None, packages_up_to=None, packages_up_to_regex=None, packages_above=None, packages_above_and_dependencies=None, packages_above_depth=None, packages_select_by_dep=None, packages_skip_by_dep=None, packages_skip_up_to=None, packages_select_build_failed=False, packages_skip_build_finished=False, packages_select_test_failures=False, packages_skip_test_passed=False, packages_select=None, packages_skip=None, packages_select_regex=None, packages_skip_regex=None, packages_start=None, packages_end=None, allow_overriding=[], topological_order=False, names_only=False, paths_only=True, topological_graph=False, topological_graph_dot=False, topological_graph_density=False, topological_graph_legend=False, topological_graph_dot_cluster=False, topological_graph_dot_include_skipped=False, verb_parser=<colcon_defaults.argument_parser.defaults.DefaultArgumentsDecorator object at 0x7b2f909b9000>, verb_extension=<colcon_package_information.verb.list.ListVerb object at 0x7b2f909b8130>, main=<bound method ListVerb.main of <colcon_package_information.verb.list.ListVerb object at 0x7b2f909b8130>>)
[10.253s] Level 1:colcon.colcon_core.package_discovery:discover_packages(colcon_meta) check parameters
[10.253s] Level 1:colcon.colcon_core.package_discovery:discover_packages(recursive) check parameters
[10.254s] Level 1:colcon.colcon_core.package_discovery:discover_packages(ignore) check parameters
[10.302s] Level 1:colcon.colcon_core.package_discovery:discover_packages(path) check parameters
[10.303s] Level 1:colcon.colcon_core.package_discovery:discover_packages(recursive) discover
[10.304s] INFO:colcon.colcon_core.package_discovery:Crawling recursively for packages in '/home/chen/Desktop/dev_ws'
[10.305s] Level 1:colcon.colcon_core.package_identification:_identify(/home/chen/Desktop/dev_ws) by extensions ['ignore', 'ignore_ament_install']
[10.305s] Level 1:colcon.colcon_core.package_identification:_identify(/home/chen/Desktop/dev_ws) by extension 'ignore'
[10.306s] Level 1:colcon.colcon_core.package_identification:_identify(/home/chen/Desktop/dev_ws) by extension 'ignore_ament_install'
[10.307s] Level 1:colcon.colcon_core.package_identification:_identify(/home/chen/Desktop/dev_ws) by extensions ['colcon_pkg']
[10.307s] Level 1:colcon.colcon_core.package_identification:_identify(/home/chen/Desktop/dev_ws) by extension 'colcon_pkg'
[10.308s] Level 1:colcon.colcon_core.package_identification:_identify(/home/chen/Desktop/dev_ws) by extensions ['colcon_meta']
[10.308s] Level 1:colcon.colcon_core.package_identification:_identify(/home/chen/Desktop/dev_ws) by extension 'colcon_meta'
[10.309s] Level 1:colcon.colcon_core.package_identification:_identify(/home/chen/Desktop/dev_ws) by extensions ['ros']
[10.354s] Level 1:colcon.colcon_core.package_identification:_identify(/home/chen/Desktop/dev_ws) by extension 'ros'
[10.797s] Level 1:colcon.colcon_core.package_identification:_identify(/home/chen/Desktop/dev_ws) by extensions ['cmake', 'python']
[10.798s] Level 1:colcon.colcon_core.package_identification:_identify(/home/chen/Desktop/dev_ws) by extension 'cmake'
[10.802s] Level 1:colcon.colcon_core.package_identification:_identify(/home/chen/Desktop/dev_ws) by extension 'python'
[10.803s] Level 1:colcon.colcon_core.package_identification:_identify(/home/chen/Desktop/dev_ws) by extensions ['python_setup_py']
[10.803s] Level 1:colcon.colcon_core.package_identification:_identify(/home/chen/Desktop/dev_ws) by extension 'python_setup_py'
[10.806s] Level 1:colcon.colcon_core.package_identification:_identify(/home/chen/Desktop/dev_ws/build) by extensions ['ignore', 'ignore_ament_install']
[10.839s] Level 1:colcon.colcon_core.package_identification:_identify(/home/chen/Desktop/dev_ws/build) by extension 'ignore'
[10.839s] Level 1:colcon.colcon_core.package_identification:_identify(/home/chen/Desktop/dev_ws/build) ignored
[10.840s] Level 1:colcon.colcon_core.package_identification:_identify(/home/chen/Desktop/dev_ws/install) by extensions ['ignore', 'ignore_ament_install']
[10.840s] Level 1:colcon.colcon_core.package_identification:_identify(/home/chen/Desktop/dev_ws/install) by extension 'ignore'
[10.841s] Level 1:colcon.colcon_core.package_identification:_identify(/home/chen/Desktop/dev_ws/install) ignored
[10.841s] Level 1:colcon.colcon_core.package_identification:_identify(/home/chen/Desktop/dev_ws/log) by extensions ['ignore', 'ignore_ament_install']
[10.842s] Level 1:colcon.colcon_core.package_identification:_identify(/home/chen/Desktop/dev_ws/log) by extension 'ignore'
[10.847s] Level 1:colcon.colcon_core.package_identification:_identify(/home/chen/Desktop/dev_ws/log) ignored
[10.873s] Level 1:colcon.colcon_core.package_identification:_identify(/home/chen/Desktop/dev_ws/src) by extensions ['ignore', 'ignore_ament_install']
[10.874s] Level 1:colcon.colcon_core.package_identification:_identify(/home/chen/Desktop/dev_ws/src) by extension 'ignore'
[10.875s] Level 1:colcon.colcon_core.package_identification:_identify(/home/chen/Desktop/dev_ws/src) by extension 'ignore_ament_install'
[10.876s] Level 1:colcon.colcon_core.package_identification:_identify(/home/chen/Desktop/dev_ws/src) by extensions ['colcon_pkg']
[10.877s] Level 1:colcon.colcon_core.package_identification:_identify(/home/chen/Desktop/dev_ws/src) by extension 'colcon_pkg'
[10.898s] Level 1:colcon.colcon_core.package_identification:_identify(/home/chen/Desktop/dev_ws/src) by extensions ['colcon_meta']
[10.899s] Level 1:colcon.colcon_core.package_identification:_identify(/home/chen/Desktop/dev_ws/src) by extension 'colcon_meta'
[10.899s] Level 1:colcon.colcon_core.package_identification:_identify(/home/chen/Desktop/dev_ws/src) by extensions ['ros']
[10.900s] Level 1:colcon.colcon_core.package_identification:_identify(/home/chen/Desktop/dev_ws/src) by extension 'ros'
[10.901s] Level 1:colcon.colcon_core.package_identification:_identify(/home/chen/Desktop/dev_ws/src) by extensions ['cmake', 'python']
[10.901s] Level 1:colcon.colcon_core.package_identification:_identify(/home/chen/Desktop/dev_ws/src) by extension 'cmake'
[10.902s] Level 1:colcon.colcon_core.package_identification:_identify(/home/chen/Desktop/dev_ws/src) by extension 'python'
[10.904s] Level 1:colcon.colcon_core.package_identification:_identify(/home/chen/Desktop/dev_ws/src) by extensions ['python_setup_py']
[10.904s] Level 1:colcon.colcon_core.package_identification:_identify(/home/chen/Desktop/dev_ws/src) by extension 'python_setup_py'
[10.907s] Level 1:colcon.colcon_core.package_identification:_identify(/home/chen/Desktop/dev_ws/src/articubot_one) by extensions ['ignore', 'ignore_ament_install']
[10.943s] Level 1:colcon.colcon_core.package_identification:_identify(/home/chen/Desktop/dev_ws/src/articubot_one) by extension 'ignore'
[10.944s] Level 1:colcon.colcon_core.package_identification:_identify(/home/chen/Desktop/dev_ws/src/articubot_one) by extension 'ignore_ament_install'
[10.945s] Level 1:colcon.colcon_core.package_identification:_identify(/home/chen/Desktop/dev_ws/src/articubot_one) by extensions ['colcon_pkg']
[10.946s] Level 1:colcon.colcon_core.package_identification:_identify(/home/chen/Desktop/dev_ws/src/articubot_one) by extension 'colcon_pkg'
[10.947s] Level 1:colcon.colcon_core.package_identification:_identify(/home/chen/Desktop/dev_ws/src/articubot_one) by extensions ['colcon_meta']
[10.948s] Level 1:colcon.colcon_core.package_identification:_identify(/home/chen/Desktop/dev_ws/src/articubot_one) by extension 'colcon_meta'
[10.948s] Level 1:colcon.colcon_core.package_identification:_identify(/home/chen/Desktop/dev_ws/src/articubot_one) by extensions ['ros']
[10.949s] Level 1:colcon.colcon_core.package_identification:_identify(/home/chen/Desktop/dev_ws/src/articubot_one) by extension 'ros'
[11.004s] DEBUG:colcon.colcon_core.package_identification:Package '/home/chen/Desktop/dev_ws/src/articubot_one' with type 'ros.ament_cmake' and name 'articubot_one'
[11.005s] Level 1:colcon.colcon_core.package_identification:_identify(/home/chen/Desktop/dev_ws/src/my_robot_controller) by extensions ['ignore', 'ignore_ament_install']
[11.007s] Level 1:colcon.colcon_core.package_identification:_identify(/home/chen/Desktop/dev_ws/src/my_robot_controller) by extension 'ignore'
[11.040s] Level 1:colcon.colcon_core.package_identification:_identify(/home/chen/Desktop/dev_ws/src/my_robot_controller) by extension 'ignore_ament_install'
[11.042s] Level 1:colcon.colcon_core.package_identification:_identify(/home/chen/Desktop/dev_ws/src/my_robot_controller) by extensions ['colcon_pkg']
[11.043s] Level 1:colcon.colcon_core.package_identification:_identify(/home/chen/Desktop/dev_ws/src/my_robot_controller) by extension 'colcon_pkg'
[11.043s] Level 1:colcon.colcon_core.package_identification:_identify(/home/chen/Desktop/dev_ws/src/my_robot_controller) by extensions ['colcon_meta']
[11.043s] Level 1:colcon.colcon_core.package_identification:_identify(/home/chen/Desktop/dev_ws/src/my_robot_controller) by extension 'colcon_meta'
[11.051s] Level 1:colcon.colcon_core.package_identification:_identify(/home/chen/Desktop/dev_ws/src/my_robot_controller) by extensions ['ros']
[11.052s] Level 1:colcon.colcon_core.package_identification:_identify(/home/chen/Desktop/dev_ws/src/my_robot_controller) by extension 'ros'
[11.053s] DEBUG:colcon.colcon_core.package_identification:Package '/home/chen/Desktop/dev_ws/src/my_robot_controller' with type 'ros.ament_python' and name 'my_robot_controller'
[11.084s] Level 1:colcon.colcon_core.package_identification:_identify(/home/chen/Desktop/dev_ws/src/video_stream_package) by extensions ['ignore', 'ignore_ament_install']
[11.090s] Level 1:colcon.colcon_core.package_identification:_identify(/home/chen/Desktop/dev_ws/src/video_stream_package) by extension 'ignore'
[11.091s] Level 1:colcon.colcon_core.package_identification:_identify(/home/chen/Desktop/dev_ws/src/video_stream_package) by extension 'ignore_ament_install'
[11.092s] Level 1:colcon.colcon_core.package_identification:_identify(/home/chen/Desktop/dev_ws/src/video_stream_package) by extensions ['colcon_pkg']
[11.093s] Level 1:colcon.colcon_core.package_identification:_identify(/home/chen/Desktop/dev_ws/src/video_stream_package) by extension 'colcon_pkg'
[11.093s] Level 1:colcon.colcon_core.package_identification:_identify(/home/chen/Desktop/dev_ws/src/video_stream_package) by extensions ['colcon_meta']
[11.094s] Level 1:colcon.colcon_core.package_identification:_identify(/home/chen/Desktop/dev_ws/src/video_stream_package) by extension 'colcon_meta'
[11.095s] Level 1:colcon.colcon_core.package_identification:_identify(/home/chen/Desktop/dev_ws/src/video_stream_package) by extensions ['ros']
[11.097s] Level 1:colcon.colcon_core.package_identification:_identify(/home/chen/Desktop/dev_ws/src/video_stream_package) by extension 'ros'
[11.131s] DEBUG:colcon.colcon_core.package_identification:Package '/home/chen/Desktop/dev_ws/src/video_stream_package' with type 'ros.ament_python' and name 'video_stream_package'
[11.137s] Level 1:colcon.colcon_core.package_discovery:discover_packages(recursive) using defaults
