[0.543s] DEBUG:colcon:Command line arguments: ['/usr/bin/colcon', 'build', '--symlink-install']
[0.543s] DEBUG:colcon:Parsed command line arguments: Namespace(log_base=None, log_level=None, verb_name='build', build_base='build', install_base='install', merge_install=False, symlink_install=True, test_result_base=None, continue_on_error=False, executor='parallel', parallel_workers=2, event_handlers=None, ignore_user_meta=False, metas=['./colcon.meta'], base_paths=['.'], packages_ignore=None, packages_ignore_regex=None, paths=None, packages_up_to=None, packages_up_to_regex=None, packages_above=None, packages_above_and_dependencies=None, packages_above_depth=None, packages_select_by_dep=None, packages_skip_by_dep=None, packages_skip_up_to=None, packages_select_build_failed=False, packages_skip_build_finished=False, packages_select_test_failures=False, packages_skip_test_passed=False, packages_select=None, packages_skip=None, packages_select_regex=None, packages_skip_regex=None, packages_start=None, packages_end=None, allow_overriding=[], cmake_args=None, cmake_target=None, cmake_target_skip_unavailable=False, cmake_clean_cache=False, cmake_clean_first=False, cmake_force_configure=False, ament_cmake_args=None, catkin_cmake_args=None, catkin_skip_building_tests=False, verb_parser=<colcon_defaults.argument_parser.defaults.DefaultArgumentsDecorator object at 0x78035de0b970>, verb_extension=<colcon_core.verb.build.BuildVerb object at 0x78035de0b460>, main=<bound method BuildVerb.main of <colcon_core.verb.build.BuildVerb object at 0x78035de0b460>>)
[1.431s] Level 1:colcon.colcon_core.package_discovery:discover_packages(colcon_meta) check parameters
[1.433s] Level 1:colcon.colcon_core.package_discovery:discover_packages(recursive) check parameters
[1.433s] Level 1:colcon.colcon_core.package_discovery:discover_packages(ignore) check parameters
[1.433s] Level 1:colcon.colcon_core.package_discovery:discover_packages(path) check parameters
[1.433s] Level 1:colcon.colcon_core.package_discovery:discover_packages(colcon_meta) discover
[1.434s] Level 1:colcon.colcon_core.package_discovery:discover_packages(recursive) discover
[1.434s] INFO:colcon.colcon_core.package_discovery:Crawling recursively for packages in '/home/chen/Desktop/dev_ws'
[1.434s] Level 1:colcon.colcon_core.package_identification:_identify(.) by extensions ['ignore', 'ignore_ament_install']
[1.434s] Level 1:colcon.colcon_core.package_identification:_identify(.) by extension 'ignore'
[1.434s] Level 1:colcon.colcon_core.package_identification:_identify(.) by extension 'ignore_ament_install'
[1.435s] Level 1:colcon.colcon_core.package_identification:_identify(.) by extensions ['colcon_pkg']
[1.435s] Level 1:colcon.colcon_core.package_identification:_identify(.) by extension 'colcon_pkg'
[1.435s] Level 1:colcon.colcon_core.package_identification:_identify(.) by extensions ['colcon_meta']
[1.435s] Level 1:colcon.colcon_core.package_identification:_identify(.) by extension 'colcon_meta'
[1.435s] Level 1:colcon.colcon_core.package_identification:_identify(.) by extensions ['ros']
[1.435s] Level 1:colcon.colcon_core.package_identification:_identify(.) by extension 'ros'
[1.465s] Level 1:colcon.colcon_core.package_identification:_identify(.) by extensions ['cmake', 'python']
[1.465s] Level 1:colcon.colcon_core.package_identification:_identify(.) by extension 'cmake'
[1.465s] Level 1:colcon.colcon_core.package_identification:_identify(.) by extension 'python'
[1.466s] Level 1:colcon.colcon_core.package_identification:_identify(.) by extensions ['python_setup_py']
[1.466s] Level 1:colcon.colcon_core.package_identification:_identify(.) by extension 'python_setup_py'
[1.466s] Level 1:colcon.colcon_core.package_identification:_identify(build) by extensions ['ignore', 'ignore_ament_install']
[1.466s] Level 1:colcon.colcon_core.package_identification:_identify(build) by extension 'ignore'
[1.466s] Level 1:colcon.colcon_core.package_identification:_identify(build) ignored
[1.467s] Level 1:colcon.colcon_core.package_identification:_identify(install) by extensions ['ignore', 'ignore_ament_install']
[1.467s] Level 1:colcon.colcon_core.package_identification:_identify(install) by extension 'ignore'
[1.467s] Level 1:colcon.colcon_core.package_identification:_identify(install) ignored
[1.467s] Level 1:colcon.colcon_core.package_identification:_identify(log) by extensions ['ignore', 'ignore_ament_install']
[1.467s] Level 1:colcon.colcon_core.package_identification:_identify(log) by extension 'ignore'
[1.468s] Level 1:colcon.colcon_core.package_identification:_identify(log) ignored
[1.468s] Level 1:colcon.colcon_core.package_identification:_identify(src) by extensions ['ignore', 'ignore_ament_install']
[1.469s] Level 1:colcon.colcon_core.package_identification:_identify(src) by extension 'ignore'
[1.469s] Level 1:colcon.colcon_core.package_identification:_identify(src) by extension 'ignore_ament_install'
[1.469s] Level 1:colcon.colcon_core.package_identification:_identify(src) by extensions ['colcon_pkg']
[1.469s] Level 1:colcon.colcon_core.package_identification:_identify(src) by extension 'colcon_pkg'
[1.469s] Level 1:colcon.colcon_core.package_identification:_identify(src) by extensions ['colcon_meta']
[1.469s] Level 1:colcon.colcon_core.package_identification:_identify(src) by extension 'colcon_meta'
[1.469s] Level 1:colcon.colcon_core.package_identification:_identify(src) by extensions ['ros']
[1.469s] Level 1:colcon.colcon_core.package_identification:_identify(src) by extension 'ros'
[1.470s] Level 1:colcon.colcon_core.package_identification:_identify(src) by extensions ['cmake', 'python']
[1.470s] Level 1:colcon.colcon_core.package_identification:_identify(src) by extension 'cmake'
[1.470s] Level 1:colcon.colcon_core.package_identification:_identify(src) by extension 'python'
[1.470s] Level 1:colcon.colcon_core.package_identification:_identify(src) by extensions ['python_setup_py']
[1.470s] Level 1:colcon.colcon_core.package_identification:_identify(src) by extension 'python_setup_py'
[1.471s] Level 1:colcon.colcon_core.package_identification:_identify(src/articubot_one) by extensions ['ignore', 'ignore_ament_install']
[1.471s] Level 1:colcon.colcon_core.package_identification:_identify(src/articubot_one) by extension 'ignore'
[1.471s] Level 1:colcon.colcon_core.package_identification:_identify(src/articubot_one) by extension 'ignore_ament_install'
[1.471s] Level 1:colcon.colcon_core.package_identification:_identify(src/articubot_one) by extensions ['colcon_pkg']
[1.471s] Level 1:colcon.colcon_core.package_identification:_identify(src/articubot_one) by extension 'colcon_pkg'
[1.471s] Level 1:colcon.colcon_core.package_identification:_identify(src/articubot_one) by extensions ['colcon_meta']
[1.471s] Level 1:colcon.colcon_core.package_identification:_identify(src/articubot_one) by extension 'colcon_meta'
[1.472s] Level 1:colcon.colcon_core.package_identification:_identify(src/articubot_one) by extensions ['ros']
[1.472s] Level 1:colcon.colcon_core.package_identification:_identify(src/articubot_one) by extension 'ros'
[1.479s] DEBUG:colcon.colcon_core.package_identification:Package 'src/articubot_one' with type 'ros.ament_cmake' and name 'articubot_one'
[1.479s] Level 1:colcon.colcon_core.package_identification:_identify(src/ffmpeg_image_transport) by extensions ['ignore', 'ignore_ament_install']
[1.479s] Level 1:colcon.colcon_core.package_identification:_identify(src/ffmpeg_image_transport) by extension 'ignore'
[1.479s] Level 1:colcon.colcon_core.package_identification:_identify(src/ffmpeg_image_transport) by extension 'ignore_ament_install'
[1.480s] Level 1:colcon.colcon_core.package_identification:_identify(src/ffmpeg_image_transport) by extensions ['colcon_pkg']
[1.480s] Level 1:colcon.colcon_core.package_identification:_identify(src/ffmpeg_image_transport) by extension 'colcon_pkg'
[1.480s] Level 1:colcon.colcon_core.package_identification:_identify(src/ffmpeg_image_transport) by extensions ['colcon_meta']
[1.480s] Level 1:colcon.colcon_core.package_identification:_identify(src/ffmpeg_image_transport) by extension 'colcon_meta'
[1.480s] Level 1:colcon.colcon_core.package_identification:_identify(src/ffmpeg_image_transport) by extensions ['ros']
[1.480s] Level 1:colcon.colcon_core.package_identification:_identify(src/ffmpeg_image_transport) by extension 'ros'
[1.483s] DEBUG:colcon.colcon_core.package_identification:Package 'src/ffmpeg_image_transport' with type 'ros.ament_cmake' and name 'ffmpeg_image_transport'
[1.483s] Level 1:colcon.colcon_core.package_identification:_identify(src/my_robot_controller) by extensions ['ignore', 'ignore_ament_install']
[1.483s] Level 1:colcon.colcon_core.package_identification:_identify(src/my_robot_controller) by extension 'ignore'
[1.483s] Level 1:colcon.colcon_core.package_identification:_identify(src/my_robot_controller) by extension 'ignore_ament_install'
[1.483s] Level 1:colcon.colcon_core.package_identification:_identify(src/my_robot_controller) by extensions ['colcon_pkg']
[1.483s] Level 1:colcon.colcon_core.package_identification:_identify(src/my_robot_controller) by extension 'colcon_pkg'
[1.484s] Level 1:colcon.colcon_core.package_identification:_identify(src/my_robot_controller) by extensions ['colcon_meta']
[1.484s] Level 1:colcon.colcon_core.package_identification:_identify(src/my_robot_controller) by extension 'colcon_meta'
[1.487s] Level 1:colcon.colcon_core.package_identification:_identify(src/my_robot_controller) by extensions ['ros']
[1.487s] Level 1:colcon.colcon_core.package_identification:_identify(src/my_robot_controller) by extension 'ros'
[1.490s] DEBUG:colcon.colcon_core.package_identification:Package 'src/my_robot_controller' with type 'ros.ament_python' and name 'my_robot_controller'
[1.491s] Level 1:colcon.colcon_core.package_identification:_identify(src/video_stream_package) by extensions ['ignore', 'ignore_ament_install']
[1.492s] Level 1:colcon.colcon_core.package_identification:_identify(src/video_stream_package) by extension 'ignore'
[1.493s] Level 1:colcon.colcon_core.package_identification:_identify(src/video_stream_package) by extension 'ignore_ament_install'
[1.493s] Level 1:colcon.colcon_core.package_identification:_identify(src/video_stream_package) by extensions ['colcon_pkg']
[1.493s] Level 1:colcon.colcon_core.package_identification:_identify(src/video_stream_package) by extension 'colcon_pkg'
[1.493s] Level 1:colcon.colcon_core.package_identification:_identify(src/video_stream_package) by extensions ['colcon_meta']
[1.493s] Level 1:colcon.colcon_core.package_identification:_identify(src/video_stream_package) by extension 'colcon_meta'
[1.493s] Level 1:colcon.colcon_core.package_identification:_identify(src/video_stream_package) by extensions ['ros']
[1.493s] Level 1:colcon.colcon_core.package_identification:_identify(src/video_stream_package) by extension 'ros'
[1.495s] DEBUG:colcon.colcon_core.package_identification:Package 'src/video_stream_package' with type 'ros.ament_python' and name 'video_stream_package'
[1.495s] Level 1:colcon.colcon_core.package_discovery:discover_packages(recursive) using defaults
[1.495s] Level 1:colcon.colcon_core.package_discovery:discover_packages(ignore) discover
[1.495s] Level 1:colcon.colcon_core.package_discovery:discover_packages(ignore) using defaults
[1.496s] Level 1:colcon.colcon_core.package_discovery:discover_packages(path) discover
[1.496s] Level 1:colcon.colcon_core.package_discovery:discover_packages(path) using defaults
[1.564s] Level 1:colcon.colcon_core.package_discovery:discover_packages(prefix_path) check parameters
[1.564s] Level 1:colcon.colcon_core.package_discovery:discover_packages(prefix_path) discover
[1.589s] DEBUG:colcon.colcon_installed_package_information.package_discovery:Found 4 installed packages in /home/chen/Desktop/dev_ws/install
[1.595s] DEBUG:colcon.colcon_installed_package_information.package_discovery:Found 275 installed packages in /opt/ros/humble
[1.599s] Level 1:colcon.colcon_core.package_discovery:discover_packages(prefix_path) using defaults
[1.714s] Level 5:colcon.colcon_core.verb:set package 'articubot_one' build argument 'cmake_args' from command line to 'None'
[1.715s] Level 5:colcon.colcon_core.verb:set package 'articubot_one' build argument 'cmake_target' from command line to 'None'
[1.715s] Level 5:colcon.colcon_core.verb:set package 'articubot_one' build argument 'cmake_target_skip_unavailable' from command line to 'False'
[1.715s] Level 5:colcon.colcon_core.verb:set package 'articubot_one' build argument 'cmake_clean_cache' from command line to 'False'
[1.715s] Level 5:colcon.colcon_core.verb:set package 'articubot_one' build argument 'cmake_clean_first' from command line to 'False'
[1.715s] Level 5:colcon.colcon_core.verb:set package 'articubot_one' build argument 'cmake_force_configure' from command line to 'False'
[1.715s] Level 5:colcon.colcon_core.verb:set package 'articubot_one' build argument 'ament_cmake_args' from command line to 'None'
[1.715s] Level 5:colcon.colcon_core.verb:set package 'articubot_one' build argument 'catkin_cmake_args' from command line to 'None'
[1.715s] Level 5:colcon.colcon_core.verb:set package 'articubot_one' build argument 'catkin_skip_building_tests' from command line to 'False'
[1.715s] DEBUG:colcon.colcon_core.verb:Building package 'articubot_one' with the following arguments: {'ament_cmake_args': None, 'build_base': '/home/chen/Desktop/dev_ws/build/articubot_one', 'catkin_cmake_args': None, 'catkin_skip_building_tests': False, 'cmake_args': None, 'cmake_clean_cache': False, 'cmake_clean_first': False, 'cmake_force_configure': False, 'cmake_target': None, 'cmake_target_skip_unavailable': False, 'install_base': '/home/chen/Desktop/dev_ws/install/articubot_one', 'merge_install': False, 'path': '/home/chen/Desktop/dev_ws/src/articubot_one', 'symlink_install': True, 'test_result_base': None}
[1.716s] Level 5:colcon.colcon_core.verb:set package 'ffmpeg_image_transport' build argument 'cmake_args' from command line to 'None'
[1.716s] Level 5:colcon.colcon_core.verb:set package 'ffmpeg_image_transport' build argument 'cmake_target' from command line to 'None'
[1.716s] Level 5:colcon.colcon_core.verb:set package 'ffmpeg_image_transport' build argument 'cmake_target_skip_unavailable' from command line to 'False'
[1.716s] Level 5:colcon.colcon_core.verb:set package 'ffmpeg_image_transport' build argument 'cmake_clean_cache' from command line to 'False'
[1.716s] Level 5:colcon.colcon_core.verb:set package 'ffmpeg_image_transport' build argument 'cmake_clean_first' from command line to 'False'
[1.716s] Level 5:colcon.colcon_core.verb:set package 'ffmpeg_image_transport' build argument 'cmake_force_configure' from command line to 'False'
[1.717s] Level 5:colcon.colcon_core.verb:set package 'ffmpeg_image_transport' build argument 'ament_cmake_args' from command line to 'None'
[1.717s] Level 5:colcon.colcon_core.verb:set package 'ffmpeg_image_transport' build argument 'catkin_cmake_args' from command line to 'None'
[1.717s] Level 5:colcon.colcon_core.verb:set package 'ffmpeg_image_transport' build argument 'catkin_skip_building_tests' from command line to 'False'
[1.717s] DEBUG:colcon.colcon_core.verb:Building package 'ffmpeg_image_transport' with the following arguments: {'ament_cmake_args': None, 'build_base': '/home/chen/Desktop/dev_ws/build/ffmpeg_image_transport', 'catkin_cmake_args': None, 'catkin_skip_building_tests': False, 'cmake_args': None, 'cmake_clean_cache': False, 'cmake_clean_first': False, 'cmake_force_configure': False, 'cmake_target': None, 'cmake_target_skip_unavailable': False, 'install_base': '/home/chen/Desktop/dev_ws/install/ffmpeg_image_transport', 'merge_install': False, 'path': '/home/chen/Desktop/dev_ws/src/ffmpeg_image_transport', 'symlink_install': True, 'test_result_base': None}
[1.717s] Level 5:colcon.colcon_core.verb:set package 'my_robot_controller' build argument 'cmake_args' from command line to 'None'
[1.717s] Level 5:colcon.colcon_core.verb:set package 'my_robot_controller' build argument 'cmake_target' from command line to 'None'
[1.718s] Level 5:colcon.colcon_core.verb:set package 'my_robot_controller' build argument 'cmake_target_skip_unavailable' from command line to 'False'
[1.718s] Level 5:colcon.colcon_core.verb:set package 'my_robot_controller' build argument 'cmake_clean_cache' from command line to 'False'
[1.718s] Level 5:colcon.colcon_core.verb:set package 'my_robot_controller' build argument 'cmake_clean_first' from command line to 'False'
[1.718s] Level 5:colcon.colcon_core.verb:set package 'my_robot_controller' build argument 'cmake_force_configure' from command line to 'False'
[1.718s] Level 5:colcon.colcon_core.verb:set package 'my_robot_controller' build argument 'ament_cmake_args' from command line to 'None'
[1.718s] Level 5:colcon.colcon_core.verb:set package 'my_robot_controller' build argument 'catkin_cmake_args' from command line to 'None'
[1.718s] Level 5:colcon.colcon_core.verb:set package 'my_robot_controller' build argument 'catkin_skip_building_tests' from command line to 'False'
[1.718s] DEBUG:colcon.colcon_core.verb:Building package 'my_robot_controller' with the following arguments: {'ament_cmake_args': None, 'build_base': '/home/chen/Desktop/dev_ws/build/my_robot_controller', 'catkin_cmake_args': None, 'catkin_skip_building_tests': False, 'cmake_args': None, 'cmake_clean_cache': False, 'cmake_clean_first': False, 'cmake_force_configure': False, 'cmake_target': None, 'cmake_target_skip_unavailable': False, 'install_base': '/home/chen/Desktop/dev_ws/install/my_robot_controller', 'merge_install': False, 'path': '/home/chen/Desktop/dev_ws/src/my_robot_controller', 'symlink_install': True, 'test_result_base': None}
[1.719s] Level 5:colcon.colcon_core.verb:set package 'video_stream_package' build argument 'cmake_args' from command line to 'None'
[1.719s] Level 5:colcon.colcon_core.verb:set package 'video_stream_package' build argument 'cmake_target' from command line to 'None'
[1.719s] Level 5:colcon.colcon_core.verb:set package 'video_stream_package' build argument 'cmake_target_skip_unavailable' from command line to 'False'
[1.719s] Level 5:colcon.colcon_core.verb:set package 'video_stream_package' build argument 'cmake_clean_cache' from command line to 'False'
[1.719s] Level 5:colcon.colcon_core.verb:set package 'video_stream_package' build argument 'cmake_clean_first' from command line to 'False'
[1.719s] Level 5:colcon.colcon_core.verb:set package 'video_stream_package' build argument 'cmake_force_configure' from command line to 'False'
[1.719s] Level 5:colcon.colcon_core.verb:set package 'video_stream_package' build argument 'ament_cmake_args' from command line to 'None'
[1.719s] Level 5:colcon.colcon_core.verb:set package 'video_stream_package' build argument 'catkin_cmake_args' from command line to 'None'
[1.719s] Level 5:colcon.colcon_core.verb:set package 'video_stream_package' build argument 'catkin_skip_building_tests' from command line to 'False'
[1.719s] DEBUG:colcon.colcon_core.verb:Building package 'video_stream_package' with the following arguments: {'ament_cmake_args': None, 'build_base': '/home/chen/Desktop/dev_ws/build/video_stream_package', 'catkin_cmake_args': None, 'catkin_skip_building_tests': False, 'cmake_args': None, 'cmake_clean_cache': False, 'cmake_clean_first': False, 'cmake_force_configure': False, 'cmake_target': None, 'cmake_target_skip_unavailable': False, 'install_base': '/home/chen/Desktop/dev_ws/install/video_stream_package', 'merge_install': False, 'path': '/home/chen/Desktop/dev_ws/src/video_stream_package', 'symlink_install': True, 'test_result_base': None}
[1.720s] INFO:colcon.colcon_core.executor:Executing jobs using 'parallel' executor
[1.722s] DEBUG:colcon.colcon_parallel_executor.executor.parallel:run_until_complete
[1.723s] INFO:colcon.colcon_ros.task.ament_cmake.build:Building ROS package in '/home/chen/Desktop/dev_ws/src/articubot_one' with build type 'ament_cmake'
[1.723s] INFO:colcon.colcon_cmake.task.cmake.build:Building CMake package in '/home/chen/Desktop/dev_ws/src/articubot_one'
[1.748s] INFO:colcon.colcon_core.plugin_system:Skipping extension 'colcon_core.shell.bat': Not used on non-Windows systems
[1.749s] INFO:colcon.colcon_core.shell:Skip shell extension 'powershell' for command environment: Not usable outside of PowerShell
[1.749s] DEBUG:colcon.colcon_core.shell:Skip shell extension 'dsv' for command environment
[1.775s] INFO:colcon.colcon_ros.task.ament_cmake.build:Building ROS package in '/home/chen/Desktop/dev_ws/src/ffmpeg_image_transport' with build type 'ament_cmake'
[1.775s] INFO:colcon.colcon_cmake.task.cmake.build:Building CMake package in '/home/chen/Desktop/dev_ws/src/ffmpeg_image_transport'
[1.776s] INFO:colcon.colcon_core.shell:Skip shell extension 'powershell' for command environment: Not usable outside of PowerShell
[1.776s] DEBUG:colcon.colcon_core.shell:Skip shell extension 'dsv' for command environment
[1.881s] DEBUG:colcon.colcon_core.event_handler.log_command:Invoking command in '/home/chen/Desktop/dev_ws/build/articubot_one': CMAKE_PREFIX_PATH=${CMAKE_PREFIX_PATH}:/home/chen/Desktop/dev_ws/install/video_stream_package:/home/chen/Desktop/dev_ws/install/my_robot_controller:/opt/ros/humble /usr/bin/cmake /home/chen/Desktop/dev_ws/src/articubot_one -DAMENT_CMAKE_SYMLINK_INSTALL=1 -DCMAKE_INSTALL_PREFIX=/home/chen/Desktop/dev_ws/install/articubot_one
[1.946s] DEBUG:colcon.colcon_core.event_handler.log_command:Invoking command in '/home/chen/Desktop/dev_ws/build/ffmpeg_image_transport': CMAKE_PREFIX_PATH=${CMAKE_PREFIX_PATH}:/home/chen/Desktop/dev_ws/install/video_stream_package:/home/chen/Desktop/dev_ws/install/my_robot_controller:/opt/ros/humble /usr/bin/cmake /home/chen/Desktop/dev_ws/src/ffmpeg_image_transport -DAMENT_CMAKE_SYMLINK_INSTALL=1 -DCMAKE_INSTALL_PREFIX=/home/chen/Desktop/dev_ws/install/ffmpeg_image_transport
[3.620s] DEBUG:colcon.colcon_core.event_handler.log_command:Invoked command in '/home/chen/Desktop/dev_ws/build/articubot_one' returned '0': CMAKE_PREFIX_PATH=${CMAKE_PREFIX_PATH}:/home/chen/Desktop/dev_ws/install/video_stream_package:/home/chen/Desktop/dev_ws/install/my_robot_controller:/opt/ros/humble /usr/bin/cmake /home/chen/Desktop/dev_ws/src/articubot_one -DAMENT_CMAKE_SYMLINK_INSTALL=1 -DCMAKE_INSTALL_PREFIX=/home/chen/Desktop/dev_ws/install/articubot_one
[3.627s] DEBUG:colcon.colcon_core.event_handler.log_command:Invoking command in '/home/chen/Desktop/dev_ws/build/articubot_one': CMAKE_PREFIX_PATH=${CMAKE_PREFIX_PATH}:/home/chen/Desktop/dev_ws/install/video_stream_package:/home/chen/Desktop/dev_ws/install/my_robot_controller:/opt/ros/humble /usr/bin/cmake --build /home/chen/Desktop/dev_ws/build/articubot_one -- -j2 -l2
[3.988s] DEBUG:colcon.colcon_core.event_handler.log_command:Invoked command in '/home/chen/Desktop/dev_ws/build/articubot_one' returned '0': CMAKE_PREFIX_PATH=${CMAKE_PREFIX_PATH}:/home/chen/Desktop/dev_ws/install/video_stream_package:/home/chen/Desktop/dev_ws/install/my_robot_controller:/opt/ros/humble /usr/bin/cmake --build /home/chen/Desktop/dev_ws/build/articubot_one -- -j2 -l2
[4.258s] DEBUG:colcon.colcon_core.event_handler.log_command:Invoking command in '/home/chen/Desktop/dev_ws/build/articubot_one': CMAKE_PREFIX_PATH=${CMAKE_PREFIX_PATH}:/home/chen/Desktop/dev_ws/install/video_stream_package:/home/chen/Desktop/dev_ws/install/my_robot_controller:/opt/ros/humble /usr/bin/cmake --install /home/chen/Desktop/dev_ws/build/articubot_one
[4.779s] Level 1:colcon.colcon_core.environment:create_environment_scripts_only(articubot_one)
[4.784s] DEBUG:colcon.colcon_core.event_handler.log_command:Invoked command in '/home/chen/Desktop/dev_ws/build/articubot_one' returned '0': CMAKE_PREFIX_PATH=${CMAKE_PREFIX_PATH}:/home/chen/Desktop/dev_ws/install/video_stream_package:/home/chen/Desktop/dev_ws/install/my_robot_controller:/opt/ros/humble /usr/bin/cmake --install /home/chen/Desktop/dev_ws/build/articubot_one
[4.854s] Level 1:colcon.colcon_core.environment:checking '/home/chen/Desktop/dev_ws/install/articubot_one' for CMake module files
[4.864s] Level 1:colcon.colcon_core.environment:checking '/home/chen/Desktop/dev_ws/install/articubot_one' for CMake config files
[4.867s] Level 1:colcon.colcon_core.shell:create_environment_hook('articubot_one', 'cmake_prefix_path')
[4.868s] INFO:colcon.colcon_core.shell:Creating environment hook '/home/chen/Desktop/dev_ws/install/articubot_one/share/articubot_one/hook/cmake_prefix_path.ps1'
[4.870s] INFO:colcon.colcon_core.shell:Creating environment descriptor '/home/chen/Desktop/dev_ws/install/articubot_one/share/articubot_one/hook/cmake_prefix_path.dsv'
[4.871s] INFO:colcon.colcon_core.shell:Creating environment hook '/home/chen/Desktop/dev_ws/install/articubot_one/share/articubot_one/hook/cmake_prefix_path.sh'
[4.881s] Level 1:colcon.colcon_core.environment:checking '/home/chen/Desktop/dev_ws/install/articubot_one/bin'
[4.882s] Level 1:colcon.colcon_core.environment:checking '/home/chen/Desktop/dev_ws/install/articubot_one/lib/pkgconfig/articubot_one.pc'
[4.882s] Level 1:colcon.colcon_core.environment:checking '/home/chen/Desktop/dev_ws/install/articubot_one/lib/python3.10/site-packages'
[4.882s] Level 1:colcon.colcon_core.environment:checking '/home/chen/Desktop/dev_ws/install/articubot_one/bin'
[4.883s] INFO:colcon.colcon_core.shell:Creating package script '/home/chen/Desktop/dev_ws/install/articubot_one/share/articubot_one/package.ps1'
[4.886s] INFO:colcon.colcon_core.shell:Creating package descriptor '/home/chen/Desktop/dev_ws/install/articubot_one/share/articubot_one/package.dsv'
[4.891s] INFO:colcon.colcon_core.shell:Creating package script '/home/chen/Desktop/dev_ws/install/articubot_one/share/articubot_one/package.sh'
[4.898s] INFO:colcon.colcon_core.shell:Creating package script '/home/chen/Desktop/dev_ws/install/articubot_one/share/articubot_one/package.bash'
[4.899s] INFO:colcon.colcon_core.shell:Creating package script '/home/chen/Desktop/dev_ws/install/articubot_one/share/articubot_one/package.zsh'
[4.906s] Level 1:colcon.colcon_core.environment:create_file_with_runtime_dependencies(/home/chen/Desktop/dev_ws/install/articubot_one/share/colcon-core/packages/articubot_one)
[5.172s] Level 1:colcon.colcon_core.environment:create_environment_scripts_only(articubot_one)
[5.173s] Level 1:colcon.colcon_core.environment:checking '/home/chen/Desktop/dev_ws/install/articubot_one' for CMake module files
[5.174s] Level 1:colcon.colcon_core.environment:checking '/home/chen/Desktop/dev_ws/install/articubot_one' for CMake config files
[5.178s] Level 1:colcon.colcon_core.shell:create_environment_hook('articubot_one', 'cmake_prefix_path')
[5.179s] INFO:colcon.colcon_core.shell:Creating environment hook '/home/chen/Desktop/dev_ws/install/articubot_one/share/articubot_one/hook/cmake_prefix_path.ps1'
[5.182s] INFO:colcon.colcon_core.shell:Creating environment descriptor '/home/chen/Desktop/dev_ws/install/articubot_one/share/articubot_one/hook/cmake_prefix_path.dsv'
[5.185s] INFO:colcon.colcon_core.shell:Creating environment hook '/home/chen/Desktop/dev_ws/install/articubot_one/share/articubot_one/hook/cmake_prefix_path.sh'
[5.188s] Level 1:colcon.colcon_core.environment:checking '/home/chen/Desktop/dev_ws/install/articubot_one/bin'
[5.189s] Level 1:colcon.colcon_core.environment:checking '/home/chen/Desktop/dev_ws/install/articubot_one/lib/pkgconfig/articubot_one.pc'
[5.190s] Level 1:colcon.colcon_core.environment:checking '/home/chen/Desktop/dev_ws/install/articubot_one/lib/python3.10/site-packages'
[5.191s] Level 1:colcon.colcon_core.environment:checking '/home/chen/Desktop/dev_ws/install/articubot_one/bin'
[5.192s] INFO:colcon.colcon_core.shell:Creating package script '/home/chen/Desktop/dev_ws/install/articubot_one/share/articubot_one/package.ps1'
[5.194s] INFO:colcon.colcon_core.shell:Creating package descriptor '/home/chen/Desktop/dev_ws/install/articubot_one/share/articubot_one/package.dsv'
[5.198s] INFO:colcon.colcon_core.shell:Creating package script '/home/chen/Desktop/dev_ws/install/articubot_one/share/articubot_one/package.sh'
[5.201s] INFO:colcon.colcon_core.shell:Creating package script '/home/chen/Desktop/dev_ws/install/articubot_one/share/articubot_one/package.bash'
[5.203s] INFO:colcon.colcon_core.shell:Creating package script '/home/chen/Desktop/dev_ws/install/articubot_one/share/articubot_one/package.zsh'
[5.207s] Level 1:colcon.colcon_core.environment:create_file_with_runtime_dependencies(/home/chen/Desktop/dev_ws/install/articubot_one/share/colcon-core/packages/articubot_one)
[5.209s] INFO:colcon.colcon_ros.task.ament_python.build:Building ROS package in '/home/chen/Desktop/dev_ws/src/my_robot_controller' with build type 'ament_python'
[5.210s] Level 1:colcon.colcon_core.shell:create_environment_hook('my_robot_controller', 'ament_prefix_path')
[5.211s] INFO:colcon.colcon_core.shell:Creating environment hook '/home/chen/Desktop/dev_ws/install/my_robot_controller/share/my_robot_controller/hook/ament_prefix_path.ps1'
[5.217s] INFO:colcon.colcon_core.shell:Creating environment descriptor '/home/chen/Desktop/dev_ws/install/my_robot_controller/share/my_robot_controller/hook/ament_prefix_path.dsv'
[5.225s] INFO:colcon.colcon_core.shell:Creating environment hook '/home/chen/Desktop/dev_ws/install/my_robot_controller/share/my_robot_controller/hook/ament_prefix_path.sh'
[5.229s] INFO:colcon.colcon_core.shell:Skip shell extension 'powershell' for command environment: Not usable outside of PowerShell
[5.229s] DEBUG:colcon.colcon_core.shell:Skip shell extension 'dsv' for command environment
[6.297s] INFO:colcon.colcon_core.task.python.build:Building Python package in '/home/chen/Desktop/dev_ws/src/my_robot_controller'
[6.298s] INFO:colcon.colcon_core.shell:Skip shell extension 'powershell' for command environment: Not usable outside of PowerShell
[6.298s] DEBUG:colcon.colcon_core.shell:Skip shell extension 'dsv' for command environment
[7.815s] DEBUG:colcon.colcon_core.event_handler.log_command:Invoked command in '/home/chen/Desktop/dev_ws/build/ffmpeg_image_transport' returned '0': CMAKE_PREFIX_PATH=${CMAKE_PREFIX_PATH}:/home/chen/Desktop/dev_ws/install/video_stream_package:/home/chen/Desktop/dev_ws/install/my_robot_controller:/opt/ros/humble /usr/bin/cmake /home/chen/Desktop/dev_ws/src/ffmpeg_image_transport -DAMENT_CMAKE_SYMLINK_INSTALL=1 -DCMAKE_INSTALL_PREFIX=/home/chen/Desktop/dev_ws/install/ffmpeg_image_transport
[7.815s] DEBUG:colcon.colcon_core.event_handler.log_command:Invoking command in '/home/chen/Desktop/dev_ws/build/ffmpeg_image_transport': CMAKE_PREFIX_PATH=${CMAKE_PREFIX_PATH}:/home/chen/Desktop/dev_ws/install/video_stream_package:/home/chen/Desktop/dev_ws/install/my_robot_controller:/opt/ros/humble /usr/bin/cmake --build /home/chen/Desktop/dev_ws/build/ffmpeg_image_transport -- -j2 -l2
[8.679s] DEBUG:colcon.colcon_core.event_handler.log_command:Invoking command in '/home/chen/Desktop/dev_ws/build/my_robot_controller': PYTHONPATH=/home/chen/Desktop/dev_ws/build/my_robot_controller/prefix_override:/home/chen/Desktop/dev_ws/install/my_robot_controller/lib/python3.10/site-packages:${PYTHONPATH} /usr/bin/python3 -W ignore:setup.py install is deprecated setup.py develop --editable --build-directory /home/chen/Desktop/dev_ws/build/my_robot_controller/build --no-deps symlink_data
[10.004s] DEBUG:colcon.colcon_core.event_handler.log_command:Invoked command in '/home/chen/Desktop/dev_ws/build/ffmpeg_image_transport' returned '0': CMAKE_PREFIX_PATH=${CMAKE_PREFIX_PATH}:/home/chen/Desktop/dev_ws/install/video_stream_package:/home/chen/Desktop/dev_ws/install/my_robot_controller:/opt/ros/humble /usr/bin/cmake --build /home/chen/Desktop/dev_ws/build/ffmpeg_image_transport -- -j2 -l2
[10.601s] DEBUG:colcon.colcon_core.event_handler.log_command:Invoking command in '/home/chen/Desktop/dev_ws/build/ffmpeg_image_transport': CMAKE_PREFIX_PATH=${CMAKE_PREFIX_PATH}:/home/chen/Desktop/dev_ws/install/video_stream_package:/home/chen/Desktop/dev_ws/install/my_robot_controller:/opt/ros/humble /usr/bin/cmake --install /home/chen/Desktop/dev_ws/build/ffmpeg_image_transport
[11.073s] Level 1:colcon.colcon_core.environment:create_environment_scripts_only(ffmpeg_image_transport)
[11.073s] Level 1:colcon.colcon_core.environment:checking '/home/chen/Desktop/dev_ws/install/ffmpeg_image_transport' for CMake module files
[11.077s] DEBUG:colcon.colcon_core.event_handler.log_command:Invoked command in '/home/chen/Desktop/dev_ws/build/ffmpeg_image_transport' returned '0': CMAKE_PREFIX_PATH=${CMAKE_PREFIX_PATH}:/home/chen/Desktop/dev_ws/install/video_stream_package:/home/chen/Desktop/dev_ws/install/my_robot_controller:/opt/ros/humble /usr/bin/cmake --install /home/chen/Desktop/dev_ws/build/ffmpeg_image_transport
[11.090s] Level 1:colcon.colcon_core.environment:checking '/home/chen/Desktop/dev_ws/install/ffmpeg_image_transport' for CMake config files
[11.097s] Level 1:colcon.colcon_core.shell:create_environment_hook('ffmpeg_image_transport', 'cmake_prefix_path')
[11.098s] INFO:colcon.colcon_core.shell:Creating environment hook '/home/chen/Desktop/dev_ws/install/ffmpeg_image_transport/share/ffmpeg_image_transport/hook/cmake_prefix_path.ps1'
[11.099s] INFO:colcon.colcon_core.shell:Creating environment descriptor '/home/chen/Desktop/dev_ws/install/ffmpeg_image_transport/share/ffmpeg_image_transport/hook/cmake_prefix_path.dsv'
[11.116s] INFO:colcon.colcon_core.shell:Creating environment hook '/home/chen/Desktop/dev_ws/install/ffmpeg_image_transport/share/ffmpeg_image_transport/hook/cmake_prefix_path.sh'
[11.118s] Level 1:colcon.colcon_core.environment:checking '/home/chen/Desktop/dev_ws/install/ffmpeg_image_transport/lib'
[11.118s] Level 1:colcon.colcon_core.shell:create_environment_hook('ffmpeg_image_transport', 'ld_library_path_lib')
[11.119s] INFO:colcon.colcon_core.shell:Creating environment hook '/home/chen/Desktop/dev_ws/install/ffmpeg_image_transport/share/ffmpeg_image_transport/hook/ld_library_path_lib.ps1'
[11.124s] INFO:colcon.colcon_core.shell:Creating environment descriptor '/home/chen/Desktop/dev_ws/install/ffmpeg_image_transport/share/ffmpeg_image_transport/hook/ld_library_path_lib.dsv'
[11.162s] INFO:colcon.colcon_core.shell:Creating environment hook '/home/chen/Desktop/dev_ws/install/ffmpeg_image_transport/share/ffmpeg_image_transport/hook/ld_library_path_lib.sh'
[11.163s] Level 1:colcon.colcon_core.environment:checking '/home/chen/Desktop/dev_ws/install/ffmpeg_image_transport/bin'
[11.163s] Level 1:colcon.colcon_core.shell:create_environment_hook('ffmpeg_image_transport', 'path')
[11.164s] INFO:colcon.colcon_core.shell:Creating environment hook '/home/chen/Desktop/dev_ws/install/ffmpeg_image_transport/share/ffmpeg_image_transport/hook/path.ps1'
[11.201s] INFO:colcon.colcon_core.shell:Creating environment descriptor '/home/chen/Desktop/dev_ws/install/ffmpeg_image_transport/share/ffmpeg_image_transport/hook/path.dsv'
[11.202s] INFO:colcon.colcon_core.shell:Creating environment hook '/home/chen/Desktop/dev_ws/install/ffmpeg_image_transport/share/ffmpeg_image_transport/hook/path.sh'
[11.204s] Level 1:colcon.colcon_core.environment:checking '/home/chen/Desktop/dev_ws/install/ffmpeg_image_transport/lib/pkgconfig/ffmpeg_image_transport.pc'
[11.231s] Level 1:colcon.colcon_core.environment:checking '/home/chen/Desktop/dev_ws/install/ffmpeg_image_transport/lib/python3.10/site-packages'
[11.245s] Level 1:colcon.colcon_core.environment:checking '/home/chen/Desktop/dev_ws/install/ffmpeg_image_transport/bin'
[11.245s] Level 1:colcon.colcon_core.shell:create_environment_hook('ffmpeg_image_transport', 'pythonscriptspath')
[11.246s] INFO:colcon.colcon_core.shell:Creating environment hook '/home/chen/Desktop/dev_ws/install/ffmpeg_image_transport/share/ffmpeg_image_transport/hook/pythonscriptspath.ps1'
[11.247s] INFO:colcon.colcon_core.shell:Creating environment descriptor '/home/chen/Desktop/dev_ws/install/ffmpeg_image_transport/share/ffmpeg_image_transport/hook/pythonscriptspath.dsv'
[11.249s] INFO:colcon.colcon_core.shell:Creating environment hook '/home/chen/Desktop/dev_ws/install/ffmpeg_image_transport/share/ffmpeg_image_transport/hook/pythonscriptspath.sh'
[11.251s] INFO:colcon.colcon_core.shell:Creating package script '/home/chen/Desktop/dev_ws/install/ffmpeg_image_transport/share/ffmpeg_image_transport/package.ps1'
[11.253s] INFO:colcon.colcon_core.shell:Creating package descriptor '/home/chen/Desktop/dev_ws/install/ffmpeg_image_transport/share/ffmpeg_image_transport/package.dsv'
[11.260s] INFO:colcon.colcon_core.shell:Creating package script '/home/chen/Desktop/dev_ws/install/ffmpeg_image_transport/share/ffmpeg_image_transport/package.sh'
[11.263s] INFO:colcon.colcon_core.shell:Creating package script '/home/chen/Desktop/dev_ws/install/ffmpeg_image_transport/share/ffmpeg_image_transport/package.bash'
[11.265s] INFO:colcon.colcon_core.shell:Creating package script '/home/chen/Desktop/dev_ws/install/ffmpeg_image_transport/share/ffmpeg_image_transport/package.zsh'
[11.267s] Level 1:colcon.colcon_core.environment:create_file_with_runtime_dependencies(/home/chen/Desktop/dev_ws/install/ffmpeg_image_transport/share/colcon-core/packages/ffmpeg_image_transport)
[12.382s] Level 1:colcon.colcon_core.environment:create_environment_scripts_only(ffmpeg_image_transport)
[12.383s] Level 1:colcon.colcon_core.environment:checking '/home/chen/Desktop/dev_ws/install/ffmpeg_image_transport' for CMake module files
[12.388s] Level 1:colcon.colcon_core.environment:checking '/home/chen/Desktop/dev_ws/install/ffmpeg_image_transport' for CMake config files
[12.390s] Level 1:colcon.colcon_core.shell:create_environment_hook('ffmpeg_image_transport', 'cmake_prefix_path')
[12.390s] INFO:colcon.colcon_core.shell:Creating environment hook '/home/chen/Desktop/dev_ws/install/ffmpeg_image_transport/share/ffmpeg_image_transport/hook/cmake_prefix_path.ps1'
[12.391s] INFO:colcon.colcon_core.shell:Creating environment descriptor '/home/chen/Desktop/dev_ws/install/ffmpeg_image_transport/share/ffmpeg_image_transport/hook/cmake_prefix_path.dsv'
[12.399s] INFO:colcon.colcon_core.shell:Creating environment hook '/home/chen/Desktop/dev_ws/install/ffmpeg_image_transport/share/ffmpeg_image_transport/hook/cmake_prefix_path.sh'
[12.414s] Level 1:colcon.colcon_core.environment:checking '/home/chen/Desktop/dev_ws/install/ffmpeg_image_transport/lib'
[12.414s] Level 1:colcon.colcon_core.shell:create_environment_hook('ffmpeg_image_transport', 'ld_library_path_lib')
[12.415s] INFO:colcon.colcon_core.shell:Creating environment hook '/home/chen/Desktop/dev_ws/install/ffmpeg_image_transport/share/ffmpeg_image_transport/hook/ld_library_path_lib.ps1'
[12.416s] INFO:colcon.colcon_core.shell:Creating environment descriptor '/home/chen/Desktop/dev_ws/install/ffmpeg_image_transport/share/ffmpeg_image_transport/hook/ld_library_path_lib.dsv'
[12.417s] INFO:colcon.colcon_core.shell:Creating environment hook '/home/chen/Desktop/dev_ws/install/ffmpeg_image_transport/share/ffmpeg_image_transport/hook/ld_library_path_lib.sh'
[12.418s] Level 1:colcon.colcon_core.environment:checking '/home/chen/Desktop/dev_ws/install/ffmpeg_image_transport/bin'
[12.419s] Level 1:colcon.colcon_core.shell:create_environment_hook('ffmpeg_image_transport', 'path')
[12.419s] INFO:colcon.colcon_core.shell:Creating environment hook '/home/chen/Desktop/dev_ws/install/ffmpeg_image_transport/share/ffmpeg_image_transport/hook/path.ps1'
[12.432s] INFO:colcon.colcon_core.shell:Creating environment descriptor '/home/chen/Desktop/dev_ws/install/ffmpeg_image_transport/share/ffmpeg_image_transport/hook/path.dsv'
[12.434s] INFO:colcon.colcon_core.shell:Creating environment hook '/home/chen/Desktop/dev_ws/install/ffmpeg_image_transport/share/ffmpeg_image_transport/hook/path.sh'
[12.435s] Level 1:colcon.colcon_core.environment:checking '/home/chen/Desktop/dev_ws/install/ffmpeg_image_transport/lib/pkgconfig/ffmpeg_image_transport.pc'
[12.435s] Level 1:colcon.colcon_core.environment:checking '/home/chen/Desktop/dev_ws/install/ffmpeg_image_transport/lib/python3.10/site-packages'
[12.436s] Level 1:colcon.colcon_core.environment:checking '/home/chen/Desktop/dev_ws/install/ffmpeg_image_transport/bin'
[12.436s] Level 1:colcon.colcon_core.shell:create_environment_hook('ffmpeg_image_transport', 'pythonscriptspath')
[12.445s] INFO:colcon.colcon_core.shell:Creating environment hook '/home/chen/Desktop/dev_ws/install/ffmpeg_image_transport/share/ffmpeg_image_transport/hook/pythonscriptspath.ps1'
[12.446s] INFO:colcon.colcon_core.shell:Creating environment descriptor '/home/chen/Desktop/dev_ws/install/ffmpeg_image_transport/share/ffmpeg_image_transport/hook/pythonscriptspath.dsv'
[12.447s] INFO:colcon.colcon_core.shell:Creating environment hook '/home/chen/Desktop/dev_ws/install/ffmpeg_image_transport/share/ffmpeg_image_transport/hook/pythonscriptspath.sh'
[12.454s] INFO:colcon.colcon_core.shell:Creating package script '/home/chen/Desktop/dev_ws/install/ffmpeg_image_transport/share/ffmpeg_image_transport/package.ps1'
[12.456s] INFO:colcon.colcon_core.shell:Creating package descriptor '/home/chen/Desktop/dev_ws/install/ffmpeg_image_transport/share/ffmpeg_image_transport/package.dsv'
[12.463s] INFO:colcon.colcon_core.shell:Creating package script '/home/chen/Desktop/dev_ws/install/ffmpeg_image_transport/share/ffmpeg_image_transport/package.sh'
[12.465s] INFO:colcon.colcon_core.shell:Creating package script '/home/chen/Desktop/dev_ws/install/ffmpeg_image_transport/share/ffmpeg_image_transport/package.bash'
[12.466s] INFO:colcon.colcon_core.shell:Creating package script '/home/chen/Desktop/dev_ws/install/ffmpeg_image_transport/share/ffmpeg_image_transport/package.zsh'
[12.468s] Level 1:colcon.colcon_core.environment:create_file_with_runtime_dependencies(/home/chen/Desktop/dev_ws/install/ffmpeg_image_transport/share/colcon-core/packages/ffmpeg_image_transport)
[12.479s] INFO:colcon.colcon_ros.task.ament_python.build:Building ROS package in '/home/chen/Desktop/dev_ws/src/video_stream_package' with build type 'ament_python'
[12.479s] Level 1:colcon.colcon_core.shell:create_environment_hook('video_stream_package', 'ament_prefix_path')
[12.480s] INFO:colcon.colcon_core.shell:Creating environment hook '/home/chen/Desktop/dev_ws/install/video_stream_package/share/video_stream_package/hook/ament_prefix_path.ps1'
[12.511s] INFO:colcon.colcon_core.shell:Creating environment descriptor '/home/chen/Desktop/dev_ws/install/video_stream_package/share/video_stream_package/hook/ament_prefix_path.dsv'
[12.512s] INFO:colcon.colcon_core.shell:Creating environment hook '/home/chen/Desktop/dev_ws/install/video_stream_package/share/video_stream_package/hook/ament_prefix_path.sh'
[12.514s] INFO:colcon.colcon_core.shell:Skip shell extension 'powershell' for command environment: Not usable outside of PowerShell
[12.514s] DEBUG:colcon.colcon_core.shell:Skip shell extension 'dsv' for command environment
[12.566s] Level 1:colcon.colcon_core.shell:create_environment_hook('my_robot_controller', 'pythonpath_develop')
[12.574s] INFO:colcon.colcon_core.shell:Creating environment hook '/home/chen/Desktop/dev_ws/build/my_robot_controller/share/my_robot_controller/hook/pythonpath_develop.ps1'
[12.576s] INFO:colcon.colcon_core.shell:Creating environment descriptor '/home/chen/Desktop/dev_ws/build/my_robot_controller/share/my_robot_controller/hook/pythonpath_develop.dsv'
[12.577s] DEBUG:colcon.colcon_core.event_handler.log_command:Invoked command in '/home/chen/Desktop/dev_ws/build/my_robot_controller' returned '0': PYTHONPATH=/home/chen/Desktop/dev_ws/build/my_robot_controller/prefix_override:/home/chen/Desktop/dev_ws/install/my_robot_controller/lib/python3.10/site-packages:${PYTHONPATH} /usr/bin/python3 -W ignore:setup.py install is deprecated setup.py develop --editable --build-directory /home/chen/Desktop/dev_ws/build/my_robot_controller/build --no-deps symlink_data
[12.609s] INFO:colcon.colcon_core.shell:Creating environment hook '/home/chen/Desktop/dev_ws/build/my_robot_controller/share/my_robot_controller/hook/pythonpath_develop.sh'
[12.620s] Level 1:colcon.colcon_core.environment:checking '/home/chen/Desktop/dev_ws/install/my_robot_controller' for CMake module files
[12.622s] Level 1:colcon.colcon_core.environment:checking '/home/chen/Desktop/dev_ws/install/my_robot_controller' for CMake config files
[12.630s] Level 1:colcon.colcon_core.environment:checking '/home/chen/Desktop/dev_ws/install/my_robot_controller/lib'
[12.630s] Level 1:colcon.colcon_core.environment:checking '/home/chen/Desktop/dev_ws/install/my_robot_controller/bin'
[12.630s] Level 1:colcon.colcon_core.environment:checking '/home/chen/Desktop/dev_ws/install/my_robot_controller/lib/pkgconfig/my_robot_controller.pc'
[12.631s] Level 1:colcon.colcon_core.environment:checking '/home/chen/Desktop/dev_ws/install/my_robot_controller/lib/python3.10/site-packages'
[12.631s] Level 1:colcon.colcon_core.shell:create_environment_hook('my_robot_controller', 'pythonpath')
[12.631s] INFO:colcon.colcon_core.shell:Creating environment hook '/home/chen/Desktop/dev_ws/install/my_robot_controller/share/my_robot_controller/hook/pythonpath.ps1'
[12.640s] INFO:colcon.colcon_core.shell:Creating environment descriptor '/home/chen/Desktop/dev_ws/install/my_robot_controller/share/my_robot_controller/hook/pythonpath.dsv'
[12.642s] INFO:colcon.colcon_core.shell:Creating environment hook '/home/chen/Desktop/dev_ws/install/my_robot_controller/share/my_robot_controller/hook/pythonpath.sh'
[12.644s] Level 1:colcon.colcon_core.environment:checking '/home/chen/Desktop/dev_ws/install/my_robot_controller/bin'
[12.648s] Level 1:colcon.colcon_core.environment:create_environment_scripts_only(my_robot_controller)
[12.649s] INFO:colcon.colcon_core.shell:Creating package script '/home/chen/Desktop/dev_ws/install/my_robot_controller/share/my_robot_controller/package.ps1'
[12.652s] INFO:colcon.colcon_core.shell:Creating package descriptor '/home/chen/Desktop/dev_ws/install/my_robot_controller/share/my_robot_controller/package.dsv'
[12.662s] INFO:colcon.colcon_core.shell:Creating package script '/home/chen/Desktop/dev_ws/install/my_robot_controller/share/my_robot_controller/package.sh'
[12.669s] INFO:colcon.colcon_core.shell:Creating package script '/home/chen/Desktop/dev_ws/install/my_robot_controller/share/my_robot_controller/package.bash'
[12.671s] INFO:colcon.colcon_core.shell:Creating package script '/home/chen/Desktop/dev_ws/install/my_robot_controller/share/my_robot_controller/package.zsh'
[12.672s] Level 1:colcon.colcon_core.environment:create_file_with_runtime_dependencies(/home/chen/Desktop/dev_ws/install/my_robot_controller/share/colcon-core/packages/my_robot_controller)
[13.786s] INFO:colcon.colcon_core.task.python.build:Building Python package in '/home/chen/Desktop/dev_ws/src/video_stream_package'
[13.787s] INFO:colcon.colcon_core.shell:Skip shell extension 'powershell' for command environment: Not usable outside of PowerShell
[13.788s] DEBUG:colcon.colcon_core.shell:Skip shell extension 'dsv' for command environment
[14.874s] DEBUG:colcon.colcon_core.event_handler.log_command:Invoking command in '/home/chen/Desktop/dev_ws/build/video_stream_package': PYTHONPATH=/home/chen/Desktop/dev_ws/build/video_stream_package/prefix_override:/home/chen/Desktop/dev_ws/install/video_stream_package/lib/python3.10/site-packages:${PYTHONPATH} /usr/bin/python3 -W ignore:setup.py install is deprecated setup.py develop --editable --build-directory /home/chen/Desktop/dev_ws/build/video_stream_package/build --no-deps symlink_data
[16.443s] Level 1:colcon.colcon_core.shell:create_environment_hook('video_stream_package', 'pythonpath_develop')
[16.444s] INFO:colcon.colcon_core.shell:Creating environment hook '/home/chen/Desktop/dev_ws/build/video_stream_package/share/video_stream_package/hook/pythonpath_develop.ps1'
[16.446s] DEBUG:colcon.colcon_core.event_handler.log_command:Invoked command in '/home/chen/Desktop/dev_ws/build/video_stream_package' returned '0': PYTHONPATH=/home/chen/Desktop/dev_ws/build/video_stream_package/prefix_override:/home/chen/Desktop/dev_ws/install/video_stream_package/lib/python3.10/site-packages:${PYTHONPATH} /usr/bin/python3 -W ignore:setup.py install is deprecated setup.py develop --editable --build-directory /home/chen/Desktop/dev_ws/build/video_stream_package/build --no-deps symlink_data
[16.447s] INFO:colcon.colcon_core.shell:Creating environment descriptor '/home/chen/Desktop/dev_ws/build/video_stream_package/share/video_stream_package/hook/pythonpath_develop.dsv'
[16.448s] INFO:colcon.colcon_core.shell:Creating environment hook '/home/chen/Desktop/dev_ws/build/video_stream_package/share/video_stream_package/hook/pythonpath_develop.sh'
[16.452s] Level 1:colcon.colcon_core.environment:checking '/home/chen/Desktop/dev_ws/install/video_stream_package' for CMake module files
[16.453s] Level 1:colcon.colcon_core.environment:checking '/home/chen/Desktop/dev_ws/install/video_stream_package' for CMake config files
[16.457s] Level 1:colcon.colcon_core.environment:checking '/home/chen/Desktop/dev_ws/install/video_stream_package/lib'
[16.458s] Level 1:colcon.colcon_core.environment:checking '/home/chen/Desktop/dev_ws/install/video_stream_package/bin'
[16.458s] Level 1:colcon.colcon_core.environment:checking '/home/chen/Desktop/dev_ws/install/video_stream_package/lib/pkgconfig/video_stream_package.pc'
[16.458s] Level 1:colcon.colcon_core.environment:checking '/home/chen/Desktop/dev_ws/install/video_stream_package/lib/python3.10/site-packages'
[16.458s] Level 1:colcon.colcon_core.shell:create_environment_hook('video_stream_package', 'pythonpath')
[16.459s] INFO:colcon.colcon_core.shell:Creating environment hook '/home/chen/Desktop/dev_ws/install/video_stream_package/share/video_stream_package/hook/pythonpath.ps1'
[16.460s] INFO:colcon.colcon_core.shell:Creating environment descriptor '/home/chen/Desktop/dev_ws/install/video_stream_package/share/video_stream_package/hook/pythonpath.dsv'
[16.462s] INFO:colcon.colcon_core.shell:Creating environment hook '/home/chen/Desktop/dev_ws/install/video_stream_package/share/video_stream_package/hook/pythonpath.sh'
[16.467s] Level 1:colcon.colcon_core.environment:checking '/home/chen/Desktop/dev_ws/install/video_stream_package/bin'
[16.467s] Level 1:colcon.colcon_core.environment:create_environment_scripts_only(video_stream_package)
[16.467s] INFO:colcon.colcon_core.shell:Creating package script '/home/chen/Desktop/dev_ws/install/video_stream_package/share/video_stream_package/package.ps1'
[16.470s] INFO:colcon.colcon_core.shell:Creating package descriptor '/home/chen/Desktop/dev_ws/install/video_stream_package/share/video_stream_package/package.dsv'
[16.471s] INFO:colcon.colcon_core.shell:Creating package script '/home/chen/Desktop/dev_ws/install/video_stream_package/share/video_stream_package/package.sh'
[16.478s] INFO:colcon.colcon_core.shell:Creating package script '/home/chen/Desktop/dev_ws/install/video_stream_package/share/video_stream_package/package.bash'
[16.479s] INFO:colcon.colcon_core.shell:Creating package script '/home/chen/Desktop/dev_ws/install/video_stream_package/share/video_stream_package/package.zsh'
[16.480s] Level 1:colcon.colcon_core.environment:create_file_with_runtime_dependencies(/home/chen/Desktop/dev_ws/install/video_stream_package/share/colcon-core/packages/video_stream_package)
[16.500s] DEBUG:colcon.colcon_parallel_executor.executor.parallel:closing loop
[16.500s] DEBUG:colcon.colcon_parallel_executor.executor.parallel:loop closed
[16.501s] DEBUG:colcon.colcon_parallel_executor.executor.parallel:run_until_complete finished with '0'
[16.501s] DEBUG:colcon.colcon_core.event_reactor:joining thread
[16.546s] INFO:colcon.colcon_core.plugin_system:Skipping extension 'colcon_notification.desktop_notification.terminal_notifier': Not used on non-Darwin systems
[16.553s] INFO:colcon.colcon_core.plugin_system:Skipping extension 'colcon_notification.desktop_notification.win32': Not used on non-Windows systems
[16.554s] INFO:colcon.colcon_notification.desktop_notification:Sending desktop notification using 'notify2'
[16.624s] DEBUG:colcon.colcon_core.event_reactor:joined thread
[16.625s] INFO:colcon.colcon_core.shell:Creating prefix script '/home/chen/Desktop/dev_ws/install/local_setup.ps1'
[16.626s] INFO:colcon.colcon_core.shell:Creating prefix util module '/home/chen/Desktop/dev_ws/install/_local_setup_util_ps1.py'
[16.631s] INFO:colcon.colcon_core.shell:Creating prefix chain script '/home/chen/Desktop/dev_ws/install/setup.ps1'
[16.641s] INFO:colcon.colcon_core.shell:Creating prefix script '/home/chen/Desktop/dev_ws/install/local_setup.sh'
[16.643s] INFO:colcon.colcon_core.shell:Creating prefix util module '/home/chen/Desktop/dev_ws/install/_local_setup_util_sh.py'
[16.647s] INFO:colcon.colcon_core.shell:Creating prefix chain script '/home/chen/Desktop/dev_ws/install/setup.sh'
[16.651s] INFO:colcon.colcon_core.shell:Creating prefix script '/home/chen/Desktop/dev_ws/install/local_setup.bash'
[16.653s] INFO:colcon.colcon_core.shell:Creating prefix chain script '/home/chen/Desktop/dev_ws/install/setup.bash'
[16.664s] INFO:colcon.colcon_core.shell:Creating prefix script '/home/chen/Desktop/dev_ws/install/local_setup.zsh'
[16.666s] INFO:colcon.colcon_core.shell:Creating prefix chain script '/home/chen/Desktop/dev_ws/install/setup.zsh'
