running egg_info
creating ../../build/video_stream_client/video_stream_client.egg-info
writing ../../build/video_stream_client/video_stream_client.egg-info/PKG-INFO
writing dependency_links to ../../build/video_stream_client/video_stream_client.egg-info/dependency_links.txt
writing entry points to ../../build/video_stream_client/video_stream_client.egg-info/entry_points.txt
writing requirements to ../../build/video_stream_client/video_stream_client.egg-info/requires.txt
writing top-level names to ../../build/video_stream_client/video_stream_client.egg-info/top_level.txt
writing manifest file '../../build/video_stream_client/video_stream_client.egg-info/SOURCES.txt'
reading manifest file '../../build/video_stream_client/video_stream_client.egg-info/SOURCES.txt'
writing manifest file '../../build/video_stream_client/video_stream_client.egg-info/SOURCES.txt'
running build
running build_py
creating /home/chen/Desktop/dev_ws/build/video_stream_client/build
creating /home/chen/Desktop/dev_ws/build/video_stream_client/build/lib
creating /home/chen/Desktop/dev_ws/build/video_stream_client/build/lib/video_stream_client
copying video_stream_client/video_stream_client.py -> /home/chen/Desktop/dev_ws/build/video_stream_client/build/lib/video_stream_client
copying video_stream_client/__init__.py -> /home/chen/Desktop/dev_ws/build/video_stream_client/build/lib/video_stream_client
running install
running install_lib
creating /home/chen/Desktop/dev_ws/install/video_stream_client/lib/python3.10/site-packages/video_stream_client
copying /home/chen/Desktop/dev_ws/build/video_stream_client/build/lib/video_stream_client/video_stream_client.py -> /home/chen/Desktop/dev_ws/install/video_stream_client/lib/python3.10/site-packages/video_stream_client
copying /home/chen/Desktop/dev_ws/build/video_stream_client/build/lib/video_stream_client/__init__.py -> /home/chen/Desktop/dev_ws/install/video_stream_client/lib/python3.10/site-packages/video_stream_client
byte-compiling /home/chen/Desktop/dev_ws/install/video_stream_client/lib/python3.10/site-packages/video_stream_client/video_stream_client.py to video_stream_client.cpython-310.pyc
byte-compiling /home/chen/Desktop/dev_ws/install/video_stream_client/lib/python3.10/site-packages/video_stream_client/__init__.py to __init__.cpython-310.pyc
running install_data
creating /home/chen/Desktop/dev_ws/install/video_stream_client/share/ament_index
creating /home/chen/Desktop/dev_ws/install/video_stream_client/share/ament_index/resource_index
creating /home/chen/Desktop/dev_ws/install/video_stream_client/share/ament_index/resource_index/packages
copying resource/video_stream_client -> /home/chen/Desktop/dev_ws/install/video_stream_client/share/ament_index/resource_index/packages
copying package.xml -> /home/chen/Desktop/dev_ws/install/video_stream_client/share/video_stream_client
running install_egg_info
Copying ../../build/video_stream_client/video_stream_client.egg-info to /home/chen/Desktop/dev_ws/install/video_stream_client/lib/python3.10/site-packages/video_stream_client-0.0.0-py3.10.egg-info
running install_scripts
writing list of installed files to '/home/chen/Desktop/dev_ws/build/video_stream_client/install.log'
