[3.305s] Invoking command in '/home/chen/Desktop/dev_ws/src/video_stream_client': PYTHONPATH=/home/chen/Desktop/dev_ws/build/video_stream_client/prefix_override:/home/chen/Desktop/dev_ws/install/video_stream_client/lib/python3.10/site-packages:${PYTHONPATH} /usr/bin/python3 -W ignore:setup.py install is deprecated setup.py egg_info --egg-base ../../build/video_stream_client build --build-base /home/chen/Desktop/dev_ws/build/video_stream_client/build install --record /home/chen/Desktop/dev_ws/build/video_stream_client/install.log --single-version-externally-managed install_data
[4.403s] running egg_info
[4.409s] creating ../../build/video_stream_client/video_stream_client.egg-info
[4.414s] writing ../../build/video_stream_client/video_stream_client.egg-info/PKG-INFO
[4.419s] writing dependency_links to ../../build/video_stream_client/video_stream_client.egg-info/dependency_links.txt
[4.425s] writing entry points to ../../build/video_stream_client/video_stream_client.egg-info/entry_points.txt
[4.434s] writing requirements to ../../build/video_stream_client/video_stream_client.egg-info/requires.txt
[4.436s] writing top-level names to ../../build/video_stream_client/video_stream_client.egg-info/top_level.txt
[4.440s] writing manifest file '../../build/video_stream_client/video_stream_client.egg-info/SOURCES.txt'
[4.448s] reading manifest file '../../build/video_stream_client/video_stream_client.egg-info/SOURCES.txt'
[4.454s] writing manifest file '../../build/video_stream_client/video_stream_client.egg-info/SOURCES.txt'
[4.457s] running build
[4.461s] running build_py
[4.465s] creating /home/chen/Desktop/dev_ws/build/video_stream_client/build
[4.468s] creating /home/chen/Desktop/dev_ws/build/video_stream_client/build/lib
[4.471s] creating /home/chen/Desktop/dev_ws/build/video_stream_client/build/lib/video_stream_client
[4.475s] copying video_stream_client/video_stream_client.py -> /home/chen/Desktop/dev_ws/build/video_stream_client/build/lib/video_stream_client
[4.482s] copying video_stream_client/__init__.py -> /home/chen/Desktop/dev_ws/build/video_stream_client/build/lib/video_stream_client
[4.487s] running install
[4.490s] running install_lib
[4.494s] creating /home/chen/Desktop/dev_ws/install/video_stream_client/lib/python3.10/site-packages/video_stream_client
[4.497s] copying /home/chen/Desktop/dev_ws/build/video_stream_client/build/lib/video_stream_client/video_stream_client.py -> /home/chen/Desktop/dev_ws/install/video_stream_client/lib/python3.10/site-packages/video_stream_client
[4.501s] copying /home/chen/Desktop/dev_ws/build/video_stream_client/build/lib/video_stream_client/__init__.py -> /home/chen/Desktop/dev_ws/install/video_stream_client/lib/python3.10/site-packages/video_stream_client
[4.514s] byte-compiling /home/chen/Desktop/dev_ws/install/video_stream_client/lib/python3.10/site-packages/video_stream_client/video_stream_client.py to video_stream_client.cpython-310.pyc
[4.524s] byte-compiling /home/chen/Desktop/dev_ws/install/video_stream_client/lib/python3.10/site-packages/video_stream_client/__init__.py to __init__.cpython-310.pyc
[4.530s] running install_data
[4.532s] creating /home/chen/Desktop/dev_ws/install/video_stream_client/share/ament_index
[4.533s] creating /home/chen/Desktop/dev_ws/install/video_stream_client/share/ament_index/resource_index
[4.538s] creating /home/chen/Desktop/dev_ws/install/video_stream_client/share/ament_index/resource_index/packages
[4.540s] copying resource/video_stream_client -> /home/chen/Desktop/dev_ws/install/video_stream_client/share/ament_index/resource_index/packages
[4.547s] copying package.xml -> /home/chen/Desktop/dev_ws/install/video_stream_client/share/video_stream_client
[4.555s] running install_egg_info
[4.568s] Copying ../../build/video_stream_client/video_stream_client.egg-info to /home/chen/Desktop/dev_ws/install/video_stream_client/lib/python3.10/site-packages/video_stream_client-0.0.0-py3.10.egg-info
[4.573s] running install_scripts
[4.704s] writing list of installed files to '/home/chen/Desktop/dev_ws/build/video_stream_client/install.log'
[4.887s] Invoked command in '/home/chen/Desktop/dev_ws/src/video_stream_client' returned '0': PYTHONPATH=/home/chen/Desktop/dev_ws/build/video_stream_client/prefix_override:/home/chen/Desktop/dev_ws/install/video_stream_client/lib/python3.10/site-packages:${PYTHONPATH} /usr/bin/python3 -W ignore:setup.py install is deprecated setup.py egg_info --egg-base ../../build/video_stream_client build --build-base /home/chen/Desktop/dev_ws/build/video_stream_client/build install --record /home/chen/Desktop/dev_ws/build/video_stream_client/install.log --single-version-externally-managed install_data
