[4.500s] Invoking command in '/home/chen/Desktop/dev_ws/src/video_stream_package': PYTHONPATH=/home/chen/Desktop/dev_ws/build/video_stream_package/prefix_override:/home/chen/Desktop/dev_ws/install/video_stream_package/lib/python3.10/site-packages:${PYTHONPATH} /usr/bin/python3 -W ignore:setup.py install is deprecated setup.py egg_info --egg-base ../../build/video_stream_package build --build-base /home/chen/Desktop/dev_ws/build/video_stream_package/build install --record /home/chen/Desktop/dev_ws/build/video_stream_package/install.log --single-version-externally-managed install_data
[5.783s] running egg_info
[5.785s] writing ../../build/video_stream_package/video_stream_package.egg-info/PKG-INFO
[5.786s] writing dependency_links to ../../build/video_stream_package/video_stream_package.egg-info/dependency_links.txt
[5.788s] writing entry points to ../../build/video_stream_package/video_stream_package.egg-info/entry_points.txt
[5.792s] writing requirements to ../../build/video_stream_package/video_stream_package.egg-info/requires.txt
[5.793s] writing top-level names to ../../build/video_stream_package/video_stream_package.egg-info/top_level.txt
[5.799s] reading manifest file '../../build/video_stream_package/video_stream_package.egg-info/SOURCES.txt'
[5.800s] writing manifest file '../../build/video_stream_package/video_stream_package.egg-info/SOURCES.txt'
[5.806s] running build
[5.806s] running build_py
[5.810s] running install
[5.810s] running install_lib
[5.814s] running install_data
[5.820s] running install_egg_info
[5.821s] removing '/home/chen/Desktop/dev_ws/install/video_stream_package/lib/python3.10/site-packages/video_stream_package-0.0.0-py3.10.egg-info' (and everything under it)
[5.827s] Copying ../../build/video_stream_package/video_stream_package.egg-info to /home/chen/Desktop/dev_ws/install/video_stream_package/lib/python3.10/site-packages/video_stream_package-0.0.0-py3.10.egg-info
[5.871s] running install_scripts
[6.002s] Installing video_stream_node script to /home/chen/Desktop/dev_ws/install/video_stream_package/lib/video_stream_package
[6.007s] writing list of installed files to '/home/chen/Desktop/dev_ws/build/video_stream_package/install.log'
[6.129s] Invoked command in '/home/chen/Desktop/dev_ws/src/video_stream_package' returned '0': PYTHONPATH=/home/chen/Desktop/dev_ws/build/video_stream_package/prefix_override:/home/chen/Desktop/dev_ws/install/video_stream_package/lib/python3.10/site-packages:${PYTHONPATH} /usr/bin/python3 -W ignore:setup.py install is deprecated setup.py egg_info --egg-base ../../build/video_stream_package build --build-base /home/chen/Desktop/dev_ws/build/video_stream_package/build install --record /home/chen/Desktop/dev_ws/build/video_stream_package/install.log --single-version-externally-managed install_data
