[2.752s] Invoking command in '/home/chen/Desktop/dev_ws/build/video_stream_client': PYTHONPATH=/home/chen/Desktop/dev_ws/build/video_stream_client/prefix_override:/home/chen/Desktop/dev_ws/install/video_stream_client/lib/python3.10/site-packages:${PYTHONPATH} /usr/bin/python3 -W ignore:setup.py install is deprecated setup.py develop --editable --build-directory /home/chen/Desktop/dev_ws/build/video_stream_client/build --no-deps symlink_data
[3.931s] running develop
[3.936s] /usr/lib/python3/dist-packages/setuptools/command/easy_install.py:158: EasyInstallDeprecationWarning: easy_install command is deprecated. Use build and pip and other standards-based tools.
[3.940s]   warnings.warn(
[4.677s] running egg_info
[4.678s] writing video_stream_client.egg-info/PKG-INFO
[4.680s] writing dependency_links to video_stream_client.egg-info/dependency_links.txt
[4.681s] writing entry points to video_stream_client.egg-info/entry_points.txt
[4.683s] writing requirements to video_stream_client.egg-info/requires.txt
[4.685s] writing top-level names to video_stream_client.egg-info/top_level.txt
[4.697s] reading manifest file 'video_stream_client.egg-info/SOURCES.txt'
[4.711s] writing manifest file 'video_stream_client.egg-info/SOURCES.txt'
[4.732s] running build_ext
[4.735s] Creating /home/chen/Desktop/dev_ws/install/video_stream_client/lib/python3.10/site-packages/video-stream-client.egg-link (link to .)
[4.744s] Installing video_stream_client script to /home/chen/Desktop/dev_ws/install/video_stream_client/lib/video_stream_client
[4.747s] Installing video_to_topic script to /home/chen/Desktop/dev_ws/install/video_stream_client/lib/video_stream_client
[4.747s] 
[4.753s] Installed /home/chen/Desktop/dev_ws/build/video_stream_client
[4.755s] running symlink_data
[4.892s] Invoked command in '/home/chen/Desktop/dev_ws/build/video_stream_client' returned '0': PYTHONPATH=/home/chen/Desktop/dev_ws/build/video_stream_client/prefix_override:/home/chen/Desktop/dev_ws/install/video_stream_client/lib/python3.10/site-packages:${PYTHONPATH} /usr/bin/python3 -W ignore:setup.py install is deprecated setup.py develop --editable --build-directory /home/chen/Desktop/dev_ws/build/video_stream_client/build --no-deps symlink_data
