[1.585s] Invoking command in '/home/chen/Desktop/dev_ws/build/my_robot_controller': PYTHONPATH=/home/chen/Desktop/dev_ws/build/my_robot_controller/prefix_override:/home/chen/Desktop/dev_ws/install/my_robot_controller/lib/python3.10/site-packages:${PYTHONPATH} /usr/bin/python3 -W ignore:setup.py install is deprecated setup.py develop --uninstall --editable --build-directory /home/chen/Desktop/dev_ws/build/my_robot_controller/build
[2.246s] running develop
[2.248s] /usr/lib/python3/dist-packages/setuptools/command/easy_install.py:158: EasyInstallDeprecationWarning: easy_install command is deprecated. Use build and pip and other standards-based tools.
[2.249s]   warnings.warn(
[2.677s] Removing /home/chen/Desktop/dev_ws/install/my_robot_controller/lib/python3.10/site-packages/my-robot-controller.egg-link (link to .)
[2.717s] Invoked command in '/home/chen/Desktop/dev_ws/build/my_robot_controller' returned '0': PYTHONPATH=/home/chen/Desktop/dev_ws/build/my_robot_controller/prefix_override:/home/chen/Desktop/dev_ws/install/my_robot_controller/lib/python3.10/site-packages:${PYTHONPATH} /usr/bin/python3 -W ignore:setup.py install is deprecated setup.py develop --uninstall --editable --build-directory /home/chen/Desktop/dev_ws/build/my_robot_controller/build
[2.718s] Invoking command in '/home/chen/Desktop/dev_ws/src/my_robot_controller': PYTHONPATH=/home/chen/Desktop/dev_ws/build/my_robot_controller/prefix_override:/home/chen/Desktop/dev_ws/install/my_robot_controller/lib/python3.10/site-packages:${PYTHONPATH} /usr/bin/python3 -W ignore:setup.py install is deprecated setup.py egg_info --egg-base ../../build/my_robot_controller build --build-base /home/chen/Desktop/dev_ws/build/my_robot_controller/build install --record /home/chen/Desktop/dev_ws/build/my_robot_controller/install.log --single-version-externally-managed install_data --force
[3.387s] running egg_info
[3.389s] writing ../../build/my_robot_controller/my_robot_controller.egg-info/PKG-INFO
[3.391s] writing dependency_links to ../../build/my_robot_controller/my_robot_controller.egg-info/dependency_links.txt
[3.394s] writing entry points to ../../build/my_robot_controller/my_robot_controller.egg-info/entry_points.txt
[3.394s] writing requirements to ../../build/my_robot_controller/my_robot_controller.egg-info/requires.txt
[3.394s] writing top-level names to ../../build/my_robot_controller/my_robot_controller.egg-info/top_level.txt
[3.400s] reading manifest file '../../build/my_robot_controller/my_robot_controller.egg-info/SOURCES.txt'
[3.405s] writing manifest file '../../build/my_robot_controller/my_robot_controller.egg-info/SOURCES.txt'
[3.406s] running build
[3.407s] running build_py
[3.407s] copying my_robot_controller/my_first_node.py -> /home/chen/Desktop/dev_ws/build/my_robot_controller/build/lib/my_robot_controller
[3.407s] running install
[3.408s] running install_lib
[3.410s] creating /home/chen/Desktop/dev_ws/install/my_robot_controller/lib/python3.10/site-packages/my_robot_controller
[3.411s] copying /home/chen/Desktop/dev_ws/build/my_robot_controller/build/lib/my_robot_controller/my_first_node.py -> /home/chen/Desktop/dev_ws/install/my_robot_controller/lib/python3.10/site-packages/my_robot_controller
[3.412s] copying /home/chen/Desktop/dev_ws/build/my_robot_controller/build/lib/my_robot_controller/__init__.py -> /home/chen/Desktop/dev_ws/install/my_robot_controller/lib/python3.10/site-packages/my_robot_controller
[3.412s] byte-compiling /home/chen/Desktop/dev_ws/install/my_robot_controller/lib/python3.10/site-packages/my_robot_controller/my_first_node.py to my_first_node.cpython-310.pyc
[3.414s] byte-compiling /home/chen/Desktop/dev_ws/install/my_robot_controller/lib/python3.10/site-packages/my_robot_controller/__init__.py to __init__.cpython-310.pyc
[3.416s] running install_data
[3.417s] copying resource/my_robot_controller -> /home/chen/Desktop/dev_ws/install/my_robot_controller/share/ament_index/resource_index/packages
[3.418s] copying package.xml -> /home/chen/Desktop/dev_ws/install/my_robot_controller/share/my_robot_controller
[3.418s] running install_egg_info
[3.422s] Copying ../../build/my_robot_controller/my_robot_controller.egg-info to /home/chen/Desktop/dev_ws/install/my_robot_controller/lib/python3.10/site-packages/my_robot_controller-0.0.0-py3.10.egg-info
[3.426s] running install_scripts
[3.488s] Installing test_node script to /home/chen/Desktop/dev_ws/install/my_robot_controller/lib/my_robot_controller
[3.491s] writing list of installed files to '/home/chen/Desktop/dev_ws/build/my_robot_controller/install.log'
[3.538s] Invoked command in '/home/chen/Desktop/dev_ws/src/my_robot_controller' returned '0': PYTHONPATH=/home/chen/Desktop/dev_ws/build/my_robot_controller/prefix_override:/home/chen/Desktop/dev_ws/install/my_robot_controller/lib/python3.10/site-packages:${PYTHONPATH} /usr/bin/python3 -W ignore:setup.py install is deprecated setup.py egg_info --egg-base ../../build/my_robot_controller build --build-base /home/chen/Desktop/dev_ws/build/my_robot_controller/build install --record /home/chen/Desktop/dev_ws/build/my_robot_controller/install.log --single-version-externally-managed install_data --force
