[1.575s] Invoking command in '/home/chen/Desktop/dev_ws/build/my_robot_controller': PYTHONPATH=/home/chen/Desktop/dev_ws/build/my_robot_controller/prefix_override:/home/chen/Desktop/dev_ws/install/my_robot_controller/lib/python3.10/site-packages:${PYTHONPATH} /usr/bin/python3 -W ignore:setup.py install is deprecated setup.py develop --editable --build-directory /home/chen/Desktop/dev_ws/build/my_robot_controller/build --no-deps symlink_data --force
[2.278s] running develop
[2.281s] /usr/lib/python3/dist-packages/setuptools/command/easy_install.py:158: EasyInstallDeprecationWarning: easy_install command is deprecated. Use build and pip and other standards-based tools.
[2.281s]   warnings.warn(
[2.697s] running egg_info
[2.698s] writing my_robot_controller.egg-info/PKG-INFO
[2.701s] writing dependency_links to my_robot_controller.egg-info/dependency_links.txt
[2.702s] writing entry points to my_robot_controller.egg-info/entry_points.txt
[2.703s] writing requirements to my_robot_controller.egg-info/requires.txt
[2.704s] writing top-level names to my_robot_controller.egg-info/top_level.txt
[2.710s] reading manifest file 'my_robot_controller.egg-info/SOURCES.txt'
[2.713s] writing manifest file 'my_robot_controller.egg-info/SOURCES.txt'
[2.718s] running build_ext
[2.719s] Creating /home/chen/Desktop/dev_ws/install/my_robot_controller/lib/python3.10/site-packages/my-robot-controller.egg-link (link to .)
[2.721s] Installing test_node script to /home/chen/Desktop/dev_ws/install/my_robot_controller/lib/my_robot_controller
[2.723s] 
[2.723s] Installed /home/chen/Desktop/dev_ws/build/my_robot_controller
[2.724s] running symlink_data
[2.725s] symbolically linking /home/chen/Desktop/dev_ws/build/my_robot_controller/resource/my_robot_controller -> /home/chen/Desktop/dev_ws/install/my_robot_controller/share/ament_index/resource_index/packages
[2.725s] symbolically linking /home/chen/Desktop/dev_ws/build/my_robot_controller/package.xml -> /home/chen/Desktop/dev_ws/install/my_robot_controller/share/my_robot_controller
[2.778s] Invoked command in '/home/chen/Desktop/dev_ws/build/my_robot_controller' returned '0': PYTHONPATH=/home/chen/Desktop/dev_ws/build/my_robot_controller/prefix_override:/home/chen/Desktop/dev_ws/install/my_robot_controller/lib/python3.10/site-packages:${PYTHONPATH} /usr/bin/python3 -W ignore:setup.py install is deprecated setup.py develop --editable --build-directory /home/chen/Desktop/dev_ws/build/my_robot_controller/build --no-deps symlink_data --force
