[3.343s] Invoking command in '/home/chen/Desktop/dev_ws/build/my_robot_controller': PYTHONPATH=/home/chen/Desktop/dev_ws/build/my_robot_controller/prefix_override:/home/chen/Desktop/dev_ws/install/my_robot_controller/lib/python3.10/site-packages:${PYTHONPATH} /usr/bin/python3 -W ignore:setup.py install is deprecated setup.py develop --uninstall --editable --build-directory /home/chen/Desktop/dev_ws/build/my_robot_controller/build
[4.404s] running develop
[4.410s] /usr/lib/python3/dist-packages/setuptools/command/easy_install.py:158: EasyInstallDeprecationWarning: easy_install command is deprecated. Use build and pip and other standards-based tools.
[4.413s]   warnings.warn(
[5.434s] Removing /home/chen/Desktop/dev_ws/install/my_robot_controller/lib/python3.10/site-packages/my-robot-controller.egg-link (link to .)
[5.482s] Invoked command in '/home/chen/Desktop/dev_ws/build/my_robot_controller' returned '0': PYTHONPATH=/home/chen/Desktop/dev_ws/build/my_robot_controller/prefix_override:/home/chen/Desktop/dev_ws/install/my_robot_controller/lib/python3.10/site-packages:${PYTHONPATH} /usr/bin/python3 -W ignore:setup.py install is deprecated setup.py develop --uninstall --editable --build-directory /home/chen/Desktop/dev_ws/build/my_robot_controller/build
[5.487s] Invoking command in '/home/chen/Desktop/dev_ws/src/my_robot_controller': PYTHONPATH=/home/chen/Desktop/dev_ws/build/my_robot_controller/prefix_override:/home/chen/Desktop/dev_ws/install/my_robot_controller/lib/python3.10/site-packages:${PYTHONPATH} /usr/bin/python3 -W ignore:setup.py install is deprecated setup.py egg_info --egg-base ../../build/my_robot_controller build --build-base /home/chen/Desktop/dev_ws/build/my_robot_controller/build install --record /home/chen/Desktop/dev_ws/build/my_robot_controller/install.log --single-version-externally-managed install_data --force
[6.345s] running egg_info
[6.351s] writing ../../build/my_robot_controller/my_robot_controller.egg-info/PKG-INFO
[6.353s] writing dependency_links to ../../build/my_robot_controller/my_robot_controller.egg-info/dependency_links.txt
[6.357s] writing entry points to ../../build/my_robot_controller/my_robot_controller.egg-info/entry_points.txt
[6.358s] writing requirements to ../../build/my_robot_controller/my_robot_controller.egg-info/requires.txt
[6.362s] writing top-level names to ../../build/my_robot_controller/my_robot_controller.egg-info/top_level.txt
[6.369s] reading manifest file '../../build/my_robot_controller/my_robot_controller.egg-info/SOURCES.txt'
[6.400s] writing manifest file '../../build/my_robot_controller/my_robot_controller.egg-info/SOURCES.txt'
[6.403s] running build
[6.404s] running build_py
[6.407s] running install
[6.409s] running install_lib
[6.412s] creating /home/chen/Desktop/dev_ws/install/my_robot_controller/lib/python3.10/site-packages/my_robot_controller
[6.413s] copying /home/chen/Desktop/dev_ws/build/my_robot_controller/build/lib/my_robot_controller/my_first_node.py -> /home/chen/Desktop/dev_ws/install/my_robot_controller/lib/python3.10/site-packages/my_robot_controller
[6.414s] copying /home/chen/Desktop/dev_ws/build/my_robot_controller/build/lib/my_robot_controller/__init__.py -> /home/chen/Desktop/dev_ws/install/my_robot_controller/lib/python3.10/site-packages/my_robot_controller
[6.418s] byte-compiling /home/chen/Desktop/dev_ws/install/my_robot_controller/lib/python3.10/site-packages/my_robot_controller/my_first_node.py to my_first_node.cpython-310.pyc
[6.421s] byte-compiling /home/chen/Desktop/dev_ws/install/my_robot_controller/lib/python3.10/site-packages/my_robot_controller/__init__.py to __init__.cpython-310.pyc
[6.425s] running install_data
[6.425s] copying resource/my_robot_controller -> /home/chen/Desktop/dev_ws/install/my_robot_controller/share/ament_index/resource_index/packages
[6.426s] copying package.xml -> /home/chen/Desktop/dev_ws/install/my_robot_controller/share/my_robot_controller
[6.427s] running install_egg_info
[6.446s] Copying ../../build/my_robot_controller/my_robot_controller.egg-info to /home/chen/Desktop/dev_ws/install/my_robot_controller/lib/python3.10/site-packages/my_robot_controller-0.0.0-py3.10.egg-info
[6.458s] running install_scripts
[6.547s] Installing test_node script to /home/chen/Desktop/dev_ws/install/my_robot_controller/lib/my_robot_controller
[6.551s] writing list of installed files to '/home/chen/Desktop/dev_ws/build/my_robot_controller/install.log'
[6.630s] Invoked command in '/home/chen/Desktop/dev_ws/src/my_robot_controller' returned '0': PYTHONPATH=/home/chen/Desktop/dev_ws/build/my_robot_controller/prefix_override:/home/chen/Desktop/dev_ws/install/my_robot_controller/lib/python3.10/site-packages:${PYTHONPATH} /usr/bin/python3 -W ignore:setup.py install is deprecated setup.py egg_info --egg-base ../../build/my_robot_controller build --build-base /home/chen/Desktop/dev_ws/build/my_robot_controller/build install --record /home/chen/Desktop/dev_ws/build/my_robot_controller/install.log --single-version-externally-managed install_data --force
