[0.095s] Invoking command in '/home/chen/Desktop/dev_ws/build/ffmpeg_image_transport': CMAKE_PREFIX_PATH=${CMAKE_PREFIX_PATH}:/home/chen/Desktop/dev_ws/install/video_stream_package:/home/chen/Desktop/dev_ws/install/my_robot_controller:/opt/ros/humble /usr/bin/cmake /home/chen/Desktop/dev_ws/src/ffmpeg_image_transport -DAMENT_CMAKE_SYMLINK_INSTALL=1 -DCMAKE_INSTALL_PREFIX=/home/chen/Desktop/dev_ws/install/ffmpeg_image_transport
[1.546s] -- The C compiler identification is GNU 11.4.0
[2.616s] -- The CXX compiler identification is GNU 11.4.0
[2.742s] -- Detecting C compiler ABI info
[4.083s] -- Detecting C compiler ABI info - done
[4.145s] -- Check for working C compiler: /usr/bin/cc - skipped
[4.152s] -- Detecting C compile features
[4.154s] -- Detecting C compile features - done
[4.184s] -- Detecting CXX compiler ABI info
[5.432s] -- Detecting CXX compiler ABI info - done
[5.497s] -- Check for working CXX compiler: /usr/bin/c++ - skipped
[5.504s] -- Detecting CXX compile features
[5.508s] -- Detecting CXX compile features - done
[5.619s] -- Found ament_cmake: 1.3.8 (/opt/ros/humble/share/ament_cmake/cmake)
[6.836s] -- Found Python3: /usr/bin/python3 (found version "3.10.12") found components: Interpreter 
[7.440s] -- Override CMake install command with custom implementation using symlinks instead of copying resources
[7.938s] -- Found ament_cmake_ros: 0.10.0 (/opt/ros/humble/share/ament_cmake_ros/cmake)
[8.137s] -- Found image_transport: 3.1.8 (/opt/ros/humble/share/image_transport/cmake)
[8.999s] -- Found rosidl_generator_c: 3.1.5 (/opt/ros/humble/share/rosidl_generator_c/cmake)
[9.078s] -- Found rosidl_adapter: 3.1.5 (/opt/ros/humble/share/rosidl_adapter/cmake)
[9.187s] -- Found rosidl_generator_cpp: 3.1.5 (/opt/ros/humble/share/rosidl_generator_cpp/cmake)
[9.367s] -- Using all available rosidl_typesupport_c: rosidl_typesupport_fastrtps_c;rosidl_typesupport_introspection_c
[9.536s] -- Using all available rosidl_typesupport_cpp: rosidl_typesupport_fastrtps_cpp;rosidl_typesupport_introspection_cpp
[10.185s] -- Found rmw_implementation_cmake: 6.1.1 (/opt/ros/humble/share/rmw_implementation_cmake/cmake)
[10.226s] -- Found rmw_fastrtps_cpp: 6.2.6 (/opt/ros/humble/share/rmw_fastrtps_cpp/cmake)
[11.614s] -- Found OpenSSL: /usr/lib/x86_64-linux-gnu/libcrypto.so (found version "3.0.2")  
[11.779s] -- Found FastRTPS: /opt/ros/humble/include  
[12.108s] -- Using RMW implementation 'rmw_fastrtps_cpp' as default
[12.181s] -- Looking for pthread.h
[13.070s] -- Looking for pthread.h - found
[13.083s] -- Performing Test CMAKE_HAVE_LIBC_PTHREAD
[14.086s] -- Performing Test CMAKE_HAVE_LIBC_PTHREAD - Success
[14.096s] -- Found Threads: TRUE  
[16.475s] -- Found cv_bridge: 3.2.1 (/opt/ros/humble/share/cv_bridge/cmake)
[16.578s] -- Found ffmpeg_image_transport_msgs: 1.1.2 (/opt/ros/humble/share/ffmpeg_image_transport_msgs/cmake)
[16.856s] -- Found OpenCV: /usr (found version "4.5.4") found components: imgproc 
[16.888s] -- Found PkgConfig: /usr/bin/pkg-config (found version "0.29.2") 
[16.902s] -- Checking for modules 'libavcodec;libswresample;libswscale;libavutil'
[17.161s] --   Found libavcodec, version 58.134.100
[17.276s] --   Found libswresample, version 3.9.100
[17.399s] --   Found libswscale, version 5.9.100
[17.539s] --   Found libavutil, version 56.70.100
[18.006s] -- Found ament_cmake_copyright: 0.12.10 (/opt/ros/humble/share/ament_cmake_copyright/cmake)
[18.043s] -- Found ament_cmake_cppcheck: 0.12.10 (/opt/ros/humble/share/ament_cmake_cppcheck/cmake)
[18.079s] -- Found ament_cmake_cpplint: 0.12.10 (/opt/ros/humble/share/ament_cmake_cpplint/cmake)
[18.126s] -- Found ament_cmake_flake8: 0.12.10 (/opt/ros/humble/share/ament_cmake_flake8/cmake)
[18.163s] -- Found ament_cmake_lint_cmake: 0.12.10 (/opt/ros/humble/share/ament_cmake_lint_cmake/cmake)
[18.266s] [31mCMake Error at CMakeLists.txt:146 (find_package):
[18.269s]   By not providing "Findament_cmake_clang_format.cmake" in CMAKE_MODULE_PATH
[18.269s]   this project has asked CMake to find a package configuration file provided
[18.269s]   by "ament_cmake_clang_format", but CMake did not find one.
[18.269s] 
[18.270s]   Could not find a package configuration file provided by
[18.270s]   "ament_cmake_clang_format" with any of the following names:
[18.270s] 
[18.270s]     ament_cmake_clang_formatConfig.cmake
[18.271s]     ament_cmake_clang_format-config.cmake
[18.271s] 
[18.271s]   Add the installation prefix of "ament_cmake_clang_format" to
[18.271s]   CMAKE_PREFIX_PATH or set "ament_cmake_clang_format_DIR" to a directory
[18.272s]   containing one of the above files.  If "ament_cmake_clang_format" provides
[18.272s]   a separate development package or SDK, be sure it has been installed.
[18.273s] 
[18.273s] [0m
[18.273s] -- Configuring incomplete, errors occurred!
[18.273s] See also "/home/chen/Desktop/dev_ws/build/ffmpeg_image_transport/CMakeFiles/CMakeOutput.log".
[18.401s] Invoked command in '/home/chen/Desktop/dev_ws/build/ffmpeg_image_transport' returned '1': CMAKE_PREFIX_PATH=${CMAKE_PREFIX_PATH}:/home/chen/Desktop/dev_ws/install/video_stream_package:/home/chen/Desktop/dev_ws/install/my_robot_controller:/opt/ros/humble /usr/bin/cmake /home/chen/Desktop/dev_ws/src/ffmpeg_image_transport -DAMENT_CMAKE_SYMLINK_INSTALL=1 -DCMAKE_INSTALL_PREFIX=/home/chen/Desktop/dev_ws/install/ffmpeg_image_transport
