[4.401s] Invoking command in '/home/chen/Desktop/dev_ws/src/video_stream_client': PYTHONPATH=/home/chen/Desktop/dev_ws/build/video_stream_client/prefix_override:/home/chen/Desktop/dev_ws/install/video_stream_client/lib/python3.10/site-packages:${PYTHONPATH} /usr/bin/python3 -W ignore:setup.py install is deprecated setup.py egg_info --egg-base ../../build/video_stream_client build --build-base /home/chen/Desktop/dev_ws/build/video_stream_client/build install --record /home/chen/Desktop/dev_ws/build/video_stream_client/install.log --single-version-externally-managed install_data
[5.573s] running egg_info
[5.576s] writing ../../build/video_stream_client/video_stream_client.egg-info/PKG-INFO
[5.580s] writing dependency_links to ../../build/video_stream_client/video_stream_client.egg-info/dependency_links.txt
[5.584s] writing entry points to ../../build/video_stream_client/video_stream_client.egg-info/entry_points.txt
[5.589s] writing requirements to ../../build/video_stream_client/video_stream_client.egg-info/requires.txt
[5.596s] writing top-level names to ../../build/video_stream_client/video_stream_client.egg-info/top_level.txt
[5.605s] reading manifest file '../../build/video_stream_client/video_stream_client.egg-info/SOURCES.txt'
[5.613s] writing manifest file '../../build/video_stream_client/video_stream_client.egg-info/SOURCES.txt'
[5.616s] running build
[5.619s] running build_py
[5.622s] copying video_stream_client/image_publisher.py -> /home/chen/Desktop/dev_ws/build/video_stream_client/build/lib/video_stream_client
[5.628s] running install
[5.632s] running install_lib
[5.638s] copying /home/chen/Desktop/dev_ws/build/video_stream_client/build/lib/video_stream_client/image_publisher.py -> /home/chen/Desktop/dev_ws/install/video_stream_client/lib/python3.10/site-packages/video_stream_client
[5.645s] byte-compiling /home/chen/Desktop/dev_ws/install/video_stream_client/lib/python3.10/site-packages/video_stream_client/image_publisher.py to image_publisher.cpython-310.pyc
[5.650s] running install_data
[5.653s] running install_egg_info
[5.659s] removing '/home/chen/Desktop/dev_ws/install/video_stream_client/lib/python3.10/site-packages/video_stream_client-0.0.0-py3.10.egg-info' (and everything under it)
[5.723s] Copying ../../build/video_stream_client/video_stream_client.egg-info to /home/chen/Desktop/dev_ws/install/video_stream_client/lib/python3.10/site-packages/video_stream_client-0.0.0-py3.10.egg-info
[5.738s] running install_scripts
[5.907s] Installing excavator_controller script to /home/chen/Desktop/dev_ws/install/video_stream_client/lib/video_stream_client
[5.909s] Installing image_to_topic script to /home/chen/Desktop/dev_ws/install/video_stream_client/lib/video_stream_client
[5.911s] Installing video_stream_client script to /home/chen/Desktop/dev_ws/install/video_stream_client/lib/video_stream_client
[5.913s] Installing video_to_topic script to /home/chen/Desktop/dev_ws/install/video_stream_client/lib/video_stream_client
[5.919s] writing list of installed files to '/home/chen/Desktop/dev_ws/build/video_stream_client/install.log'
[5.995s] Invoked command in '/home/chen/Desktop/dev_ws/src/video_stream_client' returned '0': PYTHONPATH=/home/chen/Desktop/dev_ws/build/video_stream_client/prefix_override:/home/chen/Desktop/dev_ws/install/video_stream_client/lib/python3.10/site-packages:${PYTHONPATH} /usr/bin/python3 -W ignore:setup.py install is deprecated setup.py egg_info --egg-base ../../build/video_stream_client build --build-base /home/chen/Desktop/dev_ws/build/video_stream_client/build install --record /home/chen/Desktop/dev_ws/build/video_stream_client/install.log --single-version-externally-managed install_data
