[0.409s] DEBUG:colcon:Command line arguments: ['/usr/bin/colcon', 'build']
[0.409s] DEBUG:colcon:Parsed command line arguments: Namespace(log_base=None, log_level=None, verb_name='build', build_base='build', install_base='install', merge_install=False, symlink_install=False, test_result_base=None, continue_on_error=False, executor='parallel', parallel_workers=2, event_handlers=None, ignore_user_meta=False, metas=['./colcon.meta'], base_paths=['.'], packages_ignore=None, packages_ignore_regex=None, paths=None, packages_up_to=None, packages_up_to_regex=None, packages_above=None, packages_above_and_dependencies=None, packages_above_depth=None, packages_select_by_dep=None, packages_skip_by_dep=None, packages_skip_up_to=None, packages_select_build_failed=False, packages_skip_build_finished=False, packages_select_test_failures=False, packages_skip_test_passed=False, packages_select=None, packages_skip=None, packages_select_regex=None, packages_skip_regex=None, packages_start=None, packages_end=None, allow_overriding=[], cmake_args=None, cmake_target=None, cmake_target_skip_unavailable=False, cmake_clean_cache=False, cmake_clean_first=False, cmake_force_configure=False, ament_cmake_args=None, catkin_cmake_args=None, catkin_skip_building_tests=False, verb_parser=<colcon_defaults.argument_parser.defaults.DefaultArgumentsDecorator object at 0x73ec12029300>, verb_extension=<colcon_core.verb.build.BuildVerb object at 0x73ec12028df0>, main=<bound method BuildVerb.main of <colcon_core.verb.build.BuildVerb object at 0x73ec12028df0>>)
[1.070s] Level 1:colcon.colcon_core.package_discovery:discover_packages(colcon_meta) check parameters
[1.070s] Level 1:colcon.colcon_core.package_discovery:discover_packages(recursive) check parameters
[1.071s] Level 1:colcon.colcon_core.package_discovery:discover_packages(ignore) check parameters
[1.071s] Level 1:colcon.colcon_core.package_discovery:discover_packages(path) check parameters
[1.071s] Level 1:colcon.colcon_core.package_discovery:discover_packages(colcon_meta) discover
[1.072s] Level 1:colcon.colcon_core.package_discovery:discover_packages(recursive) discover
[1.072s] INFO:colcon.colcon_core.package_discovery:Crawling recursively for packages in '/home/chen/Desktop/dev_ws'
[1.072s] Level 1:colcon.colcon_core.package_identification:_identify(.) by extensions ['ignore', 'ignore_ament_install']
[1.073s] Level 1:colcon.colcon_core.package_identification:_identify(.) by extension 'ignore'
[1.073s] Level 1:colcon.colcon_core.package_identification:_identify(.) by extension 'ignore_ament_install'
[1.073s] Level 1:colcon.colcon_core.package_identification:_identify(.) by extensions ['colcon_pkg']
[1.073s] Level 1:colcon.colcon_core.package_identification:_identify(.) by extension 'colcon_pkg'
[1.073s] Level 1:colcon.colcon_core.package_identification:_identify(.) by extensions ['colcon_meta']
[1.073s] Level 1:colcon.colcon_core.package_identification:_identify(.) by extension 'colcon_meta'
[1.073s] Level 1:colcon.colcon_core.package_identification:_identify(.) by extensions ['ros']
[1.074s] Level 1:colcon.colcon_core.package_identification:_identify(.) by extension 'ros'
[1.106s] Level 1:colcon.colcon_core.package_identification:_identify(.) by extensions ['cmake', 'python']
[1.106s] Level 1:colcon.colcon_core.package_identification:_identify(.) by extension 'cmake'
[1.106s] Level 1:colcon.colcon_core.package_identification:_identify(.) by extension 'python'
[1.106s] Level 1:colcon.colcon_core.package_identification:_identify(.) by extensions ['python_setup_py']
[1.106s] Level 1:colcon.colcon_core.package_identification:_identify(.) by extension 'python_setup_py'
[1.107s] Level 1:colcon.colcon_core.package_identification:_identify(build) by extensions ['ignore', 'ignore_ament_install']
[1.107s] Level 1:colcon.colcon_core.package_identification:_identify(build) by extension 'ignore'
[1.107s] Level 1:colcon.colcon_core.package_identification:_identify(build) ignored
[1.107s] Level 1:colcon.colcon_core.package_identification:_identify(data) by extensions ['ignore', 'ignore_ament_install']
[1.107s] Level 1:colcon.colcon_core.package_identification:_identify(data) by extension 'ignore'
[1.108s] Level 1:colcon.colcon_core.package_identification:_identify(data) by extension 'ignore_ament_install'
[1.108s] Level 1:colcon.colcon_core.package_identification:_identify(data) by extensions ['colcon_pkg']
[1.108s] Level 1:colcon.colcon_core.package_identification:_identify(data) by extension 'colcon_pkg'
[1.108s] Level 1:colcon.colcon_core.package_identification:_identify(data) by extensions ['colcon_meta']
[1.108s] Level 1:colcon.colcon_core.package_identification:_identify(data) by extension 'colcon_meta'
[1.108s] Level 1:colcon.colcon_core.package_identification:_identify(data) by extensions ['ros']
[1.108s] Level 1:colcon.colcon_core.package_identification:_identify(data) by extension 'ros'
[1.109s] Level 1:colcon.colcon_core.package_identification:_identify(data) by extensions ['cmake', 'python']
[1.109s] Level 1:colcon.colcon_core.package_identification:_identify(data) by extension 'cmake'
[1.109s] Level 1:colcon.colcon_core.package_identification:_identify(data) by extension 'python'
[1.109s] Level 1:colcon.colcon_core.package_identification:_identify(data) by extensions ['python_setup_py']
[1.109s] Level 1:colcon.colcon_core.package_identification:_identify(data) by extension 'python_setup_py'
[1.114s] Level 1:colcon.colcon_core.package_identification:_identify(install) by extensions ['ignore', 'ignore_ament_install']
[1.114s] Level 1:colcon.colcon_core.package_identification:_identify(install) by extension 'ignore'
[1.114s] Level 1:colcon.colcon_core.package_identification:_identify(install) ignored
[1.115s] Level 1:colcon.colcon_core.package_identification:_identify(log) by extensions ['ignore', 'ignore_ament_install']
[1.115s] Level 1:colcon.colcon_core.package_identification:_identify(log) by extension 'ignore'
[1.115s] Level 1:colcon.colcon_core.package_identification:_identify(log) ignored
[1.115s] Level 1:colcon.colcon_core.package_identification:_identify(src) by extensions ['ignore', 'ignore_ament_install']
[1.116s] Level 1:colcon.colcon_core.package_identification:_identify(src) by extension 'ignore'
[1.116s] Level 1:colcon.colcon_core.package_identification:_identify(src) by extension 'ignore_ament_install'
[1.116s] Level 1:colcon.colcon_core.package_identification:_identify(src) by extensions ['colcon_pkg']
[1.116s] Level 1:colcon.colcon_core.package_identification:_identify(src) by extension 'colcon_pkg'
[1.116s] Level 1:colcon.colcon_core.package_identification:_identify(src) by extensions ['colcon_meta']
[1.116s] Level 1:colcon.colcon_core.package_identification:_identify(src) by extension 'colcon_meta'
[1.117s] Level 1:colcon.colcon_core.package_identification:_identify(src) by extensions ['ros']
[1.117s] Level 1:colcon.colcon_core.package_identification:_identify(src) by extension 'ros'
[1.117s] Level 1:colcon.colcon_core.package_identification:_identify(src) by extensions ['cmake', 'python']
[1.117s] Level 1:colcon.colcon_core.package_identification:_identify(src) by extension 'cmake'
[1.117s] Level 1:colcon.colcon_core.package_identification:_identify(src) by extension 'python'
[1.118s] Level 1:colcon.colcon_core.package_identification:_identify(src) by extensions ['python_setup_py']
[1.118s] Level 1:colcon.colcon_core.package_identification:_identify(src) by extension 'python_setup_py'
[1.118s] Level 1:colcon.colcon_core.package_identification:_identify(src/my_robot_controller) by extensions ['ignore', 'ignore_ament_install']
[1.118s] Level 1:colcon.colcon_core.package_identification:_identify(src/my_robot_controller) by extension 'ignore'
[1.118s] Level 1:colcon.colcon_core.package_identification:_identify(src/my_robot_controller) by extension 'ignore_ament_install'
[1.119s] Level 1:colcon.colcon_core.package_identification:_identify(src/my_robot_controller) by extensions ['colcon_pkg']
[1.119s] Level 1:colcon.colcon_core.package_identification:_identify(src/my_robot_controller) by extension 'colcon_pkg'
[1.119s] Level 1:colcon.colcon_core.package_identification:_identify(src/my_robot_controller) by extensions ['colcon_meta']
[1.119s] Level 1:colcon.colcon_core.package_identification:_identify(src/my_robot_controller) by extension 'colcon_meta'
[1.119s] Level 1:colcon.colcon_core.package_identification:_identify(src/my_robot_controller) by extensions ['ros']
[1.119s] Level 1:colcon.colcon_core.package_identification:_identify(src/my_robot_controller) by extension 'ros'
[1.129s] DEBUG:colcon.colcon_core.package_identification:Package 'src/my_robot_controller' with type 'ros.ament_python' and name 'my_robot_controller'
[1.130s] Level 1:colcon.colcon_core.package_identification:_identify(src/video_stream_client) by extensions ['ignore', 'ignore_ament_install']
[1.130s] Level 1:colcon.colcon_core.package_identification:_identify(src/video_stream_client) by extension 'ignore'
[1.130s] Level 1:colcon.colcon_core.package_identification:_identify(src/video_stream_client) by extension 'ignore_ament_install'
[1.130s] Level 1:colcon.colcon_core.package_identification:_identify(src/video_stream_client) by extensions ['colcon_pkg']
[1.131s] Level 1:colcon.colcon_core.package_identification:_identify(src/video_stream_client) by extension 'colcon_pkg'
[1.131s] Level 1:colcon.colcon_core.package_identification:_identify(src/video_stream_client) by extensions ['colcon_meta']
[1.131s] Level 1:colcon.colcon_core.package_identification:_identify(src/video_stream_client) by extension 'colcon_meta'
[1.131s] Level 1:colcon.colcon_core.package_identification:_identify(src/video_stream_client) by extensions ['ros']
[1.131s] Level 1:colcon.colcon_core.package_identification:_identify(src/video_stream_client) by extension 'ros'
[1.138s] DEBUG:colcon.colcon_core.package_identification:Package 'src/video_stream_client' with type 'ros.ament_python' and name 'video_stream_client'
[1.139s] Level 1:colcon.colcon_core.package_discovery:discover_packages(recursive) using defaults
[1.139s] Level 1:colcon.colcon_core.package_discovery:discover_packages(ignore) discover
[1.139s] Level 1:colcon.colcon_core.package_discovery:discover_packages(ignore) using defaults
[1.139s] Level 1:colcon.colcon_core.package_discovery:discover_packages(path) discover
[1.139s] Level 1:colcon.colcon_core.package_discovery:discover_packages(path) using defaults
[1.208s] Level 1:colcon.colcon_core.package_discovery:discover_packages(prefix_path) check parameters
[1.208s] Level 1:colcon.colcon_core.package_discovery:discover_packages(prefix_path) discover
[1.245s] DEBUG:colcon.colcon_installed_package_information.package_discovery:Found 6 installed packages in /home/chen/Desktop/dev_ws/install
[1.257s] DEBUG:colcon.colcon_installed_package_information.package_discovery:Found 270 installed packages in /opt/ros/humble
[1.261s] Level 1:colcon.colcon_core.package_discovery:discover_packages(prefix_path) using defaults
[1.455s] Level 5:colcon.colcon_core.verb:set package 'my_robot_controller' build argument 'cmake_args' from command line to 'None'
[1.456s] Level 5:colcon.colcon_core.verb:set package 'my_robot_controller' build argument 'cmake_target' from command line to 'None'
[1.456s] Level 5:colcon.colcon_core.verb:set package 'my_robot_controller' build argument 'cmake_target_skip_unavailable' from command line to 'False'
[1.456s] Level 5:colcon.colcon_core.verb:set package 'my_robot_controller' build argument 'cmake_clean_cache' from command line to 'False'
[1.456s] Level 5:colcon.colcon_core.verb:set package 'my_robot_controller' build argument 'cmake_clean_first' from command line to 'False'
[1.456s] Level 5:colcon.colcon_core.verb:set package 'my_robot_controller' build argument 'cmake_force_configure' from command line to 'False'
[1.456s] Level 5:colcon.colcon_core.verb:set package 'my_robot_controller' build argument 'ament_cmake_args' from command line to 'None'
[1.456s] Level 5:colcon.colcon_core.verb:set package 'my_robot_controller' build argument 'catkin_cmake_args' from command line to 'None'
[1.456s] Level 5:colcon.colcon_core.verb:set package 'my_robot_controller' build argument 'catkin_skip_building_tests' from command line to 'False'
[1.456s] DEBUG:colcon.colcon_core.verb:Building package 'my_robot_controller' with the following arguments: {'ament_cmake_args': None, 'build_base': '/home/chen/Desktop/dev_ws/build/my_robot_controller', 'catkin_cmake_args': None, 'catkin_skip_building_tests': False, 'cmake_args': None, 'cmake_clean_cache': False, 'cmake_clean_first': False, 'cmake_force_configure': False, 'cmake_target': None, 'cmake_target_skip_unavailable': False, 'install_base': '/home/chen/Desktop/dev_ws/install/my_robot_controller', 'merge_install': False, 'path': '/home/chen/Desktop/dev_ws/src/my_robot_controller', 'symlink_install': False, 'test_result_base': None}
[1.459s] Level 5:colcon.colcon_core.verb:set package 'video_stream_client' build argument 'cmake_args' from command line to 'None'
[1.459s] Level 5:colcon.colcon_core.verb:set package 'video_stream_client' build argument 'cmake_target' from command line to 'None'
[1.459s] Level 5:colcon.colcon_core.verb:set package 'video_stream_client' build argument 'cmake_target_skip_unavailable' from command line to 'False'
[1.459s] Level 5:colcon.colcon_core.verb:set package 'video_stream_client' build argument 'cmake_clean_cache' from command line to 'False'
[1.459s] Level 5:colcon.colcon_core.verb:set package 'video_stream_client' build argument 'cmake_clean_first' from command line to 'False'
[1.460s] Level 5:colcon.colcon_core.verb:set package 'video_stream_client' build argument 'cmake_force_configure' from command line to 'False'
[1.460s] Level 5:colcon.colcon_core.verb:set package 'video_stream_client' build argument 'ament_cmake_args' from command line to 'None'
[1.460s] Level 5:colcon.colcon_core.verb:set package 'video_stream_client' build argument 'catkin_cmake_args' from command line to 'None'
[1.460s] Level 5:colcon.colcon_core.verb:set package 'video_stream_client' build argument 'catkin_skip_building_tests' from command line to 'False'
[1.460s] DEBUG:colcon.colcon_core.verb:Building package 'video_stream_client' with the following arguments: {'ament_cmake_args': None, 'build_base': '/home/chen/Desktop/dev_ws/build/video_stream_client', 'catkin_cmake_args': None, 'catkin_skip_building_tests': False, 'cmake_args': None, 'cmake_clean_cache': False, 'cmake_clean_first': False, 'cmake_force_configure': False, 'cmake_target': None, 'cmake_target_skip_unavailable': False, 'install_base': '/home/chen/Desktop/dev_ws/install/video_stream_client', 'merge_install': False, 'path': '/home/chen/Desktop/dev_ws/src/video_stream_client', 'symlink_install': False, 'test_result_base': None}
[1.460s] INFO:colcon.colcon_core.executor:Executing jobs using 'parallel' executor
[1.464s] DEBUG:colcon.colcon_parallel_executor.executor.parallel:run_until_complete
[1.467s] INFO:colcon.colcon_ros.task.ament_python.build:Building ROS package in '/home/chen/Desktop/dev_ws/src/my_robot_controller' with build type 'ament_python'
[1.468s] Level 1:colcon.colcon_core.shell:create_environment_hook('my_robot_controller', 'ament_prefix_path')
[1.484s] INFO:colcon.colcon_core.plugin_system:Skipping extension 'colcon_core.shell.bat': Not used on non-Windows systems
[1.484s] INFO:colcon.colcon_core.shell:Creating environment hook '/home/chen/Desktop/dev_ws/install/my_robot_controller/share/my_robot_controller/hook/ament_prefix_path.ps1'
[1.491s] INFO:colcon.colcon_core.shell:Creating environment descriptor '/home/chen/Desktop/dev_ws/install/my_robot_controller/share/my_robot_controller/hook/ament_prefix_path.dsv'
[1.493s] INFO:colcon.colcon_core.shell:Creating environment hook '/home/chen/Desktop/dev_ws/install/my_robot_controller/share/my_robot_controller/hook/ament_prefix_path.sh'
[1.497s] INFO:colcon.colcon_core.shell:Skip shell extension 'powershell' for command environment: Not usable outside of PowerShell
[1.497s] DEBUG:colcon.colcon_core.shell:Skip shell extension 'dsv' for command environment
[1.518s] INFO:colcon.colcon_ros.task.ament_python.build:Building ROS package in '/home/chen/Desktop/dev_ws/src/video_stream_client' with build type 'ament_python'
[1.518s] Level 1:colcon.colcon_core.shell:create_environment_hook('video_stream_client', 'ament_prefix_path')
[1.519s] INFO:colcon.colcon_core.shell:Creating environment hook '/home/chen/Desktop/dev_ws/install/video_stream_client/share/video_stream_client/hook/ament_prefix_path.ps1'
[1.520s] INFO:colcon.colcon_core.shell:Creating environment descriptor '/home/chen/Desktop/dev_ws/install/video_stream_client/share/video_stream_client/hook/ament_prefix_path.dsv'
[1.522s] INFO:colcon.colcon_core.shell:Creating environment hook '/home/chen/Desktop/dev_ws/install/video_stream_client/share/video_stream_client/hook/ament_prefix_path.sh'
[1.523s] INFO:colcon.colcon_core.shell:Skip shell extension 'powershell' for command environment: Not usable outside of PowerShell
[1.524s] DEBUG:colcon.colcon_core.shell:Skip shell extension 'dsv' for command environment
[2.870s] INFO:colcon.colcon_core.task.python.build:Building Python package in '/home/chen/Desktop/dev_ws/src/my_robot_controller'
[2.870s] INFO:colcon.colcon_core.shell:Skip shell extension 'powershell' for command environment: Not usable outside of PowerShell
[2.870s] DEBUG:colcon.colcon_core.shell:Skip shell extension 'dsv' for command environment
[4.221s] INFO:colcon.colcon_core.task.python.build:Building Python package in '/home/chen/Desktop/dev_ws/src/video_stream_client'
[4.222s] INFO:colcon.colcon_core.shell:Skip shell extension 'powershell' for command environment: Not usable outside of PowerShell
[4.222s] DEBUG:colcon.colcon_core.shell:Skip shell extension 'dsv' for command environment
[7.463s] DEBUG:colcon.colcon_core.event_handler.log_command:Invoking command in '/home/chen/Desktop/dev_ws/build/my_robot_controller': PYTHONPATH=/home/chen/Desktop/dev_ws/build/my_robot_controller/prefix_override:/home/chen/Desktop/dev_ws/install/my_robot_controller/lib/python3.10/site-packages:${PYTHONPATH} /usr/bin/python3 -W ignore:setup.py install is deprecated setup.py develop --uninstall --editable --build-directory /home/chen/Desktop/dev_ws/build/my_robot_controller/build
[7.519s] DEBUG:colcon.colcon_core.event_handler.log_command:Invoking command in '/home/chen/Desktop/dev_ws/build/video_stream_client': PYTHONPATH=/home/chen/Desktop/dev_ws/build/video_stream_client/prefix_override:/home/chen/Desktop/dev_ws/install/video_stream_client/lib/python3.10/site-packages:${PYTHONPATH} /usr/bin/python3 -W ignore:setup.py install is deprecated setup.py develop --uninstall --editable --build-directory /home/chen/Desktop/dev_ws/build/video_stream_client/build
[11.034s] DEBUG:colcon.colcon_core.event_handler.log_command:Invoked command in '/home/chen/Desktop/dev_ws/build/video_stream_client' returned '0': PYTHONPATH=/home/chen/Desktop/dev_ws/build/video_stream_client/prefix_override:/home/chen/Desktop/dev_ws/install/video_stream_client/lib/python3.10/site-packages:${PYTHONPATH} /usr/bin/python3 -W ignore:setup.py install is deprecated setup.py develop --uninstall --editable --build-directory /home/chen/Desktop/dev_ws/build/video_stream_client/build
[11.041s] DEBUG:colcon.colcon_core.event_handler.log_command:Invoking command in '/home/chen/Desktop/dev_ws/src/video_stream_client': PYTHONPATH=/home/chen/Desktop/dev_ws/build/video_stream_client/prefix_override:/home/chen/Desktop/dev_ws/install/video_stream_client/lib/python3.10/site-packages:${PYTHONPATH} /usr/bin/python3 -W ignore:setup.py install is deprecated setup.py egg_info --egg-base ../../build/video_stream_client build --build-base /home/chen/Desktop/dev_ws/build/video_stream_client/build install --record /home/chen/Desktop/dev_ws/build/video_stream_client/install.log --single-version-externally-managed install_data --force
[11.311s] DEBUG:colcon.colcon_core.event_handler.log_command:Invoked command in '/home/chen/Desktop/dev_ws/build/my_robot_controller' returned '0': PYTHONPATH=/home/chen/Desktop/dev_ws/build/my_robot_controller/prefix_override:/home/chen/Desktop/dev_ws/install/my_robot_controller/lib/python3.10/site-packages:${PYTHONPATH} /usr/bin/python3 -W ignore:setup.py install is deprecated setup.py develop --uninstall --editable --build-directory /home/chen/Desktop/dev_ws/build/my_robot_controller/build
[11.335s] DEBUG:colcon.colcon_core.event_handler.log_command:Invoking command in '/home/chen/Desktop/dev_ws/src/my_robot_controller': PYTHONPATH=/home/chen/Desktop/dev_ws/build/my_robot_controller/prefix_override:/home/chen/Desktop/dev_ws/install/my_robot_controller/lib/python3.10/site-packages:${PYTHONPATH} /usr/bin/python3 -W ignore:setup.py install is deprecated setup.py egg_info --egg-base ../../build/my_robot_controller build --build-base /home/chen/Desktop/dev_ws/build/my_robot_controller/build install --record /home/chen/Desktop/dev_ws/build/my_robot_controller/install.log --single-version-externally-managed install_data --force
[13.680s] DEBUG:colcon.colcon_core.event_handler.log_command:Invoked command in '/home/chen/Desktop/dev_ws/src/my_robot_controller' returned '0': PYTHONPATH=/home/chen/Desktop/dev_ws/build/my_robot_controller/prefix_override:/home/chen/Desktop/dev_ws/install/my_robot_controller/lib/python3.10/site-packages:${PYTHONPATH} /usr/bin/python3 -W ignore:setup.py install is deprecated setup.py egg_info --egg-base ../../build/my_robot_controller build --build-base /home/chen/Desktop/dev_ws/build/my_robot_controller/build install --record /home/chen/Desktop/dev_ws/build/my_robot_controller/install.log --single-version-externally-managed install_data --force
[13.701s] Level 1:colcon.colcon_core.environment:checking '/home/chen/Desktop/dev_ws/install/my_robot_controller' for CMake module files
[13.703s] Level 1:colcon.colcon_core.environment:checking '/home/chen/Desktop/dev_ws/install/my_robot_controller' for CMake config files
[13.720s] Level 1:colcon.colcon_core.environment:checking '/home/chen/Desktop/dev_ws/install/my_robot_controller/lib'
[13.721s] Level 1:colcon.colcon_core.environment:checking '/home/chen/Desktop/dev_ws/install/my_robot_controller/bin'
[13.721s] Level 1:colcon.colcon_core.environment:checking '/home/chen/Desktop/dev_ws/install/my_robot_controller/lib/pkgconfig/my_robot_controller.pc'
[13.723s] Level 1:colcon.colcon_core.environment:checking '/home/chen/Desktop/dev_ws/install/my_robot_controller/lib/python3.10/site-packages'
[13.723s] Level 1:colcon.colcon_core.shell:create_environment_hook('my_robot_controller', 'pythonpath')
[13.723s] INFO:colcon.colcon_core.shell:Creating environment hook '/home/chen/Desktop/dev_ws/install/my_robot_controller/share/my_robot_controller/hook/pythonpath.ps1'
[13.735s] INFO:colcon.colcon_core.shell:Creating environment descriptor '/home/chen/Desktop/dev_ws/install/my_robot_controller/share/my_robot_controller/hook/pythonpath.dsv'
[13.739s] INFO:colcon.colcon_core.shell:Creating environment hook '/home/chen/Desktop/dev_ws/install/my_robot_controller/share/my_robot_controller/hook/pythonpath.sh'
[13.758s] Level 1:colcon.colcon_core.environment:checking '/home/chen/Desktop/dev_ws/install/my_robot_controller/bin'
[13.758s] Level 1:colcon.colcon_core.environment:create_environment_scripts_only(my_robot_controller)
[13.759s] INFO:colcon.colcon_core.shell:Creating package script '/home/chen/Desktop/dev_ws/install/my_robot_controller/share/my_robot_controller/package.ps1'
[13.778s] INFO:colcon.colcon_core.shell:Creating package descriptor '/home/chen/Desktop/dev_ws/install/my_robot_controller/share/my_robot_controller/package.dsv'
[13.780s] INFO:colcon.colcon_core.shell:Creating package script '/home/chen/Desktop/dev_ws/install/my_robot_controller/share/my_robot_controller/package.sh'
[13.797s] INFO:colcon.colcon_core.shell:Creating package script '/home/chen/Desktop/dev_ws/install/my_robot_controller/share/my_robot_controller/package.bash'
[13.809s] INFO:colcon.colcon_core.shell:Creating package script '/home/chen/Desktop/dev_ws/install/my_robot_controller/share/my_robot_controller/package.zsh'
[13.811s] Level 1:colcon.colcon_core.environment:create_file_with_runtime_dependencies(/home/chen/Desktop/dev_ws/install/my_robot_controller/share/colcon-core/packages/my_robot_controller)
[13.840s] Level 1:colcon.colcon_core.environment:checking '/home/chen/Desktop/dev_ws/install/video_stream_client' for CMake module files
[13.841s] DEBUG:colcon.colcon_core.event_handler.log_command:Invoked command in '/home/chen/Desktop/dev_ws/src/video_stream_client' returned '0': PYTHONPATH=/home/chen/Desktop/dev_ws/build/video_stream_client/prefix_override:/home/chen/Desktop/dev_ws/install/video_stream_client/lib/python3.10/site-packages:${PYTHONPATH} /usr/bin/python3 -W ignore:setup.py install is deprecated setup.py egg_info --egg-base ../../build/video_stream_client build --build-base /home/chen/Desktop/dev_ws/build/video_stream_client/build install --record /home/chen/Desktop/dev_ws/build/video_stream_client/install.log --single-version-externally-managed install_data --force
[13.843s] Level 1:colcon.colcon_core.environment:checking '/home/chen/Desktop/dev_ws/install/video_stream_client' for CMake config files
[13.846s] Level 1:colcon.colcon_core.environment:checking '/home/chen/Desktop/dev_ws/install/video_stream_client/lib'
[13.847s] Level 1:colcon.colcon_core.environment:checking '/home/chen/Desktop/dev_ws/install/video_stream_client/bin'
[13.847s] Level 1:colcon.colcon_core.environment:checking '/home/chen/Desktop/dev_ws/install/video_stream_client/lib/pkgconfig/video_stream_client.pc'
[13.847s] Level 1:colcon.colcon_core.environment:checking '/home/chen/Desktop/dev_ws/install/video_stream_client/lib/python3.10/site-packages'
[13.847s] Level 1:colcon.colcon_core.shell:create_environment_hook('video_stream_client', 'pythonpath')
[13.847s] INFO:colcon.colcon_core.shell:Creating environment hook '/home/chen/Desktop/dev_ws/install/video_stream_client/share/video_stream_client/hook/pythonpath.ps1'
[13.848s] INFO:colcon.colcon_core.shell:Creating environment descriptor '/home/chen/Desktop/dev_ws/install/video_stream_client/share/video_stream_client/hook/pythonpath.dsv'
[13.861s] INFO:colcon.colcon_core.shell:Creating environment hook '/home/chen/Desktop/dev_ws/install/video_stream_client/share/video_stream_client/hook/pythonpath.sh'
[13.863s] Level 1:colcon.colcon_core.environment:checking '/home/chen/Desktop/dev_ws/install/video_stream_client/bin'
[13.863s] Level 1:colcon.colcon_core.environment:create_environment_scripts_only(video_stream_client)
[13.864s] INFO:colcon.colcon_core.shell:Creating package script '/home/chen/Desktop/dev_ws/install/video_stream_client/share/video_stream_client/package.ps1'
[13.869s] INFO:colcon.colcon_core.shell:Creating package descriptor '/home/chen/Desktop/dev_ws/install/video_stream_client/share/video_stream_client/package.dsv'
[13.871s] INFO:colcon.colcon_core.shell:Creating package script '/home/chen/Desktop/dev_ws/install/video_stream_client/share/video_stream_client/package.sh'
[13.878s] INFO:colcon.colcon_core.shell:Creating package script '/home/chen/Desktop/dev_ws/install/video_stream_client/share/video_stream_client/package.bash'
[13.879s] INFO:colcon.colcon_core.shell:Creating package script '/home/chen/Desktop/dev_ws/install/video_stream_client/share/video_stream_client/package.zsh'
[13.884s] Level 1:colcon.colcon_core.environment:create_file_with_runtime_dependencies(/home/chen/Desktop/dev_ws/install/video_stream_client/share/colcon-core/packages/video_stream_client)
[13.886s] DEBUG:colcon.colcon_parallel_executor.executor.parallel:closing loop
[13.887s] DEBUG:colcon.colcon_parallel_executor.executor.parallel:loop closed
[13.887s] DEBUG:colcon.colcon_parallel_executor.executor.parallel:run_until_complete finished with '0'
[13.887s] DEBUG:colcon.colcon_core.event_reactor:joining thread
[13.962s] INFO:colcon.colcon_core.plugin_system:Skipping extension 'colcon_notification.desktop_notification.terminal_notifier': Not used on non-Darwin systems
[13.962s] INFO:colcon.colcon_core.plugin_system:Skipping extension 'colcon_notification.desktop_notification.win32': Not used on non-Windows systems
[13.962s] INFO:colcon.colcon_notification.desktop_notification:Sending desktop notification using 'notify2'
[14.061s] DEBUG:colcon.colcon_core.event_reactor:joined thread
[14.062s] INFO:colcon.colcon_core.shell:Creating prefix script '/home/chen/Desktop/dev_ws/install/local_setup.ps1'
[14.066s] INFO:colcon.colcon_core.shell:Creating prefix util module '/home/chen/Desktop/dev_ws/install/_local_setup_util_ps1.py'
[14.079s] INFO:colcon.colcon_core.shell:Creating prefix chain script '/home/chen/Desktop/dev_ws/install/setup.ps1'
[14.087s] INFO:colcon.colcon_core.shell:Creating prefix script '/home/chen/Desktop/dev_ws/install/local_setup.sh'
[14.095s] INFO:colcon.colcon_core.shell:Creating prefix util module '/home/chen/Desktop/dev_ws/install/_local_setup_util_sh.py'
[14.102s] INFO:colcon.colcon_core.shell:Creating prefix chain script '/home/chen/Desktop/dev_ws/install/setup.sh'
[14.107s] INFO:colcon.colcon_core.shell:Creating prefix script '/home/chen/Desktop/dev_ws/install/local_setup.bash'
[14.111s] INFO:colcon.colcon_core.shell:Creating prefix chain script '/home/chen/Desktop/dev_ws/install/setup.bash'
[14.146s] INFO:colcon.colcon_core.shell:Creating prefix script '/home/chen/Desktop/dev_ws/install/local_setup.zsh'
[14.152s] INFO:colcon.colcon_core.shell:Creating prefix chain script '/home/chen/Desktop/dev_ws/install/setup.zsh'
