[0.165s] Invoking command in '/home/chen/Desktop/dev_ws/build/ffmpeg_image_transport': CMAKE_PREFIX_PATH=${CMAKE_PREFIX_PATH}:/home/chen/Desktop/dev_ws/install/video_stream_package:/home/chen/Desktop/dev_ws/install/my_robot_controller:/opt/ros/humble /usr/bin/cmake /home/chen/Desktop/dev_ws/src/ffmpeg_image_transport -DAMENT_CMAKE_SYMLINK_INSTALL=1 -DCMAKE_INSTALL_PREFIX=/home/chen/Desktop/dev_ws/install/ffmpeg_image_transport
[0.338s] -- Found ament_cmake: 1.3.8 (/opt/ros/humble/share/ament_cmake/cmake)
[0.899s] -- Override CMake install command with custom implementation using symlinks instead of copying resources
[1.038s] -- Found ament_cmake_ros: 0.10.0 (/opt/ros/humble/share/ament_cmake_ros/cmake)
[1.118s] -- Found image_transport: 3.1.8 (/opt/ros/humble/share/image_transport/cmake)
[1.348s] -- Found rosidl_generator_c: 3.1.5 (/opt/ros/humble/share/rosidl_generator_c/cmake)
[1.366s] -- Found rosidl_adapter: 3.1.5 (/opt/ros/humble/share/rosidl_adapter/cmake)
[1.430s] -- Found rosidl_generator_cpp: 3.1.5 (/opt/ros/humble/share/rosidl_generator_cpp/cmake)
[1.584s] -- Using all available rosidl_typesupport_c: rosidl_typesupport_fastrtps_c;rosidl_typesupport_introspection_c
[1.713s] -- Using all available rosidl_typesupport_cpp: rosidl_typesupport_fastrtps_cpp;rosidl_typesupport_introspection_cpp
[2.302s] -- Found rmw_implementation_cmake: 6.1.1 (/opt/ros/humble/share/rmw_implementation_cmake/cmake)
[2.315s] -- Found rmw_fastrtps_cpp: 6.2.6 (/opt/ros/humble/share/rmw_fastrtps_cpp/cmake)
[3.174s] -- Using RMW implementation 'rmw_fastrtps_cpp' as default
[4.551s] -- Found cv_bridge: 3.2.1 (/opt/ros/humble/share/cv_bridge/cmake)
[4.626s] -- Found ffmpeg_image_transport_msgs: 1.1.2 (/opt/ros/humble/share/ffmpeg_image_transport_msgs/cmake)
[4.873s] -- Found ament_cmake_copyright: 0.12.10 (/opt/ros/humble/share/ament_cmake_copyright/cmake)
[4.887s] -- Found ament_cmake_cppcheck: 0.12.10 (/opt/ros/humble/share/ament_cmake_cppcheck/cmake)
[4.896s] -- Found ament_cmake_cpplint: 0.12.10 (/opt/ros/humble/share/ament_cmake_cpplint/cmake)
[4.904s] -- Found ament_cmake_flake8: 0.12.10 (/opt/ros/humble/share/ament_cmake_flake8/cmake)
[4.936s] -- Found ament_cmake_lint_cmake: 0.12.10 (/opt/ros/humble/share/ament_cmake_lint_cmake/cmake)
[4.941s] -- Found ament_cmake_clang_format: 0.12.10 (/opt/ros/humble/share/ament_cmake_clang_format/cmake)
[4.947s] -- Found ament_cmake_xmllint: 0.12.10 (/opt/ros/humble/share/ament_cmake_xmllint/cmake)
[4.967s] -- Found ament_cmake_pep257: 0.12.10 (/opt/ros/humble/share/ament_cmake_pep257/cmake)
[5.361s] -- Configuring done
[5.878s] -- Generating done
[5.928s] -- Build files have been written to: /home/chen/Desktop/dev_ws/build/ffmpeg_image_transport
[6.034s] Invoked command in '/home/chen/Desktop/dev_ws/build/ffmpeg_image_transport' returned '0': CMAKE_PREFIX_PATH=${CMAKE_PREFIX_PATH}:/home/chen/Desktop/dev_ws/install/video_stream_package:/home/chen/Desktop/dev_ws/install/my_robot_controller:/opt/ros/humble /usr/bin/cmake /home/chen/Desktop/dev_ws/src/ffmpeg_image_transport -DAMENT_CMAKE_SYMLINK_INSTALL=1 -DCMAKE_INSTALL_PREFIX=/home/chen/Desktop/dev_ws/install/ffmpeg_image_transport
[6.034s] Invoking command in '/home/chen/Desktop/dev_ws/build/ffmpeg_image_transport': CMAKE_PREFIX_PATH=${CMAKE_PREFIX_PATH}:/home/chen/Desktop/dev_ws/install/video_stream_package:/home/chen/Desktop/dev_ws/install/my_robot_controller:/opt/ros/humble /usr/bin/cmake --build /home/chen/Desktop/dev_ws/build/ffmpeg_image_transport -- -j2 -l2
[6.815s] [35m[1mConsolidate compiler generated dependencies of target ffmpeg_image_transport_component[0m
[7.441s] [ 80%] Built target ffmpeg_image_transport_component
[7.664s] [35m[1mConsolidate compiler generated dependencies of target test_encoder[0m
[8.139s] [100%] Built target test_encoder
[8.223s] Invoked command in '/home/chen/Desktop/dev_ws/build/ffmpeg_image_transport' returned '0': CMAKE_PREFIX_PATH=${CMAKE_PREFIX_PATH}:/home/chen/Desktop/dev_ws/install/video_stream_package:/home/chen/Desktop/dev_ws/install/my_robot_controller:/opt/ros/humble /usr/bin/cmake --build /home/chen/Desktop/dev_ws/build/ffmpeg_image_transport -- -j2 -l2
[8.820s] Invoking command in '/home/chen/Desktop/dev_ws/build/ffmpeg_image_transport': CMAKE_PREFIX_PATH=${CMAKE_PREFIX_PATH}:/home/chen/Desktop/dev_ws/install/video_stream_package:/home/chen/Desktop/dev_ws/install/my_robot_controller:/opt/ros/humble /usr/bin/cmake --install /home/chen/Desktop/dev_ws/build/ffmpeg_image_transport
[8.892s] -- Install configuration: "RelWithDebInfo"
[8.907s] -- Execute custom install script
[8.910s] -- Up-to-date symlink: /home/chen/Desktop/dev_ws/install/ffmpeg_image_transport/bin/test_encoder
[8.912s] -- Up-to-date symlink: /home/chen/Desktop/dev_ws/install/ffmpeg_image_transport/share/ffmpeg_image_transport/environment/library_path.sh
[8.929s] -- Up-to-date symlink: /home/chen/Desktop/dev_ws/install/ffmpeg_image_transport/share/ffmpeg_image_transport/environment/library_path.dsv
[8.943s] -- Up-to-date symlink: /home/chen/Desktop/dev_ws/install/ffmpeg_image_transport/include/ffmpeg_image_transport/ffmpeg_decoder.hpp
[8.954s] -- Up-to-date symlink: /home/chen/Desktop/dev_ws/install/ffmpeg_image_transport/include/ffmpeg_image_transport/ffmpeg_encoder.hpp
[8.955s] -- Up-to-date symlink: /home/chen/Desktop/dev_ws/install/ffmpeg_image_transport/include/ffmpeg_image_transport/ffmpeg_publisher.hpp
[8.977s] -- Up-to-date symlink: /home/chen/Desktop/dev_ws/install/ffmpeg_image_transport/include/ffmpeg_image_transport/ffmpeg_subscriber.hpp
[8.977s] -- Up-to-date symlink: /home/chen/Desktop/dev_ws/install/ffmpeg_image_transport/include/ffmpeg_image_transport/safe_param.hpp
[8.977s] -- Up-to-date symlink: /home/chen/Desktop/dev_ws/install/ffmpeg_image_transport/include/ffmpeg_image_transport/tdiff.hpp
[8.978s] -- Up-to-date symlink: /home/chen/Desktop/dev_ws/install/ffmpeg_image_transport/include/ffmpeg_image_transport/types.hpp
[8.978s] -- Up-to-date symlink: /home/chen/Desktop/dev_ws/install/ffmpeg_image_transport/include/ffmpeg_image_transport/utils.hpp
[8.978s] -- Up-to-date symlink: /home/chen/Desktop/dev_ws/install/ffmpeg_image_transport/share/ffmpeg_image_transport//ffmpeg_plugins.xml
[8.991s] -- Up-to-date symlink: /home/chen/Desktop/dev_ws/install/ffmpeg_image_transport/share/ament_index/resource_index/package_run_dependencies/ffmpeg_image_transport
[8.995s] -- Up-to-date symlink: /home/chen/Desktop/dev_ws/install/ffmpeg_image_transport/share/ament_index/resource_index/parent_prefix_path/ffmpeg_image_transport
[9.002s] -- Up-to-date symlink: /home/chen/Desktop/dev_ws/install/ffmpeg_image_transport/share/ffmpeg_image_transport/environment/ament_prefix_path.sh
[9.003s] -- Up-to-date symlink: /home/chen/Desktop/dev_ws/install/ffmpeg_image_transport/share/ffmpeg_image_transport/environment/ament_prefix_path.dsv
[9.005s] -- Up-to-date symlink: /home/chen/Desktop/dev_ws/install/ffmpeg_image_transport/share/ffmpeg_image_transport/environment/path.sh
[9.007s] -- Up-to-date symlink: /home/chen/Desktop/dev_ws/install/ffmpeg_image_transport/share/ffmpeg_image_transport/environment/path.dsv
[9.019s] -- Up-to-date symlink: /home/chen/Desktop/dev_ws/install/ffmpeg_image_transport/share/ffmpeg_image_transport/local_setup.bash
[9.025s] -- Up-to-date symlink: /home/chen/Desktop/dev_ws/install/ffmpeg_image_transport/share/ffmpeg_image_transport/local_setup.sh
[9.045s] -- Up-to-date symlink: /home/chen/Desktop/dev_ws/install/ffmpeg_image_transport/share/ffmpeg_image_transport/local_setup.zsh
[9.046s] -- Up-to-date symlink: /home/chen/Desktop/dev_ws/install/ffmpeg_image_transport/share/ffmpeg_image_transport/local_setup.dsv
[9.046s] -- Symlinking: /home/chen/Desktop/dev_ws/install/ffmpeg_image_transport/share/ffmpeg_image_transport/package.dsv
[9.118s] -- Up-to-date symlink: /home/chen/Desktop/dev_ws/install/ffmpeg_image_transport/share/ament_index/resource_index/packages/ffmpeg_image_transport
[9.123s] -- Up-to-date symlink: /home/chen/Desktop/dev_ws/install/ffmpeg_image_transport/share/ament_index/resource_index/image_transport__pluginlib__plugin/ffmpeg_image_transport
[9.133s] -- Up-to-date symlink: /home/chen/Desktop/dev_ws/install/ffmpeg_image_transport/share/ffmpeg_image_transport/cmake/ffmpeg_image_transport-extras.cmake
[9.134s] -- Up-to-date symlink: /home/chen/Desktop/dev_ws/install/ffmpeg_image_transport/share/ffmpeg_image_transport/cmake/ament_cmake_export_dependencies-extras.cmake
[9.138s] -- Up-to-date symlink: /home/chen/Desktop/dev_ws/install/ffmpeg_image_transport/share/ffmpeg_image_transport/cmake/ament_cmake_export_include_directories-extras.cmake
[9.139s] -- Up-to-date symlink: /home/chen/Desktop/dev_ws/install/ffmpeg_image_transport/share/ffmpeg_image_transport/cmake/ament_cmake_export_libraries-extras.cmake
[9.164s] -- Up-to-date symlink: /home/chen/Desktop/dev_ws/install/ffmpeg_image_transport/share/ffmpeg_image_transport/cmake/ament_cmake_export_targets-extras.cmake
[9.164s] -- Up-to-date symlink: /home/chen/Desktop/dev_ws/install/ffmpeg_image_transport/share/ffmpeg_image_transport/cmake/ffmpeg_image_transportConfig.cmake
[9.165s] -- Up-to-date symlink: /home/chen/Desktop/dev_ws/install/ffmpeg_image_transport/share/ffmpeg_image_transport/cmake/ffmpeg_image_transportConfig-version.cmake
[9.166s] -- Up-to-date symlink: /home/chen/Desktop/dev_ws/install/ffmpeg_image_transport/share/ffmpeg_image_transport/package.xml
[9.193s] -- Up-to-date: /home/chen/Desktop/dev_ws/install/ffmpeg_image_transport/lib/libffmpeg_image_transport_component.so
[9.213s] -- Up-to-date: /home/chen/Desktop/dev_ws/install/ffmpeg_image_transport/share/ffmpeg_image_transport//launch
[9.272s] -- Up-to-date: /home/chen/Desktop/dev_ws/install/ffmpeg_image_transport/share/ffmpeg_image_transport//launch/cam.launch.py
[9.272s] -- Up-to-date: /home/chen/Desktop/dev_ws/install/ffmpeg_image_transport/share/ffmpeg_image_transport/cmake/export_ffmpeg_image_transport_componentExport.cmake
[9.273s] -- Up-to-date: /home/chen/Desktop/dev_ws/install/ffmpeg_image_transport/share/ffmpeg_image_transport/cmake/export_ffmpeg_image_transport_componentExport-relwithdebinfo.cmake
[9.296s] Invoked command in '/home/chen/Desktop/dev_ws/build/ffmpeg_image_transport' returned '0': CMAKE_PREFIX_PATH=${CMAKE_PREFIX_PATH}:/home/chen/Desktop/dev_ws/install/video_stream_package:/home/chen/Desktop/dev_ws/install/my_robot_controller:/opt/ros/humble /usr/bin/cmake --install /home/chen/Desktop/dev_ws/build/ffmpeg_image_transport
