[0.019s] Invoking command in '/home/chen/Desktop/dev_ws/build/articubot_one': CMAKE_PREFIX_PATH=${CMAKE_PREFIX_PATH}:/home/chen/Desktop/install/ball_tracker:/opt/ros/humble /usr/bin/cmake /home/chen/Desktop/dev_ws/src/articubot_one -DAMENT_CMAKE_SYMLINK_INSTALL=1 -DCMAKE_INSTALL_PREFIX=/home/chen/Desktop/dev_ws/install/articubot_one
[0.122s] -- The C compiler identification is GNU 11.4.0
[0.192s] -- The CXX compiler identification is GNU 11.4.0
[0.208s] -- Detecting C compiler ABI info
[0.354s] -- Detecting C compiler ABI info - done
[0.369s] -- Check for working C compiler: /usr/bin/cc - skipped
[0.369s] -- Detecting C compile features
[0.371s] -- Detecting C compile features - done
[0.377s] -- Detecting CXX compiler ABI info
[0.578s] -- Detecting CXX compiler ABI info - done
[0.585s] -- Check for working CXX compiler: /usr/bin/c++ - skipped
[0.587s] -- Detecting CXX compile features
[0.587s] -- Detecting CXX compile features - done
[0.589s] -- Found ament_cmake: 1.3.8 (/opt/ros/humble/share/ament_cmake/cmake)
[0.772s] -- Found Python3: /usr/bin/python3 (found version "3.10.12") found components: Interpreter 
[0.856s] -- Override CMake install command with custom implementation using symlinks instead of copying resources
[0.885s] -- Found ament_lint_auto: 0.12.10 (/opt/ros/humble/share/ament_lint_auto/cmake)
[0.993s] -- Added test 'copyright' to check source files copyright and LICENSE
[1.006s] -- Added test 'flake8' to check Python code syntax and style conventions
[1.008s] -- Added test 'lint_cmake' to check CMake code style
[1.009s] -- Added test 'pep257' to check Python code against some of the docstring style conventions in PEP 257
[1.022s] -- Added test 'xmllint' to check XML markup files
[1.022s] -- Configuring done
[1.024s] -- Generating done
[1.025s] -- Build files have been written to: /home/chen/Desktop/dev_ws/build/articubot_one
[1.035s] Invoked command in '/home/chen/Desktop/dev_ws/build/articubot_one' returned '0': CMAKE_PREFIX_PATH=${CMAKE_PREFIX_PATH}:/home/chen/Desktop/install/ball_tracker:/opt/ros/humble /usr/bin/cmake /home/chen/Desktop/dev_ws/src/articubot_one -DAMENT_CMAKE_SYMLINK_INSTALL=1 -DCMAKE_INSTALL_PREFIX=/home/chen/Desktop/dev_ws/install/articubot_one
[1.035s] Invoking command in '/home/chen/Desktop/dev_ws/build/articubot_one': CMAKE_PREFIX_PATH=${CMAKE_PREFIX_PATH}:/home/chen/Desktop/install/ball_tracker:/opt/ros/humble /usr/bin/cmake --build /home/chen/Desktop/dev_ws/build/articubot_one -- -j2 -l2
[1.107s] Invoked command in '/home/chen/Desktop/dev_ws/build/articubot_one' returned '0': CMAKE_PREFIX_PATH=${CMAKE_PREFIX_PATH}:/home/chen/Desktop/install/ball_tracker:/opt/ros/humble /usr/bin/cmake --build /home/chen/Desktop/dev_ws/build/articubot_one -- -j2 -l2
[1.176s] Invoking command in '/home/chen/Desktop/dev_ws/build/articubot_one': CMAKE_PREFIX_PATH=${CMAKE_PREFIX_PATH}:/home/chen/Desktop/install/ball_tracker:/opt/ros/humble /usr/bin/cmake --install /home/chen/Desktop/dev_ws/build/articubot_one
[1.188s] -- Install configuration: ""
[1.189s] -- Execute custom install script
[1.190s] -- Symlinking: /home/chen/Desktop/dev_ws/install/articubot_one/share/articubot_one/config/ball_tracker_params_robot.yaml
[1.203s] -- Symlinking: /home/chen/Desktop/dev_ws/install/articubot_one/share/articubot_one/config/ball_tracker_params_sim.yaml
[1.216s] -- Symlinking: /home/chen/Desktop/dev_ws/install/articubot_one/share/articubot_one/config/drive_bot.rviz
[1.230s] -- Symlinking: /home/chen/Desktop/dev_ws/install/articubot_one/share/articubot_one/config/empty.yaml
[1.247s] -- Symlinking: /home/chen/Desktop/dev_ws/install/articubot_one/share/articubot_one/config/gaz_ros2_ctl_use_sim.yaml
[1.261s] -- Symlinking: /home/chen/Desktop/dev_ws/install/articubot_one/share/articubot_one/config/gazebo_params.yaml
[1.280s] -- Symlinking: /home/chen/Desktop/dev_ws/install/articubot_one/share/articubot_one/config/joystick.yaml
[1.303s] -- Symlinking: /home/chen/Desktop/dev_ws/install/articubot_one/share/articubot_one/config/main.rviz
[1.317s] -- Symlinking: /home/chen/Desktop/dev_ws/install/articubot_one/share/articubot_one/config/map.rviz
[1.331s] -- Symlinking: /home/chen/Desktop/dev_ws/install/articubot_one/share/articubot_one/config/mapper_params_online_async.yaml
[1.345s] -- Symlinking: /home/chen/Desktop/dev_ws/install/articubot_one/share/articubot_one/config/my_controllers.yaml
[1.360s] -- Symlinking: /home/chen/Desktop/dev_ws/install/articubot_one/share/articubot_one/config/nav2_params.yaml
[1.373s] -- Symlinking: /home/chen/Desktop/dev_ws/install/articubot_one/share/articubot_one/config/twist_mux.yaml
[1.390s] -- Symlinking: /home/chen/Desktop/dev_ws/install/articubot_one/share/articubot_one/config/view_bot.rviz
[1.410s] -- Symlinking: /home/chen/Desktop/dev_ws/install/articubot_one/share/articubot_one/description/camera.xacro
[1.426s] -- Symlinking: /home/chen/Desktop/dev_ws/install/articubot_one/share/articubot_one/description/depth_camera.xacro
[1.439s] -- Symlinking: /home/chen/Desktop/dev_ws/install/articubot_one/share/articubot_one/description/face.xacro
[1.453s] -- Symlinking: /home/chen/Desktop/dev_ws/install/articubot_one/share/articubot_one/description/gazebo_control.xacro
[1.467s] -- Symlinking: /home/chen/Desktop/dev_ws/install/articubot_one/share/articubot_one/description/inertial_macros.xacro
[1.481s] -- Symlinking: /home/chen/Desktop/dev_ws/install/articubot_one/share/articubot_one/description/lidar.xacro
[1.500s] -- Symlinking: /home/chen/Desktop/dev_ws/install/articubot_one/share/articubot_one/description/robot.urdf.xacro
[1.515s] -- Symlinking: /home/chen/Desktop/dev_ws/install/articubot_one/share/articubot_one/description/robot_core.xacro
[1.531s] -- Symlinking: /home/chen/Desktop/dev_ws/install/articubot_one/share/articubot_one/description/ros2_control.xacro
[1.544s] -- Symlinking: /home/chen/Desktop/dev_ws/install/articubot_one/share/articubot_one/launch/ball_tracker.launch.py
[1.559s] -- Symlinking: /home/chen/Desktop/dev_ws/install/articubot_one/share/articubot_one/launch/camera.launch.py
[1.572s] -- Symlinking: /home/chen/Desktop/dev_ws/install/articubot_one/share/articubot_one/launch/joystick.launch.py
[1.585s] -- Symlinking: /home/chen/Desktop/dev_ws/install/articubot_one/share/articubot_one/launch/launch_robot.launch.py
[1.597s] -- Symlinking: /home/chen/Desktop/dev_ws/install/articubot_one/share/articubot_one/launch/launch_sim.launch.py
[1.614s] -- Symlinking: /home/chen/Desktop/dev_ws/install/articubot_one/share/articubot_one/launch/localization_launch.py
[1.633s] -- Symlinking: /home/chen/Desktop/dev_ws/install/articubot_one/share/articubot_one/launch/navigation_launch.py
[1.649s] -- Symlinking: /home/chen/Desktop/dev_ws/install/articubot_one/share/articubot_one/launch/online_async_launch.py
[1.663s] -- Symlinking: /home/chen/Desktop/dev_ws/install/articubot_one/share/articubot_one/launch/rplidar.launch.py
[1.676s] -- Symlinking: /home/chen/Desktop/dev_ws/install/articubot_one/share/articubot_one/launch/rsp.launch.py
[1.689s] -- Symlinking: /home/chen/Desktop/dev_ws/install/articubot_one/share/articubot_one/worlds/empty.world
[1.702s] -- Symlinking: /home/chen/Desktop/dev_ws/install/articubot_one/share/articubot_one/worlds/obstacles.world
[1.716s] -- Symlinking: /home/chen/Desktop/dev_ws/install/articubot_one/share/ament_index/resource_index/package_run_dependencies/articubot_one
[1.739s] -- Symlinking: /home/chen/Desktop/dev_ws/install/articubot_one/share/ament_index/resource_index/parent_prefix_path/articubot_one
[1.758s] -- Symlinking: /home/chen/Desktop/dev_ws/install/articubot_one/share/articubot_one/environment/ament_prefix_path.sh
[1.771s] -- Symlinking: /home/chen/Desktop/dev_ws/install/articubot_one/share/articubot_one/environment/ament_prefix_path.dsv
[1.785s] -- Symlinking: /home/chen/Desktop/dev_ws/install/articubot_one/share/articubot_one/environment/path.sh
[1.798s] -- Symlinking: /home/chen/Desktop/dev_ws/install/articubot_one/share/articubot_one/environment/path.dsv
[1.813s] -- Symlinking: /home/chen/Desktop/dev_ws/install/articubot_one/share/articubot_one/local_setup.bash
[1.832s] -- Symlinking: /home/chen/Desktop/dev_ws/install/articubot_one/share/articubot_one/local_setup.sh
[1.850s] -- Symlinking: /home/chen/Desktop/dev_ws/install/articubot_one/share/articubot_one/local_setup.zsh
[1.868s] -- Symlinking: /home/chen/Desktop/dev_ws/install/articubot_one/share/articubot_one/local_setup.dsv
[1.882s] -- Symlinking: /home/chen/Desktop/dev_ws/install/articubot_one/share/articubot_one/package.dsv
[1.895s] -- Symlinking: /home/chen/Desktop/dev_ws/install/articubot_one/share/ament_index/resource_index/packages/articubot_one
[1.908s] -- Symlinking: /home/chen/Desktop/dev_ws/install/articubot_one/share/articubot_one/cmake/articubot_oneConfig.cmake
[1.924s] -- Symlinking: /home/chen/Desktop/dev_ws/install/articubot_one/share/articubot_one/cmake/articubot_oneConfig-version.cmake
[1.938s] -- Symlinking: /home/chen/Desktop/dev_ws/install/articubot_one/share/articubot_one/package.xml
[1.962s] Invoked command in '/home/chen/Desktop/dev_ws/build/articubot_one' returned '0': CMAKE_PREFIX_PATH=${CMAKE_PREFIX_PATH}:/home/chen/Desktop/install/ball_tracker:/opt/ros/humble /usr/bin/cmake --install /home/chen/Desktop/dev_ws/build/articubot_one
