[4.010s] Invoking command in '/home/chen/Desktop/dev_ws/build/video_stream_client': PYTHONPATH=/home/chen/Desktop/dev_ws/build/video_stream_client/prefix_override:/home/chen/Desktop/dev_ws/install/video_stream_client/lib/python3.10/site-packages:${PYTHONPATH} /usr/bin/python3 -W ignore:setup.py install is deprecated setup.py develop --editable --build-directory /home/chen/Desktop/dev_ws/build/video_stream_client/build --no-deps symlink_data
[5.166s] running develop
[5.183s] /usr/lib/python3/dist-packages/setuptools/command/easy_install.py:158: EasyInstallDeprecationWarning: easy_install command is deprecated. Use build and pip and other standards-based tools.
[5.185s]   warnings.warn(
[5.907s] running egg_info
[5.907s] writing video_stream_client.egg-info/PKG-INFO
[5.908s] writing dependency_links to video_stream_client.egg-info/dependency_links.txt
[5.908s] writing entry points to video_stream_client.egg-info/entry_points.txt
[5.908s] writing requirements to video_stream_client.egg-info/requires.txt
[5.908s] writing top-level names to video_stream_client.egg-info/top_level.txt
[5.922s] reading manifest file 'video_stream_client.egg-info/SOURCES.txt'
[5.928s] writing manifest file 'video_stream_client.egg-info/SOURCES.txt'
[5.933s] running build_ext
[5.937s] Creating /home/chen/Desktop/dev_ws/install/video_stream_client/lib/python3.10/site-packages/video-stream-client.egg-link (link to .)
[5.942s] Installing image_to_topic script to /home/chen/Desktop/dev_ws/install/video_stream_client/lib/video_stream_client
[5.945s] Installing video_stream_client script to /home/chen/Desktop/dev_ws/install/video_stream_client/lib/video_stream_client
[5.949s] Installing video_to_topic script to /home/chen/Desktop/dev_ws/install/video_stream_client/lib/video_stream_client
[5.952s] 
[5.953s] Installed /home/chen/Desktop/dev_ws/build/video_stream_client
[5.955s] running symlink_data
[6.031s] Invoked command in '/home/chen/Desktop/dev_ws/build/video_stream_client' returned '0': PYTHONPATH=/home/chen/Desktop/dev_ws/build/video_stream_client/prefix_override:/home/chen/Desktop/dev_ws/install/video_stream_client/lib/python3.10/site-packages:${PYTHONPATH} /usr/bin/python3 -W ignore:setup.py install is deprecated setup.py develop --editable --build-directory /home/chen/Desktop/dev_ws/build/video_stream_client/build --no-deps symlink_data
