[2.898s] Invoking command in '/home/chen/Desktop/dev_ws/build/video_stream_client': PYTHONPATH=/home/chen/Desktop/dev_ws/build/video_stream_client/prefix_override:/home/chen/Desktop/dev_ws/install/video_stream_client/lib/python3.10/site-packages:${PYTHONPATH} /usr/bin/python3 -W ignore:setup.py install is deprecated setup.py develop --editable --build-directory /home/chen/Desktop/dev_ws/build/video_stream_client/build --no-deps symlink_data --force
[4.120s] running develop
[4.123s] /usr/lib/python3/dist-packages/setuptools/command/easy_install.py:158: EasyInstallDeprecationWarning: easy_install command is deprecated. Use build and pip and other standards-based tools.
[4.125s]   warnings.warn(
[4.939s] running egg_info
[4.942s] writing video_stream_client.egg-info/PKG-INFO
[4.947s] writing dependency_links to video_stream_client.egg-info/dependency_links.txt
[4.949s] writing entry points to video_stream_client.egg-info/entry_points.txt
[4.953s] writing requirements to video_stream_client.egg-info/requires.txt
[4.957s] writing top-level names to video_stream_client.egg-info/top_level.txt
[4.963s] reading manifest file 'video_stream_client.egg-info/SOURCES.txt'
[4.966s] writing manifest file 'video_stream_client.egg-info/SOURCES.txt'
[4.971s] running build_ext
[4.972s] Creating /home/chen/Desktop/dev_ws/install/video_stream_client/lib/python3.10/site-packages/video-stream-client.egg-link (link to .)
[4.975s] Installing video_stream_client script to /home/chen/Desktop/dev_ws/install/video_stream_client/lib/video_stream_client
[4.981s] 
[4.981s] Installed /home/chen/Desktop/dev_ws/build/video_stream_client
[4.991s] running symlink_data
[4.999s] symbolically linking /home/chen/Desktop/dev_ws/build/video_stream_client/resource/video_stream_client -> /home/chen/Desktop/dev_ws/install/video_stream_client/share/ament_index/resource_index/packages
[5.003s] symbolically linking /home/chen/Desktop/dev_ws/build/video_stream_client/package.xml -> /home/chen/Desktop/dev_ws/install/video_stream_client/share/video_stream_client
[5.100s] Invoked command in '/home/chen/Desktop/dev_ws/build/video_stream_client' returned '0': PYTHONPATH=/home/chen/Desktop/dev_ws/build/video_stream_client/prefix_override:/home/chen/Desktop/dev_ws/install/video_stream_client/lib/python3.10/site-packages:${PYTHONPATH} /usr/bin/python3 -W ignore:setup.py install is deprecated setup.py develop --editable --build-directory /home/chen/Desktop/dev_ws/build/video_stream_client/build --no-deps symlink_data --force
