[0.145s] Invoking command in '/home/chen/Desktop/dev_ws/build/ffmpeg_image_transport': CMAKE_PREFIX_PATH=${CMAKE_PREFIX_PATH}:/home/chen/Desktop/dev_ws/install/video_stream_package:/home/chen/Desktop/dev_ws/install/my_robot_controller:/opt/ros/humble /usr/bin/cmake /home/chen/Desktop/dev_ws/src/ffmpeg_image_transport -DCMAKE_INSTALL_PREFIX=/home/chen/Desktop/dev_ws/install/ffmpeg_image_transport
[0.407s] [31mCMake Error at CMakeLists.txt:28 (find_package):
[0.407s]   By not providing "Findament_cmake.cmake" in CMAKE_MODULE_PATH this project
[0.407s]   has asked CMake to find a package configuration file provided by
[0.408s]   "ament_cmake", but CMake did not find one.
[0.408s] 
[0.408s]   Could not find a package configuration file provided by "ament_cmake" with
[0.429s]   any of the following names:
[0.430s] 
[0.430s]     ament_cmakeConfig.cmake
[0.430s]     ament_cmake-config.cmake
[0.430s] 
[0.431s]   Add the installation prefix of "ament_cmake" to CMAKE_PREFIX_PATH or set
[0.431s]   "ament_cmake_DIR" to a directory containing one of the above files.  If
[0.431s]   "ament_cmake" provides a separate development package or SDK, be sure it
[0.431s]   has been installed.
[0.432s] 
[0.432s] [0m
[0.452s] -- Configuring incomplete, errors occurred!
[0.452s] See also "/home/chen/Desktop/dev_ws/build/ffmpeg_image_transport/CMakeFiles/CMakeOutput.log".
[1.257s] Invoked command in '/home/chen/Desktop/dev_ws/build/ffmpeg_image_transport' returned '1': CMAKE_PREFIX_PATH=${CMAKE_PREFIX_PATH}:/home/chen/Desktop/dev_ws/install/video_stream_package:/home/chen/Desktop/dev_ws/install/my_robot_controller:/opt/ros/humble /usr/bin/cmake /home/chen/Desktop/dev_ws/src/ffmpeg_image_transport -DCMAKE_INSTALL_PREFIX=/home/chen/Desktop/dev_ws/install/ffmpeg_image_transport
