[3.932s] Invoking command in '/home/chen/Desktop/dev_ws/build/my_robot_controller': PYTHONPATH=/home/chen/Desktop/dev_ws/build/my_robot_controller/prefix_override:/home/chen/Desktop/dev_ws/install/my_robot_controller/lib/python3.10/site-packages:${PYTHONPATH} /usr/bin/python3 -W ignore:setup.py install is deprecated setup.py develop --uninstall --editable --build-directory /home/chen/Desktop/dev_ws/build/my_robot_controller/build
[5.101s] running develop
[5.129s] /usr/lib/python3/dist-packages/setuptools/command/easy_install.py:158: EasyInstallDeprecationWarning: easy_install command is deprecated. Use build and pip and other standards-based tools.
[5.130s]   warnings.warn(
[5.953s] Removing /home/chen/Desktop/dev_ws/install/my_robot_controller/lib/python3.10/site-packages/my-robot-controller.egg-link (link to .)
[6.038s] Invoked command in '/home/chen/Desktop/dev_ws/build/my_robot_controller' returned '0': PYTHONPATH=/home/chen/Desktop/dev_ws/build/my_robot_controller/prefix_override:/home/chen/Desktop/dev_ws/install/my_robot_controller/lib/python3.10/site-packages:${PYTHONPATH} /usr/bin/python3 -W ignore:setup.py install is deprecated setup.py develop --uninstall --editable --build-directory /home/chen/Desktop/dev_ws/build/my_robot_controller/build
[6.041s] Invoking command in '/home/chen/Desktop/dev_ws/src/my_robot_controller': PYTHONPATH=/home/chen/Desktop/dev_ws/build/my_robot_controller/prefix_override:/home/chen/Desktop/dev_ws/install/my_robot_controller/lib/python3.10/site-packages:${PYTHONPATH} /usr/bin/python3 -W ignore:setup.py install is deprecated setup.py egg_info --egg-base ../../build/my_robot_controller build --build-base /home/chen/Desktop/dev_ws/build/my_robot_controller/build install --record /home/chen/Desktop/dev_ws/build/my_robot_controller/install.log --single-version-externally-managed install_data --force
[7.493s] running egg_info
[7.496s] writing ../../build/my_robot_controller/my_robot_controller.egg-info/PKG-INFO
[7.497s] writing dependency_links to ../../build/my_robot_controller/my_robot_controller.egg-info/dependency_links.txt
[7.499s] writing entry points to ../../build/my_robot_controller/my_robot_controller.egg-info/entry_points.txt
[7.500s] writing requirements to ../../build/my_robot_controller/my_robot_controller.egg-info/requires.txt
[7.513s] writing top-level names to ../../build/my_robot_controller/my_robot_controller.egg-info/top_level.txt
[7.523s] reading manifest file '../../build/my_robot_controller/my_robot_controller.egg-info/SOURCES.txt'
[7.562s] writing manifest file '../../build/my_robot_controller/my_robot_controller.egg-info/SOURCES.txt'
[7.564s] running build
[7.566s] running build_py
[7.569s] running install
[7.578s] running install_lib
[7.584s] creating /home/chen/Desktop/dev_ws/install/my_robot_controller/lib/python3.10/site-packages/my_robot_controller
[7.585s] copying /home/chen/Desktop/dev_ws/build/my_robot_controller/build/lib/my_robot_controller/my_first_node.py -> /home/chen/Desktop/dev_ws/install/my_robot_controller/lib/python3.10/site-packages/my_robot_controller
[7.593s] copying /home/chen/Desktop/dev_ws/build/my_robot_controller/build/lib/my_robot_controller/__init__.py -> /home/chen/Desktop/dev_ws/install/my_robot_controller/lib/python3.10/site-packages/my_robot_controller
[7.596s] byte-compiling /home/chen/Desktop/dev_ws/install/my_robot_controller/lib/python3.10/site-packages/my_robot_controller/my_first_node.py to my_first_node.cpython-310.pyc
[7.600s] byte-compiling /home/chen/Desktop/dev_ws/install/my_robot_controller/lib/python3.10/site-packages/my_robot_controller/__init__.py to __init__.cpython-310.pyc
[7.622s] running install_data
[7.624s] copying resource/my_robot_controller -> /home/chen/Desktop/dev_ws/install/my_robot_controller/share/ament_index/resource_index/packages
[7.627s] copying package.xml -> /home/chen/Desktop/dev_ws/install/my_robot_controller/share/my_robot_controller
[7.641s] running install_egg_info
[7.652s] Copying ../../build/my_robot_controller/my_robot_controller.egg-info to /home/chen/Desktop/dev_ws/install/my_robot_controller/lib/python3.10/site-packages/my_robot_controller-0.0.0-py3.10.egg-info
[7.670s] running install_scripts
[7.967s] Installing test_node script to /home/chen/Desktop/dev_ws/install/my_robot_controller/lib/my_robot_controller
[7.968s] writing list of installed files to '/home/chen/Desktop/dev_ws/build/my_robot_controller/install.log'
[8.194s] Invoked command in '/home/chen/Desktop/dev_ws/src/my_robot_controller' returned '0': PYTHONPATH=/home/chen/Desktop/dev_ws/build/my_robot_controller/prefix_override:/home/chen/Desktop/dev_ws/install/my_robot_controller/lib/python3.10/site-packages:${PYTHONPATH} /usr/bin/python3 -W ignore:setup.py install is deprecated setup.py egg_info --egg-base ../../build/my_robot_controller build --build-base /home/chen/Desktop/dev_ws/build/my_robot_controller/build install --record /home/chen/Desktop/dev_ws/build/my_robot_controller/install.log --single-version-externally-managed install_data --force
