[3.340s] Invoking command in '/home/chen/Desktop/dev_ws/src/video_stream_client': PYTHONPATH=/home/chen/Desktop/dev_ws/build/video_stream_client/prefix_override:/home/chen/Desktop/dev_ws/install/video_stream_client/lib/python3.10/site-packages:${PYTHONPATH} /usr/bin/python3 -W ignore:setup.py install is deprecated setup.py egg_info --egg-base ../../build/video_stream_client build --build-base /home/chen/Desktop/dev_ws/build/video_stream_client/build install --record /home/chen/Desktop/dev_ws/build/video_stream_client/install.log --single-version-externally-managed install_data
[4.212s] running egg_info
[4.213s] writing ../../build/video_stream_client/video_stream_client.egg-info/PKG-INFO
[4.221s] writing dependency_links to ../../build/video_stream_client/video_stream_client.egg-info/dependency_links.txt
[4.227s] writing entry points to ../../build/video_stream_client/video_stream_client.egg-info/entry_points.txt
[4.229s] writing requirements to ../../build/video_stream_client/video_stream_client.egg-info/requires.txt
[4.229s] writing top-level names to ../../build/video_stream_client/video_stream_client.egg-info/top_level.txt
[4.234s] reading manifest file '../../build/video_stream_client/video_stream_client.egg-info/SOURCES.txt'
[4.269s] writing manifest file '../../build/video_stream_client/video_stream_client.egg-info/SOURCES.txt'
[4.269s] running build
[4.270s] running build_py
[4.272s] copying video_stream_client/image_publisher.py -> /home/chen/Desktop/dev_ws/build/video_stream_client/build/lib/video_stream_client
[4.273s] running install
[4.275s] running install_lib
[4.277s] copying /home/chen/Desktop/dev_ws/build/video_stream_client/build/lib/video_stream_client/image_publisher.py -> /home/chen/Desktop/dev_ws/install/video_stream_client/lib/python3.10/site-packages/video_stream_client
[4.292s] byte-compiling /home/chen/Desktop/dev_ws/install/video_stream_client/lib/python3.10/site-packages/video_stream_client/image_publisher.py to image_publisher.cpython-310.pyc
[4.294s] running install_data
[4.309s] running install_egg_info
[4.313s] removing '/home/chen/Desktop/dev_ws/install/video_stream_client/lib/python3.10/site-packages/video_stream_client-0.0.0-py3.10.egg-info' (and everything under it)
[4.323s] Copying ../../build/video_stream_client/video_stream_client.egg-info to /home/chen/Desktop/dev_ws/install/video_stream_client/lib/python3.10/site-packages/video_stream_client-0.0.0-py3.10.egg-info
[4.328s] running install_scripts
[4.427s] Installing excavator_controller script to /home/chen/Desktop/dev_ws/install/video_stream_client/lib/video_stream_client
[4.428s] Installing image_to_topic script to /home/chen/Desktop/dev_ws/install/video_stream_client/lib/video_stream_client
[4.428s] Installing video_stream_client script to /home/chen/Desktop/dev_ws/install/video_stream_client/lib/video_stream_client
[4.428s] Installing video_to_topic script to /home/chen/Desktop/dev_ws/install/video_stream_client/lib/video_stream_client
[4.428s] writing list of installed files to '/home/chen/Desktop/dev_ws/build/video_stream_client/install.log'
[4.487s] Invoked command in '/home/chen/Desktop/dev_ws/src/video_stream_client' returned '0': PYTHONPATH=/home/chen/Desktop/dev_ws/build/video_stream_client/prefix_override:/home/chen/Desktop/dev_ws/install/video_stream_client/lib/python3.10/site-packages:${PYTHONPATH} /usr/bin/python3 -W ignore:setup.py install is deprecated setup.py egg_info --egg-base ../../build/video_stream_client build --build-base /home/chen/Desktop/dev_ws/build/video_stream_client/build install --record /home/chen/Desktop/dev_ws/build/video_stream_client/install.log --single-version-externally-managed install_data
