[0.170s] Invoking command in '/home/chen/Desktop/dev_ws/build/articubot_one': CMAKE_PREFIX_PATH=${CMAKE_PREFIX_PATH}:/home/chen/Desktop/dev_ws/install/video_stream_package:/home/chen/Desktop/dev_ws/install/my_robot_controller:/opt/ros/humble /usr/bin/cmake /home/chen/Desktop/dev_ws/src/articubot_one -DAMENT_CMAKE_SYMLINK_INSTALL=1 -DCMAKE_INSTALL_PREFIX=/home/chen/Desktop/dev_ws/install/articubot_one
[0.485s] -- Found ament_cmake: 1.3.8 (/opt/ros/humble/share/ament_cmake/cmake)
[1.251s] -- Override CMake install command with custom implementation using symlinks instead of copying resources
[1.477s] -- Found ament_lint_auto: 0.12.10 (/opt/ros/humble/share/ament_lint_auto/cmake)
[2.225s] -- Added test 'copyright' to check source files copyright and LICENSE
[2.519s] -- Added test 'flake8' to check Python code syntax and style conventions
[2.554s] -- Added test 'lint_cmake' to check CMake code style
[2.566s] -- Added test 'pep257' to check Python code against some of the docstring style conventions in PEP 257
[2.666s] -- Added test 'xmllint' to check XML markup files
[2.673s] -- Configuring done
[2.766s] -- Generating done
[2.801s] -- Build files have been written to: /home/chen/Desktop/dev_ws/build/articubot_one
[2.825s] Invoked command in '/home/chen/Desktop/dev_ws/build/articubot_one' returned '0': CMAKE_PREFIX_PATH=${CMAKE_PREFIX_PATH}:/home/chen/Desktop/dev_ws/install/video_stream_package:/home/chen/Desktop/dev_ws/install/my_robot_controller:/opt/ros/humble /usr/bin/cmake /home/chen/Desktop/dev_ws/src/articubot_one -DAMENT_CMAKE_SYMLINK_INSTALL=1 -DCMAKE_INSTALL_PREFIX=/home/chen/Desktop/dev_ws/install/articubot_one
[2.830s] Invoking command in '/home/chen/Desktop/dev_ws/build/articubot_one': CMAKE_PREFIX_PATH=${CMAKE_PREFIX_PATH}:/home/chen/Desktop/dev_ws/install/video_stream_package:/home/chen/Desktop/dev_ws/install/my_robot_controller:/opt/ros/humble /usr/bin/cmake --build /home/chen/Desktop/dev_ws/build/articubot_one -- -j2 -l2
[3.383s] Invoked command in '/home/chen/Desktop/dev_ws/build/articubot_one' returned '0': CMAKE_PREFIX_PATH=${CMAKE_PREFIX_PATH}:/home/chen/Desktop/dev_ws/install/video_stream_package:/home/chen/Desktop/dev_ws/install/my_robot_controller:/opt/ros/humble /usr/bin/cmake --build /home/chen/Desktop/dev_ws/build/articubot_one -- -j2 -l2
[3.718s] Invoking command in '/home/chen/Desktop/dev_ws/build/articubot_one': CMAKE_PREFIX_PATH=${CMAKE_PREFIX_PATH}:/home/chen/Desktop/dev_ws/install/video_stream_package:/home/chen/Desktop/dev_ws/install/my_robot_controller:/opt/ros/humble /usr/bin/cmake --install /home/chen/Desktop/dev_ws/build/articubot_one
[3.812s] -- Install configuration: ""
[3.826s] -- Execute custom install script
[3.840s] -- Up-to-date symlink: /home/chen/Desktop/dev_ws/install/articubot_one/share/articubot_one/config/ball_tracker_params_robot.yaml
[3.841s] -- Up-to-date symlink: /home/chen/Desktop/dev_ws/install/articubot_one/share/articubot_one/config/ball_tracker_params_sim.yaml
[3.848s] -- Up-to-date symlink: /home/chen/Desktop/dev_ws/install/articubot_one/share/articubot_one/config/drive_bot.rviz
[3.854s] -- Up-to-date symlink: /home/chen/Desktop/dev_ws/install/articubot_one/share/articubot_one/config/empty.yaml
[3.857s] -- Up-to-date symlink: /home/chen/Desktop/dev_ws/install/articubot_one/share/articubot_one/config/gaz_ros2_ctl_use_sim.yaml
[3.865s] -- Up-to-date symlink: /home/chen/Desktop/dev_ws/install/articubot_one/share/articubot_one/config/gazebo_params.yaml
[3.867s] -- Up-to-date symlink: /home/chen/Desktop/dev_ws/install/articubot_one/share/articubot_one/config/joystick.yaml
[3.873s] -- Up-to-date symlink: /home/chen/Desktop/dev_ws/install/articubot_one/share/articubot_one/config/main.rviz
[3.875s] -- Up-to-date symlink: /home/chen/Desktop/dev_ws/install/articubot_one/share/articubot_one/config/map.rviz
[3.884s] -- Up-to-date symlink: /home/chen/Desktop/dev_ws/install/articubot_one/share/articubot_one/config/mapper_params_online_async.yaml
[3.886s] -- Up-to-date symlink: /home/chen/Desktop/dev_ws/install/articubot_one/share/articubot_one/config/my_controllers.yaml
[3.896s] -- Up-to-date symlink: /home/chen/Desktop/dev_ws/install/articubot_one/share/articubot_one/config/nav2_params.yaml
[3.899s] -- Up-to-date symlink: /home/chen/Desktop/dev_ws/install/articubot_one/share/articubot_one/config/twist_mux.yaml
[3.902s] -- Up-to-date symlink: /home/chen/Desktop/dev_ws/install/articubot_one/share/articubot_one/config/view_bot.rviz
[3.917s] -- Up-to-date symlink: /home/chen/Desktop/dev_ws/install/articubot_one/share/articubot_one/description/camera.xacro
[3.931s] -- Up-to-date symlink: /home/chen/Desktop/dev_ws/install/articubot_one/share/articubot_one/description/depth_camera.xacro
[3.937s] -- Up-to-date symlink: /home/chen/Desktop/dev_ws/install/articubot_one/share/articubot_one/description/face.xacro
[3.941s] -- Up-to-date symlink: /home/chen/Desktop/dev_ws/install/articubot_one/share/articubot_one/description/gazebo_control.xacro
[3.949s] -- Up-to-date symlink: /home/chen/Desktop/dev_ws/install/articubot_one/share/articubot_one/description/inertial_macros.xacro
[3.957s] -- Up-to-date symlink: /home/chen/Desktop/dev_ws/install/articubot_one/share/articubot_one/description/lidar.xacro
[3.969s] -- Up-to-date symlink: /home/chen/Desktop/dev_ws/install/articubot_one/share/articubot_one/description/robot.urdf.xacro
[3.972s] -- Up-to-date symlink: /home/chen/Desktop/dev_ws/install/articubot_one/share/articubot_one/description/robot_core.xacro
[3.978s] -- Up-to-date symlink: /home/chen/Desktop/dev_ws/install/articubot_one/share/articubot_one/description/ros2_control.xacro
[3.990s] -- Up-to-date symlink: /home/chen/Desktop/dev_ws/install/articubot_one/share/articubot_one/launch/.vscode/c_cpp_properties.json
[4.001s] -- Up-to-date symlink: /home/chen/Desktop/dev_ws/install/articubot_one/share/articubot_one/launch/.vscode/settings.json
[4.018s] -- Up-to-date symlink: /home/chen/Desktop/dev_ws/install/articubot_one/share/articubot_one/launch/ball_tracker.launch.py
[4.026s] -- Up-to-date symlink: /home/chen/Desktop/dev_ws/install/articubot_one/share/articubot_one/launch/camera.launch.py
[4.039s] -- Up-to-date symlink: /home/chen/Desktop/dev_ws/install/articubot_one/share/articubot_one/launch/joystick.launch.py
[4.041s] -- Up-to-date symlink: /home/chen/Desktop/dev_ws/install/articubot_one/share/articubot_one/launch/launch_robot.launch.py
[4.046s] -- Up-to-date symlink: /home/chen/Desktop/dev_ws/install/articubot_one/share/articubot_one/launch/launch_sim.launch.py
[4.048s] -- Up-to-date symlink: /home/chen/Desktop/dev_ws/install/articubot_one/share/articubot_one/launch/localization_launch.py
[4.050s] -- Up-to-date symlink: /home/chen/Desktop/dev_ws/install/articubot_one/share/articubot_one/launch/navigation_launch.py
[4.057s] -- Up-to-date symlink: /home/chen/Desktop/dev_ws/install/articubot_one/share/articubot_one/launch/online_async_launch.py
[4.060s] -- Up-to-date symlink: /home/chen/Desktop/dev_ws/install/articubot_one/share/articubot_one/launch/rplidar.launch.py
[4.065s] -- Up-to-date symlink: /home/chen/Desktop/dev_ws/install/articubot_one/share/articubot_one/launch/rsp.launch.py
[4.069s] -- Up-to-date symlink: /home/chen/Desktop/dev_ws/install/articubot_one/share/articubot_one/worlds/empty.world
[4.072s] -- Up-to-date symlink: /home/chen/Desktop/dev_ws/install/articubot_one/share/articubot_one/worlds/obstacles.world
[4.074s] -- Up-to-date symlink: /home/chen/Desktop/dev_ws/install/articubot_one/share/ament_index/resource_index/package_run_dependencies/articubot_one
[4.079s] -- Up-to-date symlink: /home/chen/Desktop/dev_ws/install/articubot_one/share/ament_index/resource_index/parent_prefix_path/articubot_one
[4.082s] -- Up-to-date symlink: /home/chen/Desktop/dev_ws/install/articubot_one/share/articubot_one/environment/ament_prefix_path.sh
[4.085s] -- Up-to-date symlink: /home/chen/Desktop/dev_ws/install/articubot_one/share/articubot_one/environment/ament_prefix_path.dsv
[4.093s] -- Up-to-date symlink: /home/chen/Desktop/dev_ws/install/articubot_one/share/articubot_one/environment/path.sh
[4.102s] -- Up-to-date symlink: /home/chen/Desktop/dev_ws/install/articubot_one/share/articubot_one/environment/path.dsv
[4.106s] -- Up-to-date symlink: /home/chen/Desktop/dev_ws/install/articubot_one/share/articubot_one/local_setup.bash
[4.112s] -- Up-to-date symlink: /home/chen/Desktop/dev_ws/install/articubot_one/share/articubot_one/local_setup.sh
[4.121s] -- Up-to-date symlink: /home/chen/Desktop/dev_ws/install/articubot_one/share/articubot_one/local_setup.zsh
[4.130s] -- Up-to-date symlink: /home/chen/Desktop/dev_ws/install/articubot_one/share/articubot_one/local_setup.dsv
[4.131s] -- Symlinking: /home/chen/Desktop/dev_ws/install/articubot_one/share/articubot_one/package.dsv
[4.275s] -- Up-to-date symlink: /home/chen/Desktop/dev_ws/install/articubot_one/share/ament_index/resource_index/packages/articubot_one
[4.284s] -- Up-to-date symlink: /home/chen/Desktop/dev_ws/install/articubot_one/share/articubot_one/cmake/articubot_oneConfig.cmake
[4.292s] -- Up-to-date symlink: /home/chen/Desktop/dev_ws/install/articubot_one/share/articubot_one/cmake/articubot_oneConfig-version.cmake
[4.300s] -- Up-to-date symlink: /home/chen/Desktop/dev_ws/install/articubot_one/share/articubot_one/package.xml
[4.338s] Invoked command in '/home/chen/Desktop/dev_ws/build/articubot_one' returned '0': CMAKE_PREFIX_PATH=${CMAKE_PREFIX_PATH}:/home/chen/Desktop/dev_ws/install/video_stream_package:/home/chen/Desktop/dev_ws/install/my_robot_controller:/opt/ros/humble /usr/bin/cmake --install /home/chen/Desktop/dev_ws/build/articubot_one
