running develop
/usr/lib/python3/dist-packages/setuptools/command/easy_install.py:158: EasyInstallDeprecationWarning: easy_install command is deprecated. Use build and pip and other standards-based tools.
  warnings.warn(
Removing /home/chen/Desktop/dev_ws/install/video_stream_client/lib/python3.10/site-packages/video-stream-client.egg-link (link to .)
running egg_info
writing ../../build/video_stream_client/video_stream_client.egg-info/PKG-INFO
writing dependency_links to ../../build/video_stream_client/video_stream_client.egg-info/dependency_links.txt
writing entry points to ../../build/video_stream_client/video_stream_client.egg-info/entry_points.txt
writing requirements to ../../build/video_stream_client/video_stream_client.egg-info/requires.txt
writing top-level names to ../../build/video_stream_client/video_stream_client.egg-info/top_level.txt
reading manifest file '../../build/video_stream_client/video_stream_client.egg-info/SOURCES.txt'
writing manifest file '../../build/video_stream_client/video_stream_client.egg-info/SOURCES.txt'
running build
running build_py
running install
running install_lib
creating /home/chen/Desktop/dev_ws/install/video_stream_client/lib/python3.10/site-packages/video_stream_client
copying /home/chen/Desktop/dev_ws/build/video_stream_client/build/lib/video_stream_client/video_stream_client.py -> /home/chen/Desktop/dev_ws/install/video_stream_client/lib/python3.10/site-packages/video_stream_client
copying /home/chen/Desktop/dev_ws/build/video_stream_client/build/lib/video_stream_client/excavator_controller.py -> /home/chen/Desktop/dev_ws/install/video_stream_client/lib/python3.10/site-packages/video_stream_client
copying /home/chen/Desktop/dev_ws/build/video_stream_client/build/lib/video_stream_client/video_to_topic.py -> /home/chen/Desktop/dev_ws/install/video_stream_client/lib/python3.10/site-packages/video_stream_client
copying /home/chen/Desktop/dev_ws/build/video_stream_client/build/lib/video_stream_client/__init__.py -> /home/chen/Desktop/dev_ws/install/video_stream_client/lib/python3.10/site-packages/video_stream_client
copying /home/chen/Desktop/dev_ws/build/video_stream_client/build/lib/video_stream_client/image_publisher.py -> /home/chen/Desktop/dev_ws/install/video_stream_client/lib/python3.10/site-packages/video_stream_client
byte-compiling /home/chen/Desktop/dev_ws/install/video_stream_client/lib/python3.10/site-packages/video_stream_client/video_stream_client.py to video_stream_client.cpython-310.pyc
byte-compiling /home/chen/Desktop/dev_ws/install/video_stream_client/lib/python3.10/site-packages/video_stream_client/excavator_controller.py to excavator_controller.cpython-310.pyc
byte-compiling /home/chen/Desktop/dev_ws/install/video_stream_client/lib/python3.10/site-packages/video_stream_client/video_to_topic.py to video_to_topic.cpython-310.pyc
byte-compiling /home/chen/Desktop/dev_ws/install/video_stream_client/lib/python3.10/site-packages/video_stream_client/__init__.py to __init__.cpython-310.pyc
byte-compiling /home/chen/Desktop/dev_ws/install/video_stream_client/lib/python3.10/site-packages/video_stream_client/image_publisher.py to image_publisher.cpython-310.pyc
running install_data
copying resource/video_stream_client -> /home/chen/Desktop/dev_ws/install/video_stream_client/share/ament_index/resource_index/packages
copying package.xml -> /home/chen/Desktop/dev_ws/install/video_stream_client/share/video_stream_client
running install_egg_info
Copying ../../build/video_stream_client/video_stream_client.egg-info to /home/chen/Desktop/dev_ws/install/video_stream_client/lib/python3.10/site-packages/video_stream_client-0.0.0-py3.10.egg-info
running install_scripts
Installing excavator_controller script to /home/chen/Desktop/dev_ws/install/video_stream_client/lib/video_stream_client
Installing image_to_topic script to /home/chen/Desktop/dev_ws/install/video_stream_client/lib/video_stream_client
Installing video_stream_client script to /home/chen/Desktop/dev_ws/install/video_stream_client/lib/video_stream_client
Installing video_to_topic script to /home/chen/Desktop/dev_ws/install/video_stream_client/lib/video_stream_client
writing list of installed files to '/home/chen/Desktop/dev_ws/build/video_stream_client/install.log'
