/home/chen/Desktop/dev_ws/install/video_stream_client/lib/python3.10/site-packages/video_stream_client/video_stream_client.py
/home/chen/Desktop/dev_ws/install/video_stream_client/lib/python3.10/site-packages/video_stream_client/excavator_controller.py
/home/chen/Desktop/dev_ws/install/video_stream_client/lib/python3.10/site-packages/video_stream_client/video_to_topic.py
/home/chen/Desktop/dev_ws/install/video_stream_client/lib/python3.10/site-packages/video_stream_client/__init__.py
/home/chen/Desktop/dev_ws/install/video_stream_client/lib/python3.10/site-packages/video_stream_client/image_publisher.py
/home/chen/Desktop/dev_ws/install/video_stream_client/lib/python3.10/site-packages/video_stream_client/__pycache__/video_stream_client.cpython-310.pyc
/home/chen/Desktop/dev_ws/install/video_stream_client/lib/python3.10/site-packages/video_stream_client/__pycache__/excavator_controller.cpython-310.pyc
/home/chen/Desktop/dev_ws/install/video_stream_client/lib/python3.10/site-packages/video_stream_client/__pycache__/video_to_topic.cpython-310.pyc
/home/chen/Desktop/dev_ws/install/video_stream_client/lib/python3.10/site-packages/video_stream_client/__pycache__/__init__.cpython-310.pyc
/home/chen/Desktop/dev_ws/install/video_stream_client/lib/python3.10/site-packages/video_stream_client/__pycache__/image_publisher.cpython-310.pyc
/home/chen/Desktop/dev_ws/install/video_stream_client/share/ament_index/resource_index/packages/video_stream_client
/home/chen/Desktop/dev_ws/install/video_stream_client/share/video_stream_client/package.xml
/home/chen/Desktop/dev_ws/install/video_stream_client/lib/python3.10/site-packages/video_stream_client-0.0.0-py3.10.egg-info/entry_points.txt
/home/chen/Desktop/dev_ws/install/video_stream_client/lib/python3.10/site-packages/video_stream_client-0.0.0-py3.10.egg-info/dependency_links.txt
/home/chen/Desktop/dev_ws/install/video_stream_client/lib/python3.10/site-packages/video_stream_client-0.0.0-py3.10.egg-info/PKG-INFO
/home/chen/Desktop/dev_ws/install/video_stream_client/lib/python3.10/site-packages/video_stream_client-0.0.0-py3.10.egg-info/SOURCES.txt
/home/chen/Desktop/dev_ws/install/video_stream_client/lib/python3.10/site-packages/video_stream_client-0.0.0-py3.10.egg-info/zip-safe
/home/chen/Desktop/dev_ws/install/video_stream_client/lib/python3.10/site-packages/video_stream_client-0.0.0-py3.10.egg-info/requires.txt
/home/chen/Desktop/dev_ws/install/video_stream_client/lib/python3.10/site-packages/video_stream_client-0.0.0-py3.10.egg-info/top_level.txt
/home/chen/Desktop/dev_ws/install/video_stream_client/lib/video_stream_client/excavator_controller
/home/chen/Desktop/dev_ws/install/video_stream_client/lib/video_stream_client/image_to_topic
/home/chen/Desktop/dev_ws/install/video_stream_client/lib/video_stream_client/video_stream_client
/home/chen/Desktop/dev_ws/install/video_stream_client/lib/video_stream_client/video_to_topic
