[3.684s] Invoking command in '/home/chen/Desktop/dev_ws/src/video_stream_package': PYTHONPATH=/home/chen/Desktop/dev_ws/build/video_stream_package/prefix_override:/home/chen/Desktop/dev_ws/install/video_stream_package/lib/python3.10/site-packages:${PYTHONPATH} /usr/bin/python3 -W ignore:setup.py install is deprecated setup.py egg_info --egg-base ../../build/video_stream_package build --build-base /home/chen/Desktop/dev_ws/build/video_stream_package/build install --record /home/chen/Desktop/dev_ws/build/video_stream_package/install.log --single-version-externally-managed install_data
[4.760s] running egg_info
[4.761s] writing ../../build/video_stream_package/video_stream_package.egg-info/PKG-INFO
[4.763s] writing dependency_links to ../../build/video_stream_package/video_stream_package.egg-info/dependency_links.txt
[4.768s] writing entry points to ../../build/video_stream_package/video_stream_package.egg-info/entry_points.txt
[4.769s] writing requirements to ../../build/video_stream_package/video_stream_package.egg-info/requires.txt
[4.772s] writing top-level names to ../../build/video_stream_package/video_stream_package.egg-info/top_level.txt
[4.782s] reading manifest file '../../build/video_stream_package/video_stream_package.egg-info/SOURCES.txt'
[4.785s] writing manifest file '../../build/video_stream_package/video_stream_package.egg-info/SOURCES.txt'
[4.787s] running build
[4.787s] running build_py
[4.790s] running install
[4.794s] running install_lib
[4.797s] running install_data
[4.800s] running install_egg_info
[4.808s] removing '/home/chen/Desktop/dev_ws/install/video_stream_package/lib/python3.10/site-packages/video_stream_package-0.0.0-py3.10.egg-info' (and everything under it)
[4.817s] Copying ../../build/video_stream_package/video_stream_package.egg-info to /home/chen/Desktop/dev_ws/install/video_stream_package/lib/python3.10/site-packages/video_stream_package-0.0.0-py3.10.egg-info
[4.826s] running install_scripts
[4.946s] Installing video_stream_node script to /home/chen/Desktop/dev_ws/install/video_stream_package/lib/video_stream_package
[4.951s] writing list of installed files to '/home/chen/Desktop/dev_ws/build/video_stream_package/install.log'
[5.027s] Invoked command in '/home/chen/Desktop/dev_ws/src/video_stream_package' returned '0': PYTHONPATH=/home/chen/Desktop/dev_ws/build/video_stream_package/prefix_override:/home/chen/Desktop/dev_ws/install/video_stream_package/lib/python3.10/site-packages:${PYTHONPATH} /usr/bin/python3 -W ignore:setup.py install is deprecated setup.py egg_info --egg-base ../../build/video_stream_package build --build-base /home/chen/Desktop/dev_ws/build/video_stream_package/build install --record /home/chen/Desktop/dev_ws/build/video_stream_package/install.log --single-version-externally-managed install_data
