[3.469s] Invoking command in '/home/chen/Desktop/dev_ws/build/video_stream_client': PYTHONPATH=/home/chen/Desktop/dev_ws/build/video_stream_client/prefix_override:/home/chen/Desktop/dev_ws/install/video_stream_client/lib/python3.10/site-packages:${PYTHONPATH} /usr/bin/python3 -W ignore:setup.py install is deprecated setup.py develop --editable --build-directory /home/chen/Desktop/dev_ws/build/video_stream_client/build --no-deps symlink_data
[4.607s] running develop
[4.612s] /usr/lib/python3/dist-packages/setuptools/command/easy_install.py:158: EasyInstallDeprecationWarning: easy_install command is deprecated. Use build and pip and other standards-based tools.
[4.615s]   warnings.warn(
[5.291s] running egg_info
[5.299s] writing video_stream_client.egg-info/PKG-INFO
[5.305s] writing dependency_links to video_stream_client.egg-info/dependency_links.txt
[5.311s] writing entry points to video_stream_client.egg-info/entry_points.txt
[5.321s] writing requirements to video_stream_client.egg-info/requires.txt
[5.334s] writing top-level names to video_stream_client.egg-info/top_level.txt
[5.341s] reading manifest file 'video_stream_client.egg-info/SOURCES.txt'
[5.351s] writing manifest file 'video_stream_client.egg-info/SOURCES.txt'
[5.362s] running build_ext
[5.366s] Creating /home/chen/Desktop/dev_ws/install/video_stream_client/lib/python3.10/site-packages/video-stream-client.egg-link (link to .)
[5.378s] Installing image_to_topic script to /home/chen/Desktop/dev_ws/install/video_stream_client/lib/video_stream_client
[5.389s] Installing video_stream_client script to /home/chen/Desktop/dev_ws/install/video_stream_client/lib/video_stream_client
[5.396s] Installing video_to_topic script to /home/chen/Desktop/dev_ws/install/video_stream_client/lib/video_stream_client
[5.402s] 
[5.415s] Installed /home/chen/Desktop/dev_ws/build/video_stream_client
[5.428s] running symlink_data
[5.598s] Invoked command in '/home/chen/Desktop/dev_ws/build/video_stream_client' returned '0': PYTHONPATH=/home/chen/Desktop/dev_ws/build/video_stream_client/prefix_override:/home/chen/Desktop/dev_ws/install/video_stream_client/lib/python3.10/site-packages:${PYTHONPATH} /usr/bin/python3 -W ignore:setup.py install is deprecated setup.py develop --editable --build-directory /home/chen/Desktop/dev_ws/build/video_stream_client/build --no-deps symlink_data
