[0.075s] Invoking command in '/home/chen/Desktop/dev_ws/build/articubot_one': CMAKE_PREFIX_PATH=${CMAKE_PREFIX_PATH}:/home/chen/Desktop/dev_ws/install/video_stream_package:/home/chen/Desktop/dev_ws/install/my_robot_controller:/opt/ros/humble /usr/bin/cmake --build /home/chen/Desktop/dev_ws/build/articubot_one -- -j2 -l2
[0.626s] [31mCMake Error at CMakeLists.txt:19 (find_package):
[0.629s]   By not providing "Findament_cmake.cmake" in CMAKE_MODULE_PATH this project
[0.633s]   has asked CMake to find a package configuration file provided by
[0.634s]   "ament_cmake", but CMake did not find one.
[0.636s] 
[0.637s]   Could not find a package configuration file provided by "ament_cmake" with
[0.637s]   any of the following names:
[0.638s] 
[0.639s]     ament_cmakeConfig.cmake
[0.648s]     ament_cmake-config.cmake
[0.649s] 
[0.649s]   Add the installation prefix of "ament_cmake" to CMAKE_PREFIX_PATH or set
[0.649s]   "ament_cmake_DIR" to a directory containing one of the above files.  If
[0.649s]   "ament_cmake" provides a separate development package or SDK, be sure it
[0.650s]   has been installed.
[0.650s] 
[0.650s] [0m
[0.657s] -- Configuring incomplete, errors occurred!
[0.657s] See also "/home/chen/Desktop/dev_ws/build/articubot_one/CMakeFiles/CMakeOutput.log".
[0.668s] gmake: *** [Makefile:226: cmake_check_build_system] Error 1
[0.696s] Invoked command in '/home/chen/Desktop/dev_ws/build/articubot_one' returned '2': CMAKE_PREFIX_PATH=${CMAKE_PREFIX_PATH}:/home/chen/Desktop/dev_ws/install/video_stream_package:/home/chen/Desktop/dev_ws/install/my_robot_controller:/opt/ros/humble /usr/bin/cmake --build /home/chen/Desktop/dev_ws/build/articubot_one -- -j2 -l2
