-- Found ament_cmake: 1.3.8 (/opt/ros/humble/share/ament_cmake/cmake)
-- Override CMake install command with custom implementation using symlinks instead of copying resources
-- Found ament_cmake_ros: 0.10.0 (/opt/ros/humble/share/ament_cmake_ros/cmake)
-- Found image_transport: 3.1.8 (/opt/ros/humble/share/image_transport/cmake)
-- Found rosidl_generator_c: 3.1.5 (/opt/ros/humble/share/rosidl_generator_c/cmake)
-- Found rosidl_adapter: 3.1.5 (/opt/ros/humble/share/rosidl_adapter/cmake)
-- Found rosidl_generator_cpp: 3.1.5 (/opt/ros/humble/share/rosidl_generator_cpp/cmake)
-- Using all available rosidl_typesupport_c: rosidl_typesupport_fastrtps_c;rosidl_typesupport_introspection_c
-- Using all available rosidl_typesupport_cpp: rosidl_typesupport_fastrtps_cpp;rosidl_typesupport_introspection_cpp
-- Found rmw_implementation_cmake: 6.1.1 (/opt/ros/humble/share/rmw_implementation_cmake/cmake)
-- Found rmw_fastrtps_cpp: 6.2.6 (/opt/ros/humble/share/rmw_fastrtps_cpp/cmake)
-- Using RMW implementation 'rmw_fastrtps_cpp' as default
-- Found cv_bridge: 3.2.1 (/opt/ros/humble/share/cv_bridge/cmake)
-- Found ffmpeg_image_transport_msgs: 1.1.2 (/opt/ros/humble/share/ffmpeg_image_transport_msgs/cmake)
-- Found ament_cmake_copyright: 0.12.10 (/opt/ros/humble/share/ament_cmake_copyright/cmake)
-- Found ament_cmake_cppcheck: 0.12.10 (/opt/ros/humble/share/ament_cmake_cppcheck/cmake)
-- Found ament_cmake_cpplint: 0.12.10 (/opt/ros/humble/share/ament_cmake_cpplint/cmake)
-- Found ament_cmake_flake8: 0.12.10 (/opt/ros/humble/share/ament_cmake_flake8/cmake)
-- Found ament_cmake_lint_cmake: 0.12.10 (/opt/ros/humble/share/ament_cmake_lint_cmake/cmake)
-- Found ament_cmake_clang_format: 0.12.10 (/opt/ros/humble/share/ament_cmake_clang_format/cmake)
-- Found ament_cmake_xmllint: 0.12.10 (/opt/ros/humble/share/ament_cmake_xmllint/cmake)
-- Found ament_cmake_pep257: 0.12.10 (/opt/ros/humble/share/ament_cmake_pep257/cmake)
-- Configuring done
-- Generating done
-- Build files have been written to: /home/chen/Desktop/dev_ws/build/ffmpeg_image_transport
[ 10%] [32mBuilding CXX object CMakeFiles/ffmpeg_image_transport_component.dir/src/ffmpeg_publisher.cpp.o[0m
[ 20%] [32mBuilding CXX object CMakeFiles/ffmpeg_image_transport_component.dir/src/ffmpeg_subscriber.cpp.o[0m
[ 30%] [32mBuilding CXX object CMakeFiles/ffmpeg_image_transport_component.dir/src/ffmpeg_encoder.cpp.o[0m
[ 40%] [32mBuilding CXX object CMakeFiles/ffmpeg_image_transport_component.dir/src/ffmpeg_decoder.cpp.o[0m
[ 50%] [32mBuilding CXX object CMakeFiles/ffmpeg_image_transport_component.dir/src/tdiff.cpp.o[0m
[ 60%] [32mBuilding CXX object CMakeFiles/ffmpeg_image_transport_component.dir/src/utils.cpp.o[0m
[ 70%] [32mBuilding CXX object CMakeFiles/ffmpeg_image_transport_component.dir/src/manifest.cpp.o[0m
[ 80%] [32m[1mLinking CXX shared library libffmpeg_image_transport_component.so[0m
[ 80%] Built target ffmpeg_image_transport_component
[ 90%] [32mBuilding CXX object CMakeFiles/test_encoder.dir/test/test_encoder.cpp.o[0m
[100%] [32m[1mLinking CXX executable test_encoder[0m
[100%] Built target test_encoder
-- Install configuration: "RelWithDebInfo"
-- Execute custom install script
-- Symlinking: /home/chen/Desktop/dev_ws/install/ffmpeg_image_transport/bin/test_encoder
-- Symlinking: /home/chen/Desktop/dev_ws/install/ffmpeg_image_transport/share/ffmpeg_image_transport/environment/library_path.sh
-- Symlinking: /home/chen/Desktop/dev_ws/install/ffmpeg_image_transport/share/ffmpeg_image_transport/environment/library_path.dsv
-- Symlinking: /home/chen/Desktop/dev_ws/install/ffmpeg_image_transport/include/ffmpeg_image_transport/ffmpeg_decoder.hpp
-- Symlinking: /home/chen/Desktop/dev_ws/install/ffmpeg_image_transport/include/ffmpeg_image_transport/ffmpeg_encoder.hpp
-- Symlinking: /home/chen/Desktop/dev_ws/install/ffmpeg_image_transport/include/ffmpeg_image_transport/ffmpeg_publisher.hpp
-- Symlinking: /home/chen/Desktop/dev_ws/install/ffmpeg_image_transport/include/ffmpeg_image_transport/ffmpeg_subscriber.hpp
-- Symlinking: /home/chen/Desktop/dev_ws/install/ffmpeg_image_transport/include/ffmpeg_image_transport/safe_param.hpp
-- Symlinking: /home/chen/Desktop/dev_ws/install/ffmpeg_image_transport/include/ffmpeg_image_transport/tdiff.hpp
-- Symlinking: /home/chen/Desktop/dev_ws/install/ffmpeg_image_transport/include/ffmpeg_image_transport/types.hpp
-- Symlinking: /home/chen/Desktop/dev_ws/install/ffmpeg_image_transport/include/ffmpeg_image_transport/utils.hpp
-- Symlinking: /home/chen/Desktop/dev_ws/install/ffmpeg_image_transport/share/ffmpeg_image_transport//ffmpeg_plugins.xml
-- Symlinking: /home/chen/Desktop/dev_ws/install/ffmpeg_image_transport/share/ament_index/resource_index/package_run_dependencies/ffmpeg_image_transport
-- Symlinking: /home/chen/Desktop/dev_ws/install/ffmpeg_image_transport/share/ament_index/resource_index/parent_prefix_path/ffmpeg_image_transport
-- Symlinking: /home/chen/Desktop/dev_ws/install/ffmpeg_image_transport/share/ffmpeg_image_transport/environment/ament_prefix_path.sh
-- Symlinking: /home/chen/Desktop/dev_ws/install/ffmpeg_image_transport/share/ffmpeg_image_transport/environment/ament_prefix_path.dsv
-- Symlinking: /home/chen/Desktop/dev_ws/install/ffmpeg_image_transport/share/ffmpeg_image_transport/environment/path.sh
-- Symlinking: /home/chen/Desktop/dev_ws/install/ffmpeg_image_transport/share/ffmpeg_image_transport/environment/path.dsv
-- Symlinking: /home/chen/Desktop/dev_ws/install/ffmpeg_image_transport/share/ffmpeg_image_transport/local_setup.bash
-- Symlinking: /home/chen/Desktop/dev_ws/install/ffmpeg_image_transport/share/ffmpeg_image_transport/local_setup.sh
-- Symlinking: /home/chen/Desktop/dev_ws/install/ffmpeg_image_transport/share/ffmpeg_image_transport/local_setup.zsh
-- Symlinking: /home/chen/Desktop/dev_ws/install/ffmpeg_image_transport/share/ffmpeg_image_transport/local_setup.dsv
-- Symlinking: /home/chen/Desktop/dev_ws/install/ffmpeg_image_transport/share/ffmpeg_image_transport/package.dsv
-- Symlinking: /home/chen/Desktop/dev_ws/install/ffmpeg_image_transport/share/ament_index/resource_index/packages/ffmpeg_image_transport
-- Symlinking: /home/chen/Desktop/dev_ws/install/ffmpeg_image_transport/share/ament_index/resource_index/image_transport__pluginlib__plugin/ffmpeg_image_transport
-- Symlinking: /home/chen/Desktop/dev_ws/install/ffmpeg_image_transport/share/ffmpeg_image_transport/cmake/ffmpeg_image_transport-extras.cmake
-- Symlinking: /home/chen/Desktop/dev_ws/install/ffmpeg_image_transport/share/ffmpeg_image_transport/cmake/ament_cmake_export_dependencies-extras.cmake
-- Symlinking: /home/chen/Desktop/dev_ws/install/ffmpeg_image_transport/share/ffmpeg_image_transport/cmake/ament_cmake_export_include_directories-extras.cmake
-- Symlinking: /home/chen/Desktop/dev_ws/install/ffmpeg_image_transport/share/ffmpeg_image_transport/cmake/ament_cmake_export_libraries-extras.cmake
-- Symlinking: /home/chen/Desktop/dev_ws/install/ffmpeg_image_transport/share/ffmpeg_image_transport/cmake/ament_cmake_export_targets-extras.cmake
-- Symlinking: /home/chen/Desktop/dev_ws/install/ffmpeg_image_transport/share/ffmpeg_image_transport/cmake/ffmpeg_image_transportConfig.cmake
-- Symlinking: /home/chen/Desktop/dev_ws/install/ffmpeg_image_transport/share/ffmpeg_image_transport/cmake/ffmpeg_image_transportConfig-version.cmake
-- Symlinking: /home/chen/Desktop/dev_ws/install/ffmpeg_image_transport/share/ffmpeg_image_transport/package.xml
-- Installing: /home/chen/Desktop/dev_ws/install/ffmpeg_image_transport/lib/libffmpeg_image_transport_component.so
-- Set runtime path of "/home/chen/Desktop/dev_ws/install/ffmpeg_image_transport/lib/libffmpeg_image_transport_component.so" to ""
-- Installing: /home/chen/Desktop/dev_ws/install/ffmpeg_image_transport/share/ffmpeg_image_transport//launch
-- Installing: /home/chen/Desktop/dev_ws/install/ffmpeg_image_transport/share/ffmpeg_image_transport//launch/cam.launch.py
-- Installing: /home/chen/Desktop/dev_ws/install/ffmpeg_image_transport/share/ffmpeg_image_transport/cmake/export_ffmpeg_image_transport_componentExport.cmake
-- Installing: /home/chen/Desktop/dev_ws/install/ffmpeg_image_transport/share/ffmpeg_image_transport/cmake/export_ffmpeg_image_transport_componentExport-relwithdebinfo.cmake
