[0.193s] Invoking command in '/home/chen/Desktop/dev_ws/build/ffmpeg_image_transport': CMAKE_PREFIX_PATH=${CMAKE_PREFIX_PATH}:/home/chen/Desktop/dev_ws/install/video_stream_package:/home/chen/Desktop/dev_ws/install/my_robot_controller:/opt/ros/humble /usr/bin/cmake /home/chen/Desktop/dev_ws/src/ffmpeg_image_transport -DCMAKE_BUILD_TYPE=RelWithDebInfo -DAMENT_CMAKE_SYMLINK_INSTALL=1 -DCMAKE_INSTALL_PREFIX=/home/chen/Desktop/dev_ws/install/ffmpeg_image_transport
[0.509s] -- Found ament_cmake: 1.3.8 (/opt/ros/humble/share/ament_cmake/cmake)
[1.926s] -- Override CMake install command with custom implementation using symlinks instead of copying resources
[2.030s] -- Found ament_cmake_ros: 0.10.0 (/opt/ros/humble/share/ament_cmake_ros/cmake)
[2.164s] -- Found image_transport: 3.1.8 (/opt/ros/humble/share/image_transport/cmake)
[2.591s] -- Found rosidl_generator_c: 3.1.5 (/opt/ros/humble/share/rosidl_generator_c/cmake)
[2.647s] -- Found rosidl_adapter: 3.1.5 (/opt/ros/humble/share/rosidl_adapter/cmake)
[2.814s] -- Found rosidl_generator_cpp: 3.1.5 (/opt/ros/humble/share/rosidl_generator_cpp/cmake)
[2.983s] -- Using all available rosidl_typesupport_c: rosidl_typesupport_fastrtps_c;rosidl_typesupport_introspection_c
[3.171s] -- Using all available rosidl_typesupport_cpp: rosidl_typesupport_fastrtps_cpp;rosidl_typesupport_introspection_cpp
[3.913s] -- Found rmw_implementation_cmake: 6.1.1 (/opt/ros/humble/share/rmw_implementation_cmake/cmake)
[3.995s] -- Found rmw_fastrtps_cpp: 6.2.6 (/opt/ros/humble/share/rmw_fastrtps_cpp/cmake)
[5.516s] -- Using RMW implementation 'rmw_fastrtps_cpp' as default
[9.203s] -- Found cv_bridge: 3.2.1 (/opt/ros/humble/share/cv_bridge/cmake)
[9.332s] -- Found ffmpeg_image_transport_msgs: 1.1.2 (/opt/ros/humble/share/ffmpeg_image_transport_msgs/cmake)
[9.885s] -- Found ament_cmake_copyright: 0.12.10 (/opt/ros/humble/share/ament_cmake_copyright/cmake)
[9.886s] -- Found ament_cmake_cppcheck: 0.12.10 (/opt/ros/humble/share/ament_cmake_cppcheck/cmake)
[9.897s] -- Found ament_cmake_cpplint: 0.12.10 (/opt/ros/humble/share/ament_cmake_cpplint/cmake)
[9.904s] -- Found ament_cmake_flake8: 0.12.10 (/opt/ros/humble/share/ament_cmake_flake8/cmake)
[9.921s] -- Found ament_cmake_lint_cmake: 0.12.10 (/opt/ros/humble/share/ament_cmake_lint_cmake/cmake)
[9.979s] -- Found ament_cmake_clang_format: 0.12.10 (/opt/ros/humble/share/ament_cmake_clang_format/cmake)
[10.010s] -- Found ament_cmake_xmllint: 0.12.10 (/opt/ros/humble/share/ament_cmake_xmllint/cmake)
[10.027s] -- Found ament_cmake_pep257: 0.12.10 (/opt/ros/humble/share/ament_cmake_pep257/cmake)
[10.831s] -- Configuring done
[11.344s] -- Generating done
[11.375s] -- Build files have been written to: /home/chen/Desktop/dev_ws/build/ffmpeg_image_transport
[11.495s] Invoked command in '/home/chen/Desktop/dev_ws/build/ffmpeg_image_transport' returned '0': CMAKE_PREFIX_PATH=${CMAKE_PREFIX_PATH}:/home/chen/Desktop/dev_ws/install/video_stream_package:/home/chen/Desktop/dev_ws/install/my_robot_controller:/opt/ros/humble /usr/bin/cmake /home/chen/Desktop/dev_ws/src/ffmpeg_image_transport -DCMAKE_BUILD_TYPE=RelWithDebInfo -DAMENT_CMAKE_SYMLINK_INSTALL=1 -DCMAKE_INSTALL_PREFIX=/home/chen/Desktop/dev_ws/install/ffmpeg_image_transport
[11.495s] Invoking command in '/home/chen/Desktop/dev_ws/build/ffmpeg_image_transport': CMAKE_PREFIX_PATH=${CMAKE_PREFIX_PATH}:/home/chen/Desktop/dev_ws/install/video_stream_package:/home/chen/Desktop/dev_ws/install/my_robot_controller:/opt/ros/humble /usr/bin/cmake --build /home/chen/Desktop/dev_ws/build/ffmpeg_image_transport -- -j2 -l2
[12.208s] [ 10%] [32mBuilding CXX object CMakeFiles/ffmpeg_image_transport_component.dir/src/ffmpeg_publisher.cpp.o[0m
[42.460s] [ 20%] [32mBuilding CXX object CMakeFiles/ffmpeg_image_transport_component.dir/src/ffmpeg_subscriber.cpp.o[0m
[82.397s] [ 30%] [32mBuilding CXX object CMakeFiles/ffmpeg_image_transport_component.dir/src/ffmpeg_encoder.cpp.o[0m
[99.422s] [ 40%] [32mBuilding CXX object CMakeFiles/ffmpeg_image_transport_component.dir/src/ffmpeg_decoder.cpp.o[0m
[116.204s] [ 50%] [32mBuilding CXX object CMakeFiles/ffmpeg_image_transport_component.dir/src/tdiff.cpp.o[0m
[118.627s] [ 60%] [32mBuilding CXX object CMakeFiles/ffmpeg_image_transport_component.dir/src/utils.cpp.o[0m
[124.043s] [ 70%] [32mBuilding CXX object CMakeFiles/ffmpeg_image_transport_component.dir/src/manifest.cpp.o[0m
[137.975s] [ 80%] [32m[1mLinking CXX shared library libffmpeg_image_transport_component.so[0m
[139.801s] [ 80%] Built target ffmpeg_image_transport_component
[140.030s] [ 90%] [32mBuilding CXX object CMakeFiles/test_encoder.dir/test/test_encoder.cpp.o[0m
[153.058s] [100%] [32m[1mLinking CXX executable test_encoder[0m
[155.625s] [100%] Built target test_encoder
[155.776s] Invoked command in '/home/chen/Desktop/dev_ws/build/ffmpeg_image_transport' returned '0': CMAKE_PREFIX_PATH=${CMAKE_PREFIX_PATH}:/home/chen/Desktop/dev_ws/install/video_stream_package:/home/chen/Desktop/dev_ws/install/my_robot_controller:/opt/ros/humble /usr/bin/cmake --build /home/chen/Desktop/dev_ws/build/ffmpeg_image_transport -- -j2 -l2
[156.437s] Invoking command in '/home/chen/Desktop/dev_ws/build/ffmpeg_image_transport': CMAKE_PREFIX_PATH=${CMAKE_PREFIX_PATH}:/home/chen/Desktop/dev_ws/install/video_stream_package:/home/chen/Desktop/dev_ws/install/my_robot_controller:/opt/ros/humble /usr/bin/cmake --install /home/chen/Desktop/dev_ws/build/ffmpeg_image_transport
[156.478s] -- Install configuration: "RelWithDebInfo"
[156.494s] -- Execute custom install script
[156.508s] -- Symlinking: /home/chen/Desktop/dev_ws/install/ffmpeg_image_transport/bin/test_encoder
[156.589s] -- Symlinking: /home/chen/Desktop/dev_ws/install/ffmpeg_image_transport/share/ffmpeg_image_transport/environment/library_path.sh
[156.678s] -- Symlinking: /home/chen/Desktop/dev_ws/install/ffmpeg_image_transport/share/ffmpeg_image_transport/environment/library_path.dsv
[156.809s] -- Symlinking: /home/chen/Desktop/dev_ws/install/ffmpeg_image_transport/include/ffmpeg_image_transport/ffmpeg_decoder.hpp
[156.871s] -- Symlinking: /home/chen/Desktop/dev_ws/install/ffmpeg_image_transport/include/ffmpeg_image_transport/ffmpeg_encoder.hpp
[156.959s] -- Symlinking: /home/chen/Desktop/dev_ws/install/ffmpeg_image_transport/include/ffmpeg_image_transport/ffmpeg_publisher.hpp
[157.071s] -- Symlinking: /home/chen/Desktop/dev_ws/install/ffmpeg_image_transport/include/ffmpeg_image_transport/ffmpeg_subscriber.hpp
[157.141s] -- Symlinking: /home/chen/Desktop/dev_ws/install/ffmpeg_image_transport/include/ffmpeg_image_transport/safe_param.hpp
[157.255s] -- Symlinking: /home/chen/Desktop/dev_ws/install/ffmpeg_image_transport/include/ffmpeg_image_transport/tdiff.hpp
[157.357s] -- Symlinking: /home/chen/Desktop/dev_ws/install/ffmpeg_image_transport/include/ffmpeg_image_transport/types.hpp
[157.454s] -- Symlinking: /home/chen/Desktop/dev_ws/install/ffmpeg_image_transport/include/ffmpeg_image_transport/utils.hpp
[157.530s] -- Symlinking: /home/chen/Desktop/dev_ws/install/ffmpeg_image_transport/share/ffmpeg_image_transport//ffmpeg_plugins.xml
[157.616s] -- Symlinking: /home/chen/Desktop/dev_ws/install/ffmpeg_image_transport/share/ament_index/resource_index/package_run_dependencies/ffmpeg_image_transport
[157.691s] -- Symlinking: /home/chen/Desktop/dev_ws/install/ffmpeg_image_transport/share/ament_index/resource_index/parent_prefix_path/ffmpeg_image_transport
[157.768s] -- Symlinking: /home/chen/Desktop/dev_ws/install/ffmpeg_image_transport/share/ffmpeg_image_transport/environment/ament_prefix_path.sh
[157.846s] -- Symlinking: /home/chen/Desktop/dev_ws/install/ffmpeg_image_transport/share/ffmpeg_image_transport/environment/ament_prefix_path.dsv
[157.915s] -- Symlinking: /home/chen/Desktop/dev_ws/install/ffmpeg_image_transport/share/ffmpeg_image_transport/environment/path.sh
[157.979s] -- Symlinking: /home/chen/Desktop/dev_ws/install/ffmpeg_image_transport/share/ffmpeg_image_transport/environment/path.dsv
[158.049s] -- Symlinking: /home/chen/Desktop/dev_ws/install/ffmpeg_image_transport/share/ffmpeg_image_transport/local_setup.bash
[158.200s] -- Symlinking: /home/chen/Desktop/dev_ws/install/ffmpeg_image_transport/share/ffmpeg_image_transport/local_setup.sh
[158.262s] -- Symlinking: /home/chen/Desktop/dev_ws/install/ffmpeg_image_transport/share/ffmpeg_image_transport/local_setup.zsh
[158.392s] -- Symlinking: /home/chen/Desktop/dev_ws/install/ffmpeg_image_transport/share/ffmpeg_image_transport/local_setup.dsv
[158.460s] -- Symlinking: /home/chen/Desktop/dev_ws/install/ffmpeg_image_transport/share/ffmpeg_image_transport/package.dsv
[158.543s] -- Symlinking: /home/chen/Desktop/dev_ws/install/ffmpeg_image_transport/share/ament_index/resource_index/packages/ffmpeg_image_transport
[158.608s] -- Symlinking: /home/chen/Desktop/dev_ws/install/ffmpeg_image_transport/share/ament_index/resource_index/image_transport__pluginlib__plugin/ffmpeg_image_transport
[158.700s] -- Symlinking: /home/chen/Desktop/dev_ws/install/ffmpeg_image_transport/share/ffmpeg_image_transport/cmake/ffmpeg_image_transport-extras.cmake
[158.803s] -- Symlinking: /home/chen/Desktop/dev_ws/install/ffmpeg_image_transport/share/ffmpeg_image_transport/cmake/ament_cmake_export_dependencies-extras.cmake
[158.927s] -- Symlinking: /home/chen/Desktop/dev_ws/install/ffmpeg_image_transport/share/ffmpeg_image_transport/cmake/ament_cmake_export_include_directories-extras.cmake
[159.009s] -- Symlinking: /home/chen/Desktop/dev_ws/install/ffmpeg_image_transport/share/ffmpeg_image_transport/cmake/ament_cmake_export_libraries-extras.cmake
[159.091s] -- Symlinking: /home/chen/Desktop/dev_ws/install/ffmpeg_image_transport/share/ffmpeg_image_transport/cmake/ament_cmake_export_targets-extras.cmake
[159.193s] -- Symlinking: /home/chen/Desktop/dev_ws/install/ffmpeg_image_transport/share/ffmpeg_image_transport/cmake/ffmpeg_image_transportConfig.cmake
[159.306s] -- Symlinking: /home/chen/Desktop/dev_ws/install/ffmpeg_image_transport/share/ffmpeg_image_transport/cmake/ffmpeg_image_transportConfig-version.cmake
[159.364s] -- Symlinking: /home/chen/Desktop/dev_ws/install/ffmpeg_image_transport/share/ffmpeg_image_transport/package.xml
[159.421s] -- Installing: /home/chen/Desktop/dev_ws/install/ffmpeg_image_transport/lib/libffmpeg_image_transport_component.so
[159.797s] -- Set runtime path of "/home/chen/Desktop/dev_ws/install/ffmpeg_image_transport/lib/libffmpeg_image_transport_component.so" to ""
[159.797s] -- Installing: /home/chen/Desktop/dev_ws/install/ffmpeg_image_transport/share/ffmpeg_image_transport//launch
[159.801s] -- Installing: /home/chen/Desktop/dev_ws/install/ffmpeg_image_transport/share/ffmpeg_image_transport//launch/cam.launch.py
[159.810s] -- Installing: /home/chen/Desktop/dev_ws/install/ffmpeg_image_transport/share/ffmpeg_image_transport/cmake/export_ffmpeg_image_transport_componentExport.cmake
[159.814s] -- Installing: /home/chen/Desktop/dev_ws/install/ffmpeg_image_transport/share/ffmpeg_image_transport/cmake/export_ffmpeg_image_transport_componentExport-relwithdebinfo.cmake
[159.827s] Invoked command in '/home/chen/Desktop/dev_ws/build/ffmpeg_image_transport' returned '0': CMAKE_PREFIX_PATH=${CMAKE_PREFIX_PATH}:/home/chen/Desktop/dev_ws/install/video_stream_package:/home/chen/Desktop/dev_ws/install/my_robot_controller:/opt/ros/humble /usr/bin/cmake --install /home/chen/Desktop/dev_ws/build/ffmpeg_image_transport
