[2.121s] Invoking command in '/home/chen/Desktop/dev_ws/src/video_stream_package': PYTHONPATH=/home/chen/Desktop/dev_ws/build/video_stream_package/prefix_override:/home/chen/Desktop/dev_ws/install/video_stream_package/lib/python3.10/site-packages:${PYTHONPATH} /usr/bin/python3 -W ignore:setup.py install is deprecated setup.py egg_info --egg-base ../../build/video_stream_package build --build-base /home/chen/Desktop/dev_ws/build/video_stream_package/build install --record /home/chen/Desktop/dev_ws/build/video_stream_package/install.log --single-version-externally-managed install_data
[2.805s] running egg_info
[2.807s] writing ../../build/video_stream_package/video_stream_package.egg-info/PKG-INFO
[2.812s] writing dependency_links to ../../build/video_stream_package/video_stream_package.egg-info/dependency_links.txt
[2.814s] writing entry points to ../../build/video_stream_package/video_stream_package.egg-info/entry_points.txt
[2.814s] writing requirements to ../../build/video_stream_package/video_stream_package.egg-info/requires.txt
[2.814s] writing top-level names to ../../build/video_stream_package/video_stream_package.egg-info/top_level.txt
[2.817s] reading manifest file '../../build/video_stream_package/video_stream_package.egg-info/SOURCES.txt'
[2.821s] writing manifest file '../../build/video_stream_package/video_stream_package.egg-info/SOURCES.txt'
[2.824s] running build
[2.825s] running build_py
[2.828s] copying video_stream_package/video_stream_node.py -> /home/chen/Desktop/dev_ws/build/video_stream_package/build/lib/video_stream_package
[2.832s] running install
[2.834s] running install_lib
[2.837s] copying /home/chen/Desktop/dev_ws/build/video_stream_package/build/lib/video_stream_package/video_stream_node.py -> /home/chen/Desktop/dev_ws/install/video_stream_package/lib/python3.10/site-packages/video_stream_package
[2.848s] byte-compiling /home/chen/Desktop/dev_ws/install/video_stream_package/lib/python3.10/site-packages/video_stream_package/video_stream_node.py to video_stream_node.cpython-310.pyc
[2.852s] running install_data
[2.853s] running install_egg_info
[2.857s] removing '/home/chen/Desktop/dev_ws/install/video_stream_package/lib/python3.10/site-packages/video_stream_package-0.0.0-py3.10.egg-info' (and everything under it)
[2.877s] Copying ../../build/video_stream_package/video_stream_package.egg-info to /home/chen/Desktop/dev_ws/install/video_stream_package/lib/python3.10/site-packages/video_stream_package-0.0.0-py3.10.egg-info
[2.887s] running install_scripts
[2.953s] Installing video_stream_node script to /home/chen/Desktop/dev_ws/install/video_stream_package/lib/video_stream_package
[2.958s] writing list of installed files to '/home/chen/Desktop/dev_ws/build/video_stream_package/install.log'
[3.019s] Invoked command in '/home/chen/Desktop/dev_ws/src/video_stream_package' returned '0': PYTHONPATH=/home/chen/Desktop/dev_ws/build/video_stream_package/prefix_override:/home/chen/Desktop/dev_ws/install/video_stream_package/lib/python3.10/site-packages:${PYTHONPATH} /usr/bin/python3 -W ignore:setup.py install is deprecated setup.py egg_info --egg-base ../../build/video_stream_package build --build-base /home/chen/Desktop/dev_ws/build/video_stream_package/build install --record /home/chen/Desktop/dev_ws/build/video_stream_package/install.log --single-version-externally-managed install_data
