[0.381s] DEBUG:colcon:Command line arguments: ['/usr/bin/colcon', 'build']
[0.381s] DEBUG:colcon:Parsed command line arguments: Namespace(log_base=None, log_level=None, verb_name='build', build_base='build', install_base='install', merge_install=False, symlink_install=False, test_result_base=None, continue_on_error=False, executor='parallel', parallel_workers=2, event_handlers=None, ignore_user_meta=False, metas=['./colcon.meta'], base_paths=['.'], packages_ignore=None, packages_ignore_regex=None, paths=None, packages_up_to=None, packages_up_to_regex=None, packages_above=None, packages_above_and_dependencies=None, packages_above_depth=None, packages_select_by_dep=None, packages_skip_by_dep=None, packages_skip_up_to=None, packages_select_build_failed=False, packages_skip_build_finished=False, packages_select_test_failures=False, packages_skip_test_passed=False, packages_select=None, packages_skip=None, packages_select_regex=None, packages_skip_regex=None, packages_start=None, packages_end=None, allow_overriding=[], cmake_args=None, cmake_target=None, cmake_target_skip_unavailable=False, cmake_clean_cache=False, cmake_clean_first=False, cmake_force_configure=False, ament_cmake_args=None, catkin_cmake_args=None, catkin_skip_building_tests=False, verb_parser=<colcon_defaults.argument_parser.defaults.DefaultArgumentsDecorator object at 0x7b63d8838970>, verb_extension=<colcon_core.verb.build.BuildVerb object at 0x7b63d8838460>, main=<bound method BuildVerb.main of <colcon_core.verb.build.BuildVerb object at 0x7b63d8838460>>)
[1.184s] Level 1:colcon.colcon_core.package_discovery:discover_packages(colcon_meta) check parameters
[1.184s] Level 1:colcon.colcon_core.package_discovery:discover_packages(recursive) check parameters
[1.185s] Level 1:colcon.colcon_core.package_discovery:discover_packages(ignore) check parameters
[1.185s] Level 1:colcon.colcon_core.package_discovery:discover_packages(path) check parameters
[1.186s] Level 1:colcon.colcon_core.package_discovery:discover_packages(colcon_meta) discover
[1.186s] Level 1:colcon.colcon_core.package_discovery:discover_packages(recursive) discover
[1.187s] INFO:colcon.colcon_core.package_discovery:Crawling recursively for packages in '/home/chen/Desktop/dev_ws'
[1.187s] Level 1:colcon.colcon_core.package_identification:_identify(.) by extensions ['ignore', 'ignore_ament_install']
[1.188s] Level 1:colcon.colcon_core.package_identification:_identify(.) by extension 'ignore'
[1.189s] Level 1:colcon.colcon_core.package_identification:_identify(.) by extension 'ignore_ament_install'
[1.190s] Level 1:colcon.colcon_core.package_identification:_identify(.) by extensions ['colcon_pkg']
[1.190s] Level 1:colcon.colcon_core.package_identification:_identify(.) by extension 'colcon_pkg'
[1.190s] Level 1:colcon.colcon_core.package_identification:_identify(.) by extensions ['colcon_meta']
[1.191s] Level 1:colcon.colcon_core.package_identification:_identify(.) by extension 'colcon_meta'
[1.191s] Level 1:colcon.colcon_core.package_identification:_identify(.) by extensions ['ros']
[1.192s] Level 1:colcon.colcon_core.package_identification:_identify(.) by extension 'ros'
[1.216s] Level 1:colcon.colcon_core.package_identification:_identify(.) by extensions ['cmake', 'python']
[1.216s] Level 1:colcon.colcon_core.package_identification:_identify(.) by extension 'cmake'
[1.217s] Level 1:colcon.colcon_core.package_identification:_identify(.) by extension 'python'
[1.217s] Level 1:colcon.colcon_core.package_identification:_identify(.) by extensions ['python_setup_py']
[1.218s] Level 1:colcon.colcon_core.package_identification:_identify(.) by extension 'python_setup_py'
[1.219s] Level 1:colcon.colcon_core.package_identification:_identify(build) by extensions ['ignore', 'ignore_ament_install']
[1.219s] Level 1:colcon.colcon_core.package_identification:_identify(build) by extension 'ignore'
[1.220s] Level 1:colcon.colcon_core.package_identification:_identify(build) ignored
[1.220s] Level 1:colcon.colcon_core.package_identification:_identify(data) by extensions ['ignore', 'ignore_ament_install']
[1.221s] Level 1:colcon.colcon_core.package_identification:_identify(data) by extension 'ignore'
[1.221s] Level 1:colcon.colcon_core.package_identification:_identify(data) by extension 'ignore_ament_install'
[1.222s] Level 1:colcon.colcon_core.package_identification:_identify(data) by extensions ['colcon_pkg']
[1.222s] Level 1:colcon.colcon_core.package_identification:_identify(data) by extension 'colcon_pkg'
[1.223s] Level 1:colcon.colcon_core.package_identification:_identify(data) by extensions ['colcon_meta']
[1.223s] Level 1:colcon.colcon_core.package_identification:_identify(data) by extension 'colcon_meta'
[1.224s] Level 1:colcon.colcon_core.package_identification:_identify(data) by extensions ['ros']
[1.224s] Level 1:colcon.colcon_core.package_identification:_identify(data) by extension 'ros'
[1.225s] Level 1:colcon.colcon_core.package_identification:_identify(data) by extensions ['cmake', 'python']
[1.225s] Level 1:colcon.colcon_core.package_identification:_identify(data) by extension 'cmake'
[1.226s] Level 1:colcon.colcon_core.package_identification:_identify(data) by extension 'python'
[1.226s] Level 1:colcon.colcon_core.package_identification:_identify(data) by extensions ['python_setup_py']
[1.227s] Level 1:colcon.colcon_core.package_identification:_identify(data) by extension 'python_setup_py'
[1.227s] Level 1:colcon.colcon_core.package_identification:_identify(install) by extensions ['ignore', 'ignore_ament_install']
[1.228s] Level 1:colcon.colcon_core.package_identification:_identify(install) by extension 'ignore'
[1.228s] Level 1:colcon.colcon_core.package_identification:_identify(install) ignored
[1.229s] Level 1:colcon.colcon_core.package_identification:_identify(log) by extensions ['ignore', 'ignore_ament_install']
[1.229s] Level 1:colcon.colcon_core.package_identification:_identify(log) by extension 'ignore'
[1.229s] Level 1:colcon.colcon_core.package_identification:_identify(log) ignored
[1.229s] Level 1:colcon.colcon_core.package_identification:_identify(src) by extensions ['ignore', 'ignore_ament_install']
[1.230s] Level 1:colcon.colcon_core.package_identification:_identify(src) by extension 'ignore'
[1.230s] Level 1:colcon.colcon_core.package_identification:_identify(src) by extension 'ignore_ament_install'
[1.230s] Level 1:colcon.colcon_core.package_identification:_identify(src) by extensions ['colcon_pkg']
[1.230s] Level 1:colcon.colcon_core.package_identification:_identify(src) by extension 'colcon_pkg'
[1.230s] Level 1:colcon.colcon_core.package_identification:_identify(src) by extensions ['colcon_meta']
[1.230s] Level 1:colcon.colcon_core.package_identification:_identify(src) by extension 'colcon_meta'
[1.231s] Level 1:colcon.colcon_core.package_identification:_identify(src) by extensions ['ros']
[1.231s] Level 1:colcon.colcon_core.package_identification:_identify(src) by extension 'ros'
[1.231s] Level 1:colcon.colcon_core.package_identification:_identify(src) by extensions ['cmake', 'python']
[1.231s] Level 1:colcon.colcon_core.package_identification:_identify(src) by extension 'cmake'
[1.231s] Level 1:colcon.colcon_core.package_identification:_identify(src) by extension 'python'
[1.232s] Level 1:colcon.colcon_core.package_identification:_identify(src) by extensions ['python_setup_py']
[1.232s] Level 1:colcon.colcon_core.package_identification:_identify(src) by extension 'python_setup_py'
[1.232s] Level 1:colcon.colcon_core.package_identification:_identify(src/my_robot_controller) by extensions ['ignore', 'ignore_ament_install']
[1.232s] Level 1:colcon.colcon_core.package_identification:_identify(src/my_robot_controller) by extension 'ignore'
[1.233s] Level 1:colcon.colcon_core.package_identification:_identify(src/my_robot_controller) by extension 'ignore_ament_install'
[1.233s] Level 1:colcon.colcon_core.package_identification:_identify(src/my_robot_controller) by extensions ['colcon_pkg']
[1.233s] Level 1:colcon.colcon_core.package_identification:_identify(src/my_robot_controller) by extension 'colcon_pkg'
[1.233s] Level 1:colcon.colcon_core.package_identification:_identify(src/my_robot_controller) by extensions ['colcon_meta']
[1.233s] Level 1:colcon.colcon_core.package_identification:_identify(src/my_robot_controller) by extension 'colcon_meta'
[1.233s] Level 1:colcon.colcon_core.package_identification:_identify(src/my_robot_controller) by extensions ['ros']
[1.234s] Level 1:colcon.colcon_core.package_identification:_identify(src/my_robot_controller) by extension 'ros'
[1.237s] DEBUG:colcon.colcon_core.package_identification:Package 'src/my_robot_controller' with type 'ros.ament_python' and name 'my_robot_controller'
[1.238s] Level 1:colcon.colcon_core.package_identification:_identify(src/video_stream_client) by extensions ['ignore', 'ignore_ament_install']
[1.238s] Level 1:colcon.colcon_core.package_identification:_identify(src/video_stream_client) by extension 'ignore'
[1.238s] Level 1:colcon.colcon_core.package_identification:_identify(src/video_stream_client) by extension 'ignore_ament_install'
[1.239s] Level 1:colcon.colcon_core.package_identification:_identify(src/video_stream_client) by extensions ['colcon_pkg']
[1.239s] Level 1:colcon.colcon_core.package_identification:_identify(src/video_stream_client) by extension 'colcon_pkg'
[1.239s] Level 1:colcon.colcon_core.package_identification:_identify(src/video_stream_client) by extensions ['colcon_meta']
[1.239s] Level 1:colcon.colcon_core.package_identification:_identify(src/video_stream_client) by extension 'colcon_meta'
[1.239s] Level 1:colcon.colcon_core.package_identification:_identify(src/video_stream_client) by extensions ['ros']
[1.239s] Level 1:colcon.colcon_core.package_identification:_identify(src/video_stream_client) by extension 'ros'
[1.241s] DEBUG:colcon.colcon_core.package_identification:Package 'src/video_stream_client' with type 'ros.ament_python' and name 'video_stream_client'
[1.241s] Level 1:colcon.colcon_core.package_discovery:discover_packages(recursive) using defaults
[1.241s] Level 1:colcon.colcon_core.package_discovery:discover_packages(ignore) discover
[1.241s] Level 1:colcon.colcon_core.package_discovery:discover_packages(ignore) using defaults
[1.241s] Level 1:colcon.colcon_core.package_discovery:discover_packages(path) discover
[1.241s] Level 1:colcon.colcon_core.package_discovery:discover_packages(path) using defaults
[1.321s] Level 1:colcon.colcon_core.package_discovery:discover_packages(prefix_path) check parameters
[1.321s] Level 1:colcon.colcon_core.package_discovery:discover_packages(prefix_path) discover
[1.346s] DEBUG:colcon.colcon_installed_package_information.package_discovery:Found 5 installed packages in /home/chen/Desktop/dev_ws/install
[1.355s] DEBUG:colcon.colcon_installed_package_information.package_discovery:Found 270 installed packages in /opt/ros/humble
[1.358s] Level 1:colcon.colcon_core.package_discovery:discover_packages(prefix_path) using defaults
[1.557s] Level 5:colcon.colcon_core.verb:set package 'my_robot_controller' build argument 'cmake_args' from command line to 'None'
[1.557s] Level 5:colcon.colcon_core.verb:set package 'my_robot_controller' build argument 'cmake_target' from command line to 'None'
[1.558s] Level 5:colcon.colcon_core.verb:set package 'my_robot_controller' build argument 'cmake_target_skip_unavailable' from command line to 'False'
[1.558s] Level 5:colcon.colcon_core.verb:set package 'my_robot_controller' build argument 'cmake_clean_cache' from command line to 'False'
[1.559s] Level 5:colcon.colcon_core.verb:set package 'my_robot_controller' build argument 'cmake_clean_first' from command line to 'False'
[1.559s] Level 5:colcon.colcon_core.verb:set package 'my_robot_controller' build argument 'cmake_force_configure' from command line to 'False'
[1.559s] Level 5:colcon.colcon_core.verb:set package 'my_robot_controller' build argument 'ament_cmake_args' from command line to 'None'
[1.560s] Level 5:colcon.colcon_core.verb:set package 'my_robot_controller' build argument 'catkin_cmake_args' from command line to 'None'
[1.561s] Level 5:colcon.colcon_core.verb:set package 'my_robot_controller' build argument 'catkin_skip_building_tests' from command line to 'False'
[1.561s] DEBUG:colcon.colcon_core.verb:Building package 'my_robot_controller' with the following arguments: {'ament_cmake_args': None, 'build_base': '/home/chen/Desktop/dev_ws/build/my_robot_controller', 'catkin_cmake_args': None, 'catkin_skip_building_tests': False, 'cmake_args': None, 'cmake_clean_cache': False, 'cmake_clean_first': False, 'cmake_force_configure': False, 'cmake_target': None, 'cmake_target_skip_unavailable': False, 'install_base': '/home/chen/Desktop/dev_ws/install/my_robot_controller', 'merge_install': False, 'path': '/home/chen/Desktop/dev_ws/src/my_robot_controller', 'symlink_install': False, 'test_result_base': None}
[1.562s] Level 5:colcon.colcon_core.verb:set package 'video_stream_client' build argument 'cmake_args' from command line to 'None'
[1.563s] Level 5:colcon.colcon_core.verb:set package 'video_stream_client' build argument 'cmake_target' from command line to 'None'
[1.563s] Level 5:colcon.colcon_core.verb:set package 'video_stream_client' build argument 'cmake_target_skip_unavailable' from command line to 'False'
[1.563s] Level 5:colcon.colcon_core.verb:set package 'video_stream_client' build argument 'cmake_clean_cache' from command line to 'False'
[1.564s] Level 5:colcon.colcon_core.verb:set package 'video_stream_client' build argument 'cmake_clean_first' from command line to 'False'
[1.565s] Level 5:colcon.colcon_core.verb:set package 'video_stream_client' build argument 'cmake_force_configure' from command line to 'False'
[1.565s] Level 5:colcon.colcon_core.verb:set package 'video_stream_client' build argument 'ament_cmake_args' from command line to 'None'
[1.565s] Level 5:colcon.colcon_core.verb:set package 'video_stream_client' build argument 'catkin_cmake_args' from command line to 'None'
[1.566s] Level 5:colcon.colcon_core.verb:set package 'video_stream_client' build argument 'catkin_skip_building_tests' from command line to 'False'
[1.566s] DEBUG:colcon.colcon_core.verb:Building package 'video_stream_client' with the following arguments: {'ament_cmake_args': None, 'build_base': '/home/chen/Desktop/dev_ws/build/video_stream_client', 'catkin_cmake_args': None, 'catkin_skip_building_tests': False, 'cmake_args': None, 'cmake_clean_cache': False, 'cmake_clean_first': False, 'cmake_force_configure': False, 'cmake_target': None, 'cmake_target_skip_unavailable': False, 'install_base': '/home/chen/Desktop/dev_ws/install/video_stream_client', 'merge_install': False, 'path': '/home/chen/Desktop/dev_ws/src/video_stream_client', 'symlink_install': False, 'test_result_base': None}
[1.567s] INFO:colcon.colcon_core.executor:Executing jobs using 'parallel' executor
[1.570s] DEBUG:colcon.colcon_parallel_executor.executor.parallel:run_until_complete
[1.571s] INFO:colcon.colcon_ros.task.ament_python.build:Building ROS package in '/home/chen/Desktop/dev_ws/src/my_robot_controller' with build type 'ament_python'
[1.573s] Level 1:colcon.colcon_core.shell:create_environment_hook('my_robot_controller', 'ament_prefix_path')
[1.589s] INFO:colcon.colcon_core.plugin_system:Skipping extension 'colcon_core.shell.bat': Not used on non-Windows systems
[1.591s] INFO:colcon.colcon_core.shell:Creating environment hook '/home/chen/Desktop/dev_ws/install/my_robot_controller/share/my_robot_controller/hook/ament_prefix_path.ps1'
[1.595s] INFO:colcon.colcon_core.shell:Creating environment descriptor '/home/chen/Desktop/dev_ws/install/my_robot_controller/share/my_robot_controller/hook/ament_prefix_path.dsv'
[1.598s] INFO:colcon.colcon_core.shell:Creating environment hook '/home/chen/Desktop/dev_ws/install/my_robot_controller/share/my_robot_controller/hook/ament_prefix_path.sh'
[1.603s] INFO:colcon.colcon_core.shell:Skip shell extension 'powershell' for command environment: Not usable outside of PowerShell
[1.604s] DEBUG:colcon.colcon_core.shell:Skip shell extension 'dsv' for command environment
[1.621s] INFO:colcon.colcon_ros.task.ament_python.build:Building ROS package in '/home/chen/Desktop/dev_ws/src/video_stream_client' with build type 'ament_python'
[1.622s] Level 1:colcon.colcon_core.shell:create_environment_hook('video_stream_client', 'ament_prefix_path')
[1.623s] INFO:colcon.colcon_core.shell:Creating environment hook '/home/chen/Desktop/dev_ws/install/video_stream_client/share/video_stream_client/hook/ament_prefix_path.ps1'
[1.626s] INFO:colcon.colcon_core.shell:Creating environment descriptor '/home/chen/Desktop/dev_ws/install/video_stream_client/share/video_stream_client/hook/ament_prefix_path.dsv'
[1.629s] INFO:colcon.colcon_core.shell:Creating environment hook '/home/chen/Desktop/dev_ws/install/video_stream_client/share/video_stream_client/hook/ament_prefix_path.sh'
[1.639s] INFO:colcon.colcon_core.shell:Skip shell extension 'powershell' for command environment: Not usable outside of PowerShell
[1.639s] DEBUG:colcon.colcon_core.shell:Skip shell extension 'dsv' for command environment
[3.061s] INFO:colcon.colcon_core.task.python.build:Building Python package in '/home/chen/Desktop/dev_ws/src/my_robot_controller'
[3.062s] INFO:colcon.colcon_core.shell:Skip shell extension 'powershell' for command environment: Not usable outside of PowerShell
[3.063s] DEBUG:colcon.colcon_core.shell:Skip shell extension 'dsv' for command environment
[4.040s] INFO:colcon.colcon_core.task.python.build:Building Python package in '/home/chen/Desktop/dev_ws/src/video_stream_client'
[4.040s] INFO:colcon.colcon_core.shell:Skip shell extension 'powershell' for command environment: Not usable outside of PowerShell
[4.041s] DEBUG:colcon.colcon_core.shell:Skip shell extension 'dsv' for command environment
[6.023s] DEBUG:colcon.colcon_core.event_handler.log_command:Invoking command in '/home/chen/Desktop/dev_ws/src/video_stream_client': PYTHONPATH=/home/chen/Desktop/dev_ws/build/video_stream_client/prefix_override:/home/chen/Desktop/dev_ws/install/video_stream_client/lib/python3.10/site-packages:${PYTHONPATH} /usr/bin/python3 -W ignore:setup.py install is deprecated setup.py egg_info --egg-base ../../build/video_stream_client build --build-base /home/chen/Desktop/dev_ws/build/video_stream_client/build install --record /home/chen/Desktop/dev_ws/build/video_stream_client/install.log --single-version-externally-managed install_data
[6.111s] DEBUG:colcon.colcon_core.event_handler.log_command:Invoking command in '/home/chen/Desktop/dev_ws/src/my_robot_controller': PYTHONPATH=/home/chen/Desktop/dev_ws/build/my_robot_controller/prefix_override:/home/chen/Desktop/dev_ws/install/my_robot_controller/lib/python3.10/site-packages:${PYTHONPATH} /usr/bin/python3 -W ignore:setup.py install is deprecated setup.py egg_info --egg-base ../../build/my_robot_controller build --build-base /home/chen/Desktop/dev_ws/build/my_robot_controller/build install --record /home/chen/Desktop/dev_ws/build/my_robot_controller/install.log --single-version-externally-managed install_data
[7.616s] DEBUG:colcon.colcon_core.event_handler.log_command:Invoked command in '/home/chen/Desktop/dev_ws/src/video_stream_client' returned '0': PYTHONPATH=/home/chen/Desktop/dev_ws/build/video_stream_client/prefix_override:/home/chen/Desktop/dev_ws/install/video_stream_client/lib/python3.10/site-packages:${PYTHONPATH} /usr/bin/python3 -W ignore:setup.py install is deprecated setup.py egg_info --egg-base ../../build/video_stream_client build --build-base /home/chen/Desktop/dev_ws/build/video_stream_client/build install --record /home/chen/Desktop/dev_ws/build/video_stream_client/install.log --single-version-externally-managed install_data
[7.652s] Level 1:colcon.colcon_core.environment:checking '/home/chen/Desktop/dev_ws/install/video_stream_client' for CMake module files
[7.653s] Level 1:colcon.colcon_core.environment:checking '/home/chen/Desktop/dev_ws/install/video_stream_client' for CMake config files
[7.655s] Level 1:colcon.colcon_core.environment:checking '/home/chen/Desktop/dev_ws/install/video_stream_client/lib'
[7.668s] Level 1:colcon.colcon_core.environment:checking '/home/chen/Desktop/dev_ws/install/video_stream_client/bin'
[7.668s] Level 1:colcon.colcon_core.environment:checking '/home/chen/Desktop/dev_ws/install/video_stream_client/lib/pkgconfig/video_stream_client.pc'
[7.669s] Level 1:colcon.colcon_core.environment:checking '/home/chen/Desktop/dev_ws/install/video_stream_client/lib/python3.10/site-packages'
[7.670s] Level 1:colcon.colcon_core.shell:create_environment_hook('video_stream_client', 'pythonpath')
[7.670s] INFO:colcon.colcon_core.shell:Creating environment hook '/home/chen/Desktop/dev_ws/install/video_stream_client/share/video_stream_client/hook/pythonpath.ps1'
[7.671s] INFO:colcon.colcon_core.shell:Creating environment descriptor '/home/chen/Desktop/dev_ws/install/video_stream_client/share/video_stream_client/hook/pythonpath.dsv'
[7.681s] INFO:colcon.colcon_core.shell:Creating environment hook '/home/chen/Desktop/dev_ws/install/video_stream_client/share/video_stream_client/hook/pythonpath.sh'
[7.682s] Level 1:colcon.colcon_core.environment:checking '/home/chen/Desktop/dev_ws/install/video_stream_client/bin'
[7.683s] Level 1:colcon.colcon_core.environment:create_environment_scripts_only(video_stream_client)
[7.683s] INFO:colcon.colcon_core.shell:Creating package script '/home/chen/Desktop/dev_ws/install/video_stream_client/share/video_stream_client/package.ps1'
[7.694s] INFO:colcon.colcon_core.shell:Creating package descriptor '/home/chen/Desktop/dev_ws/install/video_stream_client/share/video_stream_client/package.dsv'
[7.697s] INFO:colcon.colcon_core.shell:Creating package script '/home/chen/Desktop/dev_ws/install/video_stream_client/share/video_stream_client/package.sh'
[7.707s] INFO:colcon.colcon_core.shell:Creating package script '/home/chen/Desktop/dev_ws/install/video_stream_client/share/video_stream_client/package.bash'
[7.713s] INFO:colcon.colcon_core.shell:Creating package script '/home/chen/Desktop/dev_ws/install/video_stream_client/share/video_stream_client/package.zsh'
[7.731s] Level 1:colcon.colcon_core.environment:create_file_with_runtime_dependencies(/home/chen/Desktop/dev_ws/install/video_stream_client/share/colcon-core/packages/video_stream_client)
[7.777s] Level 1:colcon.colcon_core.environment:checking '/home/chen/Desktop/dev_ws/install/my_robot_controller' for CMake module files
[7.783s] Level 1:colcon.colcon_core.environment:checking '/home/chen/Desktop/dev_ws/install/my_robot_controller' for CMake config files
[7.780s] DEBUG:colcon.colcon_core.event_handler.log_command:Invoked command in '/home/chen/Desktop/dev_ws/src/my_robot_controller' returned '0': PYTHONPATH=/home/chen/Desktop/dev_ws/build/my_robot_controller/prefix_override:/home/chen/Desktop/dev_ws/install/my_robot_controller/lib/python3.10/site-packages:${PYTHONPATH} /usr/bin/python3 -W ignore:setup.py install is deprecated setup.py egg_info --egg-base ../../build/my_robot_controller build --build-base /home/chen/Desktop/dev_ws/build/my_robot_controller/build install --record /home/chen/Desktop/dev_ws/build/my_robot_controller/install.log --single-version-externally-managed install_data
[7.799s] Level 1:colcon.colcon_core.environment:checking '/home/chen/Desktop/dev_ws/install/my_robot_controller/lib'
[7.799s] Level 1:colcon.colcon_core.environment:checking '/home/chen/Desktop/dev_ws/install/my_robot_controller/bin'
[7.800s] Level 1:colcon.colcon_core.environment:checking '/home/chen/Desktop/dev_ws/install/my_robot_controller/lib/pkgconfig/my_robot_controller.pc'
[7.800s] Level 1:colcon.colcon_core.environment:checking '/home/chen/Desktop/dev_ws/install/my_robot_controller/lib/python3.10/site-packages'
[7.801s] Level 1:colcon.colcon_core.shell:create_environment_hook('my_robot_controller', 'pythonpath')
[7.801s] INFO:colcon.colcon_core.shell:Creating environment hook '/home/chen/Desktop/dev_ws/install/my_robot_controller/share/my_robot_controller/hook/pythonpath.ps1'
[7.802s] INFO:colcon.colcon_core.shell:Creating environment descriptor '/home/chen/Desktop/dev_ws/install/my_robot_controller/share/my_robot_controller/hook/pythonpath.dsv'
[7.804s] INFO:colcon.colcon_core.shell:Creating environment hook '/home/chen/Desktop/dev_ws/install/my_robot_controller/share/my_robot_controller/hook/pythonpath.sh'
[7.814s] Level 1:colcon.colcon_core.environment:checking '/home/chen/Desktop/dev_ws/install/my_robot_controller/bin'
[7.814s] Level 1:colcon.colcon_core.environment:create_environment_scripts_only(my_robot_controller)
[7.815s] INFO:colcon.colcon_core.shell:Creating package script '/home/chen/Desktop/dev_ws/install/my_robot_controller/share/my_robot_controller/package.ps1'
[7.816s] INFO:colcon.colcon_core.shell:Creating package descriptor '/home/chen/Desktop/dev_ws/install/my_robot_controller/share/my_robot_controller/package.dsv'
[7.818s] INFO:colcon.colcon_core.shell:Creating package script '/home/chen/Desktop/dev_ws/install/my_robot_controller/share/my_robot_controller/package.sh'
[7.819s] INFO:colcon.colcon_core.shell:Creating package script '/home/chen/Desktop/dev_ws/install/my_robot_controller/share/my_robot_controller/package.bash'
[7.820s] INFO:colcon.colcon_core.shell:Creating package script '/home/chen/Desktop/dev_ws/install/my_robot_controller/share/my_robot_controller/package.zsh'
[7.821s] Level 1:colcon.colcon_core.environment:create_file_with_runtime_dependencies(/home/chen/Desktop/dev_ws/install/my_robot_controller/share/colcon-core/packages/my_robot_controller)
[7.825s] DEBUG:colcon.colcon_parallel_executor.executor.parallel:closing loop
[7.826s] DEBUG:colcon.colcon_parallel_executor.executor.parallel:loop closed
[7.827s] DEBUG:colcon.colcon_parallel_executor.executor.parallel:run_until_complete finished with '0'
[7.827s] DEBUG:colcon.colcon_core.event_reactor:joining thread
[7.865s] INFO:colcon.colcon_core.plugin_system:Skipping extension 'colcon_notification.desktop_notification.terminal_notifier': Not used on non-Darwin systems
[7.865s] INFO:colcon.colcon_core.plugin_system:Skipping extension 'colcon_notification.desktop_notification.win32': Not used on non-Windows systems
[7.865s] INFO:colcon.colcon_notification.desktop_notification:Sending desktop notification using 'notify2'
[8.021s] DEBUG:colcon.colcon_core.event_reactor:joined thread
[8.021s] INFO:colcon.colcon_core.shell:Creating prefix script '/home/chen/Desktop/dev_ws/install/local_setup.ps1'
[8.023s] INFO:colcon.colcon_core.shell:Creating prefix util module '/home/chen/Desktop/dev_ws/install/_local_setup_util_ps1.py'
[8.028s] INFO:colcon.colcon_core.shell:Creating prefix chain script '/home/chen/Desktop/dev_ws/install/setup.ps1'
[8.038s] INFO:colcon.colcon_core.shell:Creating prefix script '/home/chen/Desktop/dev_ws/install/local_setup.sh'
[8.041s] INFO:colcon.colcon_core.shell:Creating prefix util module '/home/chen/Desktop/dev_ws/install/_local_setup_util_sh.py'
[8.043s] INFO:colcon.colcon_core.shell:Creating prefix chain script '/home/chen/Desktop/dev_ws/install/setup.sh'
[8.049s] INFO:colcon.colcon_core.shell:Creating prefix script '/home/chen/Desktop/dev_ws/install/local_setup.bash'
[8.054s] INFO:colcon.colcon_core.shell:Creating prefix chain script '/home/chen/Desktop/dev_ws/install/setup.bash'
[8.059s] INFO:colcon.colcon_core.shell:Creating prefix script '/home/chen/Desktop/dev_ws/install/local_setup.zsh'
[8.062s] INFO:colcon.colcon_core.shell:Creating prefix chain script '/home/chen/Desktop/dev_ws/install/setup.zsh'
